mode: set
github.com/zerodha/kite-mcp-server/kc/alerts/briefing.go:33.104,37.2 3 1
github.com/zerodha/kite-mcp-server/kc/alerts/briefing.go:39.105,43.2 3 1
github.com/zerodha/kite-mcp-server/kc/alerts/briefing.go:45.108,49.2 3 1
github.com/zerodha/kite-mcp-server/kc/alerts/briefing.go:51.121,55.2 3 1
github.com/zerodha/kite-mcp-server/kc/alerts/briefing.go:93.20,94.21 1 1
github.com/zerodha/kite-mcp-server/kc/alerts/briefing.go:94.21,96.3 1 1
github.com/zerodha/kite-mcp-server/kc/alerts/briefing.go:97.2,103.3 1 1
github.com/zerodha/kite-mcp-server/kc/alerts/briefing.go:107.67,108.14 1 1
github.com/zerodha/kite-mcp-server/kc/alerts/briefing.go:108.14,110.3 1 1
github.com/zerodha/kite-mcp-server/kc/alerts/briefing.go:114.55,115.29 1 1
github.com/zerodha/kite-mcp-server/kc/alerts/briefing.go:115.29,117.3 1 1
github.com/zerodha/kite-mcp-server/kc/alerts/briefing.go:118.2,118.33 1 1
github.com/zerodha/kite-mcp-server/kc/alerts/briefing.go:122.50,123.14 1 1
github.com/zerodha/kite-mcp-server/kc/alerts/briefing.go:123.14,125.3 1 1
github.com/zerodha/kite-mcp-server/kc/alerts/briefing.go:127.2,128.23 2 1
github.com/zerodha/kite-mcp-server/kc/alerts/briefing.go:128.23,131.3 2 1
github.com/zerodha/kite-mcp-server/kc/alerts/briefing.go:133.2,136.37 3 1
github.com/zerodha/kite-mcp-server/kc/alerts/briefing.go:136.37,138.65 2 1
github.com/zerodha/kite-mcp-server/kc/alerts/briefing.go:138.65,141.4 1 1
github.com/zerodha/kite-mcp-server/kc/alerts/briefing.go:141.9,143.4 1 1
github.com/zerodha/kite-mcp-server/kc/alerts/briefing.go:148.93,157.28 6 1
github.com/zerodha/kite-mcp-server/kc/alerts/briefing.go:157.28,159.3 1 1
github.com/zerodha/kite-mcp-server/kc/alerts/briefing.go:159.8,159.21 1 1
github.com/zerodha/kite-mcp-server/kc/alerts/briefing.go:159.21,161.3 1 1
github.com/zerodha/kite-mcp-server/kc/alerts/briefing.go:164.2,171.47 7 1
github.com/zerodha/kite-mcp-server/kc/alerts/briefing.go:171.47,173.19 2 1
github.com/zerodha/kite-mcp-server/kc/alerts/briefing.go:173.19,178.39 3 1
github.com/zerodha/kite-mcp-server/kc/alerts/briefing.go:178.39,180.32 2 1
github.com/zerodha/kite-mcp-server/kc/alerts/briefing.go:180.32,182.6 1 1
github.com/zerodha/kite-mcp-server/kc/alerts/briefing.go:183.5,185.28 3 1
github.com/zerodha/kite-mcp-server/kc/alerts/briefing.go:189.4,190.18 2 1
github.com/zerodha/kite-mcp-server/kc/alerts/briefing.go:190.18,193.5 2 1
github.com/zerodha/kite-mcp-server/kc/alerts/briefing.go:196.4,197.18 2 1
github.com/zerodha/kite-mcp-server/kc/alerts/briefing.go:197.18,198.49 1 1
github.com/zerodha/kite-mcp-server/kc/alerts/briefing.go:198.49,201.6 2 1
github.com/zerodha/kite-mcp-server/kc/alerts/briefing.go:202.5,202.55 1 1
github.com/zerodha/kite-mcp-server/kc/alerts/briefing.go:202.55,205.6 2 1
github.com/zerodha/kite-mcp-server/kc/alerts/briefing.go:210.2,210.36 1 1
github.com/zerodha/kite-mcp-server/kc/alerts/briefing.go:231.61,236.29 3 1
github.com/zerodha/kite-mcp-server/kc/alerts/briefing.go:236.29,238.36 2 1
github.com/zerodha/kite-mcp-server/kc/alerts/briefing.go:238.36,244.4 1 1
github.com/zerodha/kite-mcp-server/kc/alerts/briefing.go:245.8,247.3 1 1
github.com/zerodha/kite-mcp-server/kc/alerts/briefing.go:248.2,251.26 2 1
github.com/zerodha/kite-mcp-server/kc/alerts/briefing.go:252.15,253.49 1 1
github.com/zerodha/kite-mcp-server/kc/alerts/briefing.go:254.17,255.78 1 1
github.com/zerodha/kite-mcp-server/kc/alerts/briefing.go:256.10,257.60 1 1
github.com/zerodha/kite-mcp-server/kc/alerts/briefing.go:261.2,261.22 1 1
github.com/zerodha/kite-mcp-server/kc/alerts/briefing.go:261.22,263.3 1 1
github.com/zerodha/kite-mcp-server/kc/alerts/briefing.go:264.2,264.20 1 1
github.com/zerodha/kite-mcp-server/kc/alerts/briefing.go:264.20,266.3 1 1
github.com/zerodha/kite-mcp-server/kc/alerts/briefing.go:267.2,267.40 1 1
github.com/zerodha/kite-mcp-server/kc/alerts/briefing.go:267.40,269.20 2 1
github.com/zerodha/kite-mcp-server/kc/alerts/briefing.go:269.20,271.4 1 1
github.com/zerodha/kite-mcp-server/kc/alerts/briefing.go:272.3,272.24 1 1
github.com/zerodha/kite-mcp-server/kc/alerts/briefing.go:272.24,274.4 1 1
github.com/zerodha/kite-mcp-server/kc/alerts/briefing.go:276.2,281.28 4 1
github.com/zerodha/kite-mcp-server/kc/alerts/briefing.go:281.28,283.23 2 1
github.com/zerodha/kite-mcp-server/kc/alerts/briefing.go:283.23,285.4 1 1
github.com/zerodha/kite-mcp-server/kc/alerts/briefing.go:285.9,287.4 1 1
github.com/zerodha/kite-mcp-server/kc/alerts/briefing.go:288.8,290.3 1 1
github.com/zerodha/kite-mcp-server/kc/alerts/briefing.go:292.2,292.20 1 1
github.com/zerodha/kite-mcp-server/kc/alerts/briefing.go:296.48,297.14 1 1
github.com/zerodha/kite-mcp-server/kc/alerts/briefing.go:297.14,299.3 1 1
github.com/zerodha/kite-mcp-server/kc/alerts/briefing.go:301.2,302.23 2 1
github.com/zerodha/kite-mcp-server/kc/alerts/briefing.go:302.23,305.3 2 1
github.com/zerodha/kite-mcp-server/kc/alerts/briefing.go:307.2,310.37 3 1
github.com/zerodha/kite-mcp-server/kc/alerts/briefing.go:310.37,313.48 2 1
github.com/zerodha/kite-mcp-server/kc/alerts/briefing.go:313.48,315.12 2 1
github.com/zerodha/kite-mcp-server/kc/alerts/briefing.go:318.3,319.19 2 1
github.com/zerodha/kite-mcp-server/kc/alerts/briefing.go:319.19,321.12 2 1
github.com/zerodha/kite-mcp-server/kc/alerts/briefing.go:324.3,325.65 2 1
github.com/zerodha/kite-mcp-server/kc/alerts/briefing.go:325.65,328.4 1 1
github.com/zerodha/kite-mcp-server/kc/alerts/briefing.go:328.9,330.4 1 1
github.com/zerodha/kite-mcp-server/kc/alerts/briefing.go:335.96,342.16 5 1
github.com/zerodha/kite-mcp-server/kc/alerts/briefing.go:342.16,345.3 2 1
github.com/zerodha/kite-mcp-server/kc/alerts/briefing.go:345.8,347.30 2 1
github.com/zerodha/kite-mcp-server/kc/alerts/briefing.go:347.30,349.34 2 1
github.com/zerodha/kite-mcp-server/kc/alerts/briefing.go:349.34,351.5 1 1
github.com/zerodha/kite-mcp-server/kc/alerts/briefing.go:355.2,356.16 2 1
github.com/zerodha/kite-mcp-server/kc/alerts/briefing.go:356.16,359.3 2 1
github.com/zerodha/kite-mcp-server/kc/alerts/briefing.go:359.8,361.35 2 1
github.com/zerodha/kite-mcp-server/kc/alerts/briefing.go:361.35,363.4 1 1
github.com/zerodha/kite-mcp-server/kc/alerts/briefing.go:366.2,366.33 1 1
github.com/zerodha/kite-mcp-server/kc/alerts/briefing.go:382.55,386.22 3 1
github.com/zerodha/kite-mcp-server/kc/alerts/briefing.go:386.22,388.3 1 1
github.com/zerodha/kite-mcp-server/kc/alerts/briefing.go:388.8,391.3 1 1
github.com/zerodha/kite-mcp-server/kc/alerts/briefing.go:393.2,393.23 1 1
github.com/zerodha/kite-mcp-server/kc/alerts/briefing.go:393.23,395.3 1 1
github.com/zerodha/kite-mcp-server/kc/alerts/briefing.go:395.8,398.3 1 1
github.com/zerodha/kite-mcp-server/kc/alerts/briefing.go:400.2,404.27 3 1
github.com/zerodha/kite-mcp-server/kc/alerts/briefing.go:404.27,405.48 1 1
github.com/zerodha/kite-mcp-server/kc/alerts/briefing.go:405.48,405.108 1 1
github.com/zerodha/kite-mcp-server/kc/alerts/briefing.go:406.3,410.23 3 1
github.com/zerodha/kite-mcp-server/kc/alerts/briefing.go:410.23,413.30 3 1
github.com/zerodha/kite-mcp-server/kc/alerts/briefing.go:413.30,415.5 1 1
github.com/zerodha/kite-mcp-server/kc/alerts/briefing.go:416.4,417.24 2 1
github.com/zerodha/kite-mcp-server/kc/alerts/briefing.go:421.3,422.22 2 1
github.com/zerodha/kite-mcp-server/kc/alerts/briefing.go:422.22,425.29 3 1
github.com/zerodha/kite-mcp-server/kc/alerts/briefing.go:425.29,427.5 1 1
github.com/zerodha/kite-mcp-server/kc/alerts/briefing.go:428.4,429.24 2 1
github.com/zerodha/kite-mcp-server/kc/alerts/briefing.go:433.2,433.20 1 1
github.com/zerodha/kite-mcp-server/kc/alerts/briefing.go:439.36,441.11 2 1
github.com/zerodha/kite-mcp-server/kc/alerts/briefing.go:441.11,444.3 2 1
github.com/zerodha/kite-mcp-server/kc/alerts/briefing.go:445.2,445.45 1 1
github.com/zerodha/kite-mcp-server/kc/alerts/briefing.go:449.55,451.6 2 1
github.com/zerodha/kite-mcp-server/kc/alerts/briefing.go:451.6,453.65 2 1
github.com/zerodha/kite-mcp-server/kc/alerts/briefing.go:453.65,454.9 1 1
github.com/zerodha/kite-mcp-server/kc/alerts/briefing.go:457.2,457.74 1 1
github.com/zerodha/kite-mcp-server/kc/alerts/briefing.go:461.91,464.24 3 1
github.com/zerodha/kite-mcp-server/kc/alerts/briefing.go:464.24,465.48 1 1
github.com/zerodha/kite-mcp-server/kc/alerts/briefing.go:465.48,467.4 1 1
github.com/zerodha/kite-mcp-server/kc/alerts/briefing.go:469.2,469.15 1 1
github.com/zerodha/kite-mcp-server/kc/alerts/briefing.go:478.72,480.28 2 1
github.com/zerodha/kite-mcp-server/kc/alerts/briefing.go:480.28,481.20 1 1
github.com/zerodha/kite-mcp-server/kc/alerts/briefing.go:481.20,483.21 2 1
github.com/zerodha/kite-mcp-server/kc/alerts/briefing.go:483.21,484.10 1 1
github.com/zerodha/kite-mcp-server/kc/alerts/briefing.go:488.2,488.12 1 1
github.com/zerodha/kite-mcp-server/kc/alerts/briefing.go:493.72,495.41 2 1
github.com/zerodha/kite-mcp-server/kc/alerts/briefing.go:495.41,496.29 1 1
github.com/zerodha/kite-mcp-server/kc/alerts/briefing.go:496.29,498.27 2 1
github.com/zerodha/kite-mcp-server/kc/alerts/briefing.go:498.27,499.10 1 1
github.com/zerodha/kite-mcp-server/kc/alerts/briefing.go:503.2,503.18 1 1
github.com/zerodha/kite-mcp-server/kc/alerts/briefing.go:514.72,516.34 2 1
github.com/zerodha/kite-mcp-server/kc/alerts/briefing.go:516.34,517.61 1 1
github.com/zerodha/kite-mcp-server/kc/alerts/briefing.go:517.61,519.4 1 1
github.com/zerodha/kite-mcp-server/kc/alerts/briefing.go:521.2,521.13 1 1
github.com/zerodha/kite-mcp-server/kc/alerts/briefing.go:525.50,531.25 5 1
github.com/zerodha/kite-mcp-server/kc/alerts/briefing.go:531.25,533.21 2 1
github.com/zerodha/kite-mcp-server/kc/alerts/briefing.go:533.21,535.4 1 1
github.com/zerodha/kite-mcp-server/kc/alerts/briefing.go:536.3,538.20 2 1
github.com/zerodha/kite-mcp-server/kc/alerts/briefing.go:540.2,542.20 3 1
github.com/zerodha/kite-mcp-server/kc/alerts/briefing.go:547.45,548.14 1 1
github.com/zerodha/kite-mcp-server/kc/alerts/briefing.go:548.14,550.3 1 1
github.com/zerodha/kite-mcp-server/kc/alerts/briefing.go:552.2,553.23 2 1
github.com/zerodha/kite-mcp-server/kc/alerts/briefing.go:553.23,556.3 2 1
github.com/zerodha/kite-mcp-server/kc/alerts/briefing.go:558.2,560.37 2 1
github.com/zerodha/kite-mcp-server/kc/alerts/briefing.go:560.37,562.48 2 1
github.com/zerodha/kite-mcp-server/kc/alerts/briefing.go:562.48,563.12 1 1
github.com/zerodha/kite-mcp-server/kc/alerts/briefing.go:566.3,567.19 2 1
github.com/zerodha/kite-mcp-server/kc/alerts/briefing.go:567.19,568.12 1 1
github.com/zerodha/kite-mcp-server/kc/alerts/briefing.go:571.3,572.17 2 1
github.com/zerodha/kite-mcp-server/kc/alerts/briefing.go:572.17,574.12 2 1
github.com/zerodha/kite-mcp-server/kc/alerts/briefing.go:577.3,578.21 2 1
github.com/zerodha/kite-mcp-server/kc/alerts/briefing.go:578.21,579.12 1 1
github.com/zerodha/kite-mcp-server/kc/alerts/briefing.go:582.3,583.65 2 1
github.com/zerodha/kite-mcp-server/kc/alerts/briefing.go:583.65,585.4 1 1
github.com/zerodha/kite-mcp-server/kc/alerts/briefing.go:585.9,587.4 1 1
github.com/zerodha/kite-mcp-server/kc/alerts/briefing.go:592.21,593.11 1 1
github.com/zerodha/kite-mcp-server/kc/alerts/briefing.go:593.11,595.3 1 1
github.com/zerodha/kite-mcp-server/kc/alerts/briefing.go:596.2,596.10 1 1
github.com/zerodha/kite-mcp-server/kc/alerts/crypto.go:18.57,20.2 1 1
github.com/zerodha/kite-mcp-server/kc/alerts/crypto.go:25.78,26.18 1 1
github.com/zerodha/kite-mcp-server/kc/alerts/crypto.go:26.18,28.3 1 1
github.com/zerodha/kite-mcp-server/kc/alerts/crypto.go:29.2,31.56 3 1
github.com/zerodha/kite-mcp-server/kc/alerts/crypto.go:31.56,33.3 1 0
github.com/zerodha/kite-mcp-server/kc/alerts/crypto.go:34.2,34.17 1 1
github.com/zerodha/kite-mcp-server/kc/alerts/crypto.go:46.66,47.18 1 1
github.com/zerodha/kite-mcp-server/kc/alerts/crypto.go:47.18,49.3 1 1
github.com/zerodha/kite-mcp-server/kc/alerts/crypto.go:51.2,52.33 2 1
github.com/zerodha/kite-mcp-server/kc/alerts/crypto.go:52.33,55.20 2 1
github.com/zerodha/kite-mcp-server/kc/alerts/crypto.go:55.20,57.4 1 1
github.com/zerodha/kite-mcp-server/kc/alerts/crypto.go:58.3,58.51 1 1
github.com/zerodha/kite-mcp-server/kc/alerts/crypto.go:62.2,63.58 2 1
github.com/zerodha/kite-mcp-server/kc/alerts/crypto.go:63.58,65.3 1 0
github.com/zerodha/kite-mcp-server/kc/alerts/crypto.go:68.2,69.16 2 1
github.com/zerodha/kite-mcp-server/kc/alerts/crypto.go:69.16,71.3 1 0
github.com/zerodha/kite-mcp-server/kc/alerts/crypto.go:72.2,73.16 2 1
github.com/zerodha/kite-mcp-server/kc/alerts/crypto.go:73.16,75.3 1 0
github.com/zerodha/kite-mcp-server/kc/alerts/crypto.go:78.2,78.65 1 1
github.com/zerodha/kite-mcp-server/kc/alerts/crypto.go:78.65,80.3 1 0
github.com/zerodha/kite-mcp-server/kc/alerts/crypto.go:83.2,83.82 1 1
github.com/zerodha/kite-mcp-server/kc/alerts/crypto.go:83.82,85.3 1 0
github.com/zerodha/kite-mcp-server/kc/alerts/crypto.go:87.2,87.20 1 1
github.com/zerodha/kite-mcp-server/kc/alerts/crypto.go:93.64,105.27 2 1
github.com/zerodha/kite-mcp-server/kc/alerts/crypto.go:105.27,106.89 1 1
github.com/zerodha/kite-mcp-server/kc/alerts/crypto.go:106.89,108.4 1 1
github.com/zerodha/kite-mcp-server/kc/alerts/crypto.go:110.2,110.12 1 1
github.com/zerodha/kite-mcp-server/kc/alerts/crypto.go:115.97,117.30 2 1
github.com/zerodha/kite-mcp-server/kc/alerts/crypto.go:117.30,119.3 1 1
github.com/zerodha/kite-mcp-server/kc/alerts/crypto.go:120.2,123.16 3 1
github.com/zerodha/kite-mcp-server/kc/alerts/crypto.go:123.16,125.3 1 1
github.com/zerodha/kite-mcp-server/kc/alerts/crypto.go:126.2,133.18 4 1
github.com/zerodha/kite-mcp-server/kc/alerts/crypto.go:133.18,137.26 4 1
github.com/zerodha/kite-mcp-server/kc/alerts/crypto.go:137.26,139.4 1 1
github.com/zerodha/kite-mcp-server/kc/alerts/crypto.go:140.3,140.48 1 1
github.com/zerodha/kite-mcp-server/kc/alerts/crypto.go:140.48,142.4 1 0
github.com/zerodha/kite-mcp-server/kc/alerts/crypto.go:143.3,143.31 1 1
github.com/zerodha/kite-mcp-server/kc/alerts/crypto.go:145.2,145.35 1 1
github.com/zerodha/kite-mcp-server/kc/alerts/crypto.go:145.35,147.3 1 0
github.com/zerodha/kite-mcp-server/kc/alerts/crypto.go:149.2,149.28 1 1
github.com/zerodha/kite-mcp-server/kc/alerts/crypto.go:149.28,152.35 3 1
github.com/zerodha/kite-mcp-server/kc/alerts/crypto.go:152.35,153.20 1 1
github.com/zerodha/kite-mcp-server/kc/alerts/crypto.go:153.20,155.14 1 1
github.com/zerodha/kite-mcp-server/kc/alerts/crypto.go:155.14,157.6 1 1
github.com/zerodha/kite-mcp-server/kc/alerts/crypto.go:158.5,160.13 3 1
github.com/zerodha/kite-mcp-server/kc/alerts/crypto.go:162.4,164.18 3 1
github.com/zerodha/kite-mcp-server/kc/alerts/crypto.go:164.18,166.5 1 0
github.com/zerodha/kite-mcp-server/kc/alerts/crypto.go:167.4,167.13 1 1
github.com/zerodha/kite-mcp-server/kc/alerts/crypto.go:167.13,169.5 1 1
github.com/zerodha/kite-mcp-server/kc/alerts/crypto.go:170.4,171.36 2 1
github.com/zerodha/kite-mcp-server/kc/alerts/crypto.go:173.3,175.64 3 1
github.com/zerodha/kite-mcp-server/kc/alerts/crypto.go:175.64,177.4 1 1
github.com/zerodha/kite-mcp-server/kc/alerts/crypto.go:180.2,180.12 1 1
github.com/zerodha/kite-mcp-server/kc/alerts/crypto.go:185.60,187.16 2 1
github.com/zerodha/kite-mcp-server/kc/alerts/crypto.go:187.16,189.3 1 1
github.com/zerodha/kite-mcp-server/kc/alerts/crypto.go:190.2,191.16 2 1
github.com/zerodha/kite-mcp-server/kc/alerts/crypto.go:191.16,193.3 1 0
github.com/zerodha/kite-mcp-server/kc/alerts/crypto.go:194.2,195.59 2 1
github.com/zerodha/kite-mcp-server/kc/alerts/crypto.go:195.59,197.3 1 0
github.com/zerodha/kite-mcp-server/kc/alerts/crypto.go:198.2,199.40 2 1
github.com/zerodha/kite-mcp-server/kc/alerts/crypto.go:204.60,206.2 1 1
github.com/zerodha/kite-mcp-server/kc/alerts/crypto.go:210.55,212.2 1 1
github.com/zerodha/kite-mcp-server/kc/alerts/crypto.go:217.55,219.16 2 1
github.com/zerodha/kite-mcp-server/kc/alerts/crypto.go:219.16,221.3 1 1
github.com/zerodha/kite-mcp-server/kc/alerts/crypto.go:222.2,223.16 2 1
github.com/zerodha/kite-mcp-server/kc/alerts/crypto.go:223.16,225.3 1 1
github.com/zerodha/kite-mcp-server/kc/alerts/crypto.go:226.2,227.16 2 1
github.com/zerodha/kite-mcp-server/kc/alerts/crypto.go:227.16,229.3 1 0
github.com/zerodha/kite-mcp-server/kc/alerts/crypto.go:230.2,231.27 2 1
github.com/zerodha/kite-mcp-server/kc/alerts/crypto.go:231.27,233.3 1 1
github.com/zerodha/kite-mcp-server/kc/alerts/crypto.go:234.2,235.16 2 1
github.com/zerodha/kite-mcp-server/kc/alerts/crypto.go:235.16,237.3 1 1
github.com/zerodha/kite-mcp-server/kc/alerts/crypto.go:238.2,238.26 1 1
github.com/zerodha/kite-mcp-server/kc/alerts/db.go:23.43,25.2 1 1
github.com/zerodha/kite-mcp-server/kc/alerts/db.go:28.39,30.16 2 1
github.com/zerodha/kite-mcp-server/kc/alerts/db.go:30.16,32.3 1 0
github.com/zerodha/kite-mcp-server/kc/alerts/db.go:33.2,33.34 1 1
github.com/zerodha/kite-mcp-server/kc/alerts/db.go:33.34,35.3 1 1
github.com/zerodha/kite-mcp-server/kc/alerts/db.go:36.2,36.63 1 1
github.com/zerodha/kite-mcp-server/kc/alerts/db.go:36.63,38.3 1 0
github.com/zerodha/kite-mcp-server/kc/alerts/db.go:39.2,39.64 1 1
github.com/zerodha/kite-mcp-server/kc/alerts/db.go:39.64,41.3 1 0
github.com/zerodha/kite-mcp-server/kc/alerts/db.go:43.2,153.40 2 1
github.com/zerodha/kite-mcp-server/kc/alerts/db.go:153.40,155.3 1 0
github.com/zerodha/kite-mcp-server/kc/alerts/db.go:158.2,158.42 1 1
github.com/zerodha/kite-mcp-server/kc/alerts/db.go:158.42,160.3 1 0
github.com/zerodha/kite-mcp-server/kc/alerts/db.go:163.2,171.59 4 1
github.com/zerodha/kite-mcp-server/kc/alerts/db.go:171.59,173.3 1 0
github.com/zerodha/kite-mcp-server/kc/alerts/db.go:177.2,178.159 2 1
github.com/zerodha/kite-mcp-server/kc/alerts/db.go:178.159,183.3 2 0
github.com/zerodha/kite-mcp-server/kc/alerts/db.go:185.2,185.25 1 1
github.com/zerodha/kite-mcp-server/kc/alerts/db.go:191.55,195.16 3 1
github.com/zerodha/kite-mcp-server/kc/alerts/db.go:195.16,197.3 1 1
github.com/zerodha/kite-mcp-server/kc/alerts/db.go:199.2,199.45 1 1
github.com/zerodha/kite-mcp-server/kc/alerts/db.go:199.45,201.3 1 1
github.com/zerodha/kite-mcp-server/kc/alerts/db.go:204.2,205.16 2 1
github.com/zerodha/kite-mcp-server/kc/alerts/db.go:205.16,207.3 1 0
github.com/zerodha/kite-mcp-server/kc/alerts/db.go:208.2,222.18 2 1
github.com/zerodha/kite-mcp-server/kc/alerts/db.go:222.18,224.3 1 0
github.com/zerodha/kite-mcp-server/kc/alerts/db.go:227.2,230.35 1 1
github.com/zerodha/kite-mcp-server/kc/alerts/db.go:230.35,232.3 1 0
github.com/zerodha/kite-mcp-server/kc/alerts/db.go:234.2,234.62 1 1
github.com/zerodha/kite-mcp-server/kc/alerts/db.go:234.62,236.3 1 0
github.com/zerodha/kite-mcp-server/kc/alerts/db.go:237.2,237.90 1 1
github.com/zerodha/kite-mcp-server/kc/alerts/db.go:237.90,239.3 1 0
github.com/zerodha/kite-mcp-server/kc/alerts/db.go:241.2,244.20 3 1
github.com/zerodha/kite-mcp-server/kc/alerts/db.go:248.38,252.16 3 1
github.com/zerodha/kite-mcp-server/kc/alerts/db.go:252.16,254.3 1 1
github.com/zerodha/kite-mcp-server/kc/alerts/db.go:255.2,255.16 1 1
github.com/zerodha/kite-mcp-server/kc/alerts/db.go:255.16,256.90 1 1
github.com/zerodha/kite-mcp-server/kc/alerts/db.go:256.90,258.4 1 0
github.com/zerodha/kite-mcp-server/kc/alerts/db.go:263.2,265.12 2 1
github.com/zerodha/kite-mcp-server/kc/alerts/db.go:269.56,273.16 2 1
github.com/zerodha/kite-mcp-server/kc/alerts/db.go:273.16,275.3 1 1
github.com/zerodha/kite-mcp-server/kc/alerts/db.go:276.2,279.18 3 1
github.com/zerodha/kite-mcp-server/kc/alerts/db.go:279.18,293.37 2 1
github.com/zerodha/kite-mcp-server/kc/alerts/db.go:293.37,295.4 1 0
github.com/zerodha/kite-mcp-server/kc/alerts/db.go:296.3,299.17 4 1
github.com/zerodha/kite-mcp-server/kc/alerts/db.go:299.17,301.4 1 1
github.com/zerodha/kite-mcp-server/kc/alerts/db.go:302.3,302.24 1 1
github.com/zerodha/kite-mcp-server/kc/alerts/db.go:302.24,304.18 2 1
github.com/zerodha/kite-mcp-server/kc/alerts/db.go:304.18,306.5 1 1
github.com/zerodha/kite-mcp-server/kc/alerts/db.go:308.3,308.22 1 1
github.com/zerodha/kite-mcp-server/kc/alerts/db.go:308.22,310.4 1 1
github.com/zerodha/kite-mcp-server/kc/alerts/db.go:311.3,311.27 1 1
github.com/zerodha/kite-mcp-server/kc/alerts/db.go:311.27,313.4 1 1
github.com/zerodha/kite-mcp-server/kc/alerts/db.go:314.3,314.31 1 1
github.com/zerodha/kite-mcp-server/kc/alerts/db.go:314.31,316.4 1 1
github.com/zerodha/kite-mcp-server/kc/alerts/db.go:317.3,317.42 1 1
github.com/zerodha/kite-mcp-server/kc/alerts/db.go:319.2,319.24 1 1
github.com/zerodha/kite-mcp-server/kc/alerts/db.go:323.44,325.21 2 1
github.com/zerodha/kite-mcp-server/kc/alerts/db.go:325.21,327.3 1 1
github.com/zerodha/kite-mcp-server/kc/alerts/db.go:328.2,329.33 2 1
github.com/zerodha/kite-mcp-server/kc/alerts/db.go:329.33,331.3 1 1
github.com/zerodha/kite-mcp-server/kc/alerts/db.go:332.2,333.31 2 1
github.com/zerodha/kite-mcp-server/kc/alerts/db.go:333.31,335.3 1 1
github.com/zerodha/kite-mcp-server/kc/alerts/db.go:336.2,337.31 2 1
github.com/zerodha/kite-mcp-server/kc/alerts/db.go:337.31,339.3 1 1
github.com/zerodha/kite-mcp-server/kc/alerts/db.go:340.2,341.40 2 1
github.com/zerodha/kite-mcp-server/kc/alerts/db.go:341.40,343.3 1 1
github.com/zerodha/kite-mcp-server/kc/alerts/db.go:345.2,354.16 2 1
github.com/zerodha/kite-mcp-server/kc/alerts/db.go:354.16,356.3 1 1
github.com/zerodha/kite-mcp-server/kc/alerts/db.go:357.2,357.12 1 1
github.com/zerodha/kite-mcp-server/kc/alerts/db.go:361.55,363.16 2 1
github.com/zerodha/kite-mcp-server/kc/alerts/db.go:363.16,365.3 1 1
github.com/zerodha/kite-mcp-server/kc/alerts/db.go:366.2,366.12 1 1
github.com/zerodha/kite-mcp-server/kc/alerts/db.go:370.54,372.16 2 1
github.com/zerodha/kite-mcp-server/kc/alerts/db.go:372.16,374.3 1 1
github.com/zerodha/kite-mcp-server/kc/alerts/db.go:375.2,375.12 1 1
github.com/zerodha/kite-mcp-server/kc/alerts/db.go:379.55,381.16 2 1
github.com/zerodha/kite-mcp-server/kc/alerts/db.go:381.16,383.3 1 1
github.com/zerodha/kite-mcp-server/kc/alerts/db.go:384.2,384.12 1 1
github.com/zerodha/kite-mcp-server/kc/alerts/db.go:388.78,391.16 2 1
github.com/zerodha/kite-mcp-server/kc/alerts/db.go:391.16,393.3 1 1
github.com/zerodha/kite-mcp-server/kc/alerts/db.go:394.2,394.12 1 1
github.com/zerodha/kite-mcp-server/kc/alerts/db.go:398.81,401.16 2 1
github.com/zerodha/kite-mcp-server/kc/alerts/db.go:401.16,403.3 1 1
github.com/zerodha/kite-mcp-server/kc/alerts/db.go:404.2,404.12 1 1
github.com/zerodha/kite-mcp-server/kc/alerts/db.go:408.62,410.16 2 1
github.com/zerodha/kite-mcp-server/kc/alerts/db.go:410.16,412.3 1 1
github.com/zerodha/kite-mcp-server/kc/alerts/db.go:413.2,416.18 3 1
github.com/zerodha/kite-mcp-server/kc/alerts/db.go:416.18,419.52 3 1
github.com/zerodha/kite-mcp-server/kc/alerts/db.go:419.52,421.4 1 1
github.com/zerodha/kite-mcp-server/kc/alerts/db.go:422.3,422.22 1 1
github.com/zerodha/kite-mcp-server/kc/alerts/db.go:424.2,424.24 1 1
github.com/zerodha/kite-mcp-server/kc/alerts/db.go:428.67,430.16 2 1
github.com/zerodha/kite-mcp-server/kc/alerts/db.go:430.16,432.3 1 1
github.com/zerodha/kite-mcp-server/kc/alerts/db.go:433.2,433.12 1 1
github.com/zerodha/kite-mcp-server/kc/alerts/db.go:448.50,450.16 2 1
github.com/zerodha/kite-mcp-server/kc/alerts/db.go:450.16,452.3 1 1
github.com/zerodha/kite-mcp-server/kc/alerts/db.go:453.2,456.18 3 1
github.com/zerodha/kite-mcp-server/kc/alerts/db.go:456.18,459.97 3 1
github.com/zerodha/kite-mcp-server/kc/alerts/db.go:459.97,461.4 1 0
github.com/zerodha/kite-mcp-server/kc/alerts/db.go:462.3,462.29 1 1
github.com/zerodha/kite-mcp-server/kc/alerts/db.go:462.29,464.4 1 1
github.com/zerodha/kite-mcp-server/kc/alerts/db.go:465.3,466.17 2 1
github.com/zerodha/kite-mcp-server/kc/alerts/db.go:466.17,468.4 1 1
github.com/zerodha/kite-mcp-server/kc/alerts/db.go:469.3,470.24 2 1
github.com/zerodha/kite-mcp-server/kc/alerts/db.go:472.2,472.24 1 1
github.com/zerodha/kite-mcp-server/kc/alerts/db.go:477.95,479.28 2 1
github.com/zerodha/kite-mcp-server/kc/alerts/db.go:479.28,482.17 3 1
github.com/zerodha/kite-mcp-server/kc/alerts/db.go:482.17,484.4 1 1
github.com/zerodha/kite-mcp-server/kc/alerts/db.go:486.2,488.16 2 1
github.com/zerodha/kite-mcp-server/kc/alerts/db.go:488.16,490.3 1 1
github.com/zerodha/kite-mcp-server/kc/alerts/db.go:491.2,491.12 1 1
github.com/zerodha/kite-mcp-server/kc/alerts/db.go:495.46,497.16 2 1
github.com/zerodha/kite-mcp-server/kc/alerts/db.go:497.16,499.3 1 1
github.com/zerodha/kite-mcp-server/kc/alerts/db.go:500.2,500.12 1 1
github.com/zerodha/kite-mcp-server/kc/alerts/db.go:515.60,517.16 2 1
github.com/zerodha/kite-mcp-server/kc/alerts/db.go:517.16,519.3 1 1
github.com/zerodha/kite-mcp-server/kc/alerts/db.go:520.2,523.18 3 1
github.com/zerodha/kite-mcp-server/kc/alerts/db.go:523.18,526.92 3 1
github.com/zerodha/kite-mcp-server/kc/alerts/db.go:526.92,528.4 1 0
github.com/zerodha/kite-mcp-server/kc/alerts/db.go:529.3,529.29 1 1
github.com/zerodha/kite-mcp-server/kc/alerts/db.go:529.29,532.4 2 1
github.com/zerodha/kite-mcp-server/kc/alerts/db.go:533.3,534.17 2 1
github.com/zerodha/kite-mcp-server/kc/alerts/db.go:534.17,536.4 1 1
github.com/zerodha/kite-mcp-server/kc/alerts/db.go:537.3,538.24 2 1
github.com/zerodha/kite-mcp-server/kc/alerts/db.go:540.2,540.24 1 1
github.com/zerodha/kite-mcp-server/kc/alerts/db.go:545.95,547.28 2 1
github.com/zerodha/kite-mcp-server/kc/alerts/db.go:547.28,550.17 3 1
github.com/zerodha/kite-mcp-server/kc/alerts/db.go:550.17,552.4 1 1
github.com/zerodha/kite-mcp-server/kc/alerts/db.go:553.3,554.17 2 1
github.com/zerodha/kite-mcp-server/kc/alerts/db.go:554.17,556.4 1 0
github.com/zerodha/kite-mcp-server/kc/alerts/db.go:558.2,560.16 2 1
github.com/zerodha/kite-mcp-server/kc/alerts/db.go:560.16,562.3 1 1
github.com/zerodha/kite-mcp-server/kc/alerts/db.go:563.2,563.12 1 1
github.com/zerodha/kite-mcp-server/kc/alerts/db.go:567.51,569.16 2 1
github.com/zerodha/kite-mcp-server/kc/alerts/db.go:569.16,571.3 1 1
github.com/zerodha/kite-mcp-server/kc/alerts/db.go:572.2,572.12 1 1
github.com/zerodha/kite-mcp-server/kc/alerts/db.go:588.54,590.16 2 1
github.com/zerodha/kite-mcp-server/kc/alerts/db.go:590.16,592.3 1 1
github.com/zerodha/kite-mcp-server/kc/alerts/db.go:593.2,596.18 3 1
github.com/zerodha/kite-mcp-server/kc/alerts/db.go:596.18,600.122 4 1
github.com/zerodha/kite-mcp-server/kc/alerts/db.go:600.122,602.4 1 0
github.com/zerodha/kite-mcp-server/kc/alerts/db.go:603.3,603.53 1 1
github.com/zerodha/kite-mcp-server/kc/alerts/db.go:603.53,605.4 1 1
github.com/zerodha/kite-mcp-server/kc/alerts/db.go:606.3,607.17 2 1
github.com/zerodha/kite-mcp-server/kc/alerts/db.go:607.17,609.4 1 1
github.com/zerodha/kite-mcp-server/kc/alerts/db.go:610.3,612.24 3 1
github.com/zerodha/kite-mcp-server/kc/alerts/db.go:614.2,614.24 1 1
github.com/zerodha/kite-mcp-server/kc/alerts/db.go:619.129,621.15 2 1
github.com/zerodha/kite-mcp-server/kc/alerts/db.go:621.15,623.3 1 1
github.com/zerodha/kite-mcp-server/kc/alerts/db.go:624.2,625.50 2 1
github.com/zerodha/kite-mcp-server/kc/alerts/db.go:625.50,628.17 3 1
github.com/zerodha/kite-mcp-server/kc/alerts/db.go:628.17,630.4 1 1
github.com/zerodha/kite-mcp-server/kc/alerts/db.go:632.2,634.16 2 1
github.com/zerodha/kite-mcp-server/kc/alerts/db.go:634.16,636.3 1 1
github.com/zerodha/kite-mcp-server/kc/alerts/db.go:637.2,637.12 1 1
github.com/zerodha/kite-mcp-server/kc/alerts/db.go:641.50,643.16 2 1
github.com/zerodha/kite-mcp-server/kc/alerts/db.go:643.16,645.3 1 1
github.com/zerodha/kite-mcp-server/kc/alerts/db.go:646.2,646.12 1 1
github.com/zerodha/kite-mcp-server/kc/alerts/db.go:651.53,652.28 1 1
github.com/zerodha/kite-mcp-server/kc/alerts/db.go:652.28,654.3 1 1
github.com/zerodha/kite-mcp-server/kc/alerts/db.go:655.2,657.41 3 1
github.com/zerodha/kite-mcp-server/kc/alerts/db.go:673.56,675.16 2 1
github.com/zerodha/kite-mcp-server/kc/alerts/db.go:675.16,677.3 1 1
github.com/zerodha/kite-mcp-server/kc/alerts/db.go:678.2,681.18 3 1
github.com/zerodha/kite-mcp-server/kc/alerts/db.go:681.18,685.114 4 1
github.com/zerodha/kite-mcp-server/kc/alerts/db.go:685.114,687.4 1 0
github.com/zerodha/kite-mcp-server/kc/alerts/db.go:690.3,690.51 1 1
github.com/zerodha/kite-mcp-server/kc/alerts/db.go:690.51,692.23 2 1
github.com/zerodha/kite-mcp-server/kc/alerts/db.go:692.23,694.5 1 1
github.com/zerodha/kite-mcp-server/kc/alerts/db.go:694.10,696.13 1 1
github.com/zerodha/kite-mcp-server/kc/alerts/db.go:700.3,701.17 2 1
github.com/zerodha/kite-mcp-server/kc/alerts/db.go:701.17,703.4 1 1
github.com/zerodha/kite-mcp-server/kc/alerts/db.go:704.3,705.17 2 1
github.com/zerodha/kite-mcp-server/kc/alerts/db.go:705.17,707.4 1 1
github.com/zerodha/kite-mcp-server/kc/alerts/db.go:708.3,711.24 4 1
github.com/zerodha/kite-mcp-server/kc/alerts/db.go:713.2,713.24 1 1
github.com/zerodha/kite-mcp-server/kc/alerts/db.go:720.106,722.16 2 1
github.com/zerodha/kite-mcp-server/kc/alerts/db.go:722.16,724.3 1 1
github.com/zerodha/kite-mcp-server/kc/alerts/db.go:725.2,727.28 3 1
github.com/zerodha/kite-mcp-server/kc/alerts/db.go:727.28,730.17 3 1
github.com/zerodha/kite-mcp-server/kc/alerts/db.go:730.17,732.4 1 1
github.com/zerodha/kite-mcp-server/kc/alerts/db.go:734.2,736.16 2 1
github.com/zerodha/kite-mcp-server/kc/alerts/db.go:736.16,738.3 1 1
github.com/zerodha/kite-mcp-server/kc/alerts/db.go:739.2,739.12 1 1
github.com/zerodha/kite-mcp-server/kc/alerts/db.go:744.52,747.16 3 1
github.com/zerodha/kite-mcp-server/kc/alerts/db.go:747.16,749.3 1 1
github.com/zerodha/kite-mcp-server/kc/alerts/db.go:750.2,750.12 1 1
github.com/zerodha/kite-mcp-server/kc/alerts/db.go:758.40,758.80 2 1
github.com/zerodha/kite-mcp-server/kc/alerts/db.go:761.58,761.109 2 1
github.com/zerodha/kite-mcp-server/kc/alerts/db.go:764.72,766.2 1 1
github.com/zerodha/kite-mcp-server/kc/alerts/db.go:769.59,769.99 1 1
github.com/zerodha/kite-mcp-server/kc/alerts/db.go:772.69,772.106 1 1
github.com/zerodha/kite-mcp-server/kc/alerts/db.go:775.28,777.2 1 1
github.com/zerodha/kite-mcp-server/kc/alerts/db.go:781.52,784.16 3 1
github.com/zerodha/kite-mcp-server/kc/alerts/db.go:784.16,786.3 1 1
github.com/zerodha/kite-mcp-server/kc/alerts/db.go:787.2,787.19 1 1
github.com/zerodha/kite-mcp-server/kc/alerts/db.go:791.49,793.16 2 1
github.com/zerodha/kite-mcp-server/kc/alerts/db.go:793.16,795.3 1 1
github.com/zerodha/kite-mcp-server/kc/alerts/db.go:796.2,796.12 1 1
github.com/zerodha/kite-mcp-server/kc/alerts/db.go:804.55,806.15 2 1
github.com/zerodha/kite-mcp-server/kc/alerts/db.go:806.15,808.3 1 1
github.com/zerodha/kite-mcp-server/kc/alerts/db.go:809.2,810.32 2 1
github.com/zerodha/kite-mcp-server/kc/alerts/db.go:810.32,812.3 1 1
github.com/zerodha/kite-mcp-server/kc/alerts/db.go:813.2,813.33 1 1
github.com/zerodha/kite-mcp-server/kc/alerts/db.go:813.33,815.3 1 1
github.com/zerodha/kite-mcp-server/kc/alerts/db.go:816.2,825.16 2 1
github.com/zerodha/kite-mcp-server/kc/alerts/db.go:825.16,827.3 1 1
github.com/zerodha/kite-mcp-server/kc/alerts/db.go:828.2,828.12 1 1
github.com/zerodha/kite-mcp-server/kc/alerts/db.go:832.59,838.16 2 1
github.com/zerodha/kite-mcp-server/kc/alerts/db.go:838.16,840.3 1 1
github.com/zerodha/kite-mcp-server/kc/alerts/db.go:841.2,844.18 3 1
github.com/zerodha/kite-mcp-server/kc/alerts/db.go:844.18,856.79 2 1
github.com/zerodha/kite-mcp-server/kc/alerts/db.go:856.79,858.4 1 0
github.com/zerodha/kite-mcp-server/kc/alerts/db.go:859.3,861.26 3 1
github.com/zerodha/kite-mcp-server/kc/alerts/db.go:861.26,863.4 1 1
github.com/zerodha/kite-mcp-server/kc/alerts/db.go:864.3,864.27 1 1
github.com/zerodha/kite-mcp-server/kc/alerts/db.go:864.27,866.4 1 1
github.com/zerodha/kite-mcp-server/kc/alerts/db.go:867.3,867.25 1 1
github.com/zerodha/kite-mcp-server/kc/alerts/db.go:869.2,869.24 1 1
github.com/zerodha/kite-mcp-server/kc/alerts/db.go:873.54,876.16 2 1
github.com/zerodha/kite-mcp-server/kc/alerts/db.go:876.16,878.3 1 1
github.com/zerodha/kite-mcp-server/kc/alerts/db.go:879.2,879.12 1 1
github.com/zerodha/kite-mcp-server/kc/alerts/db.go:883.93,886.16 2 1
github.com/zerodha/kite-mcp-server/kc/alerts/db.go:886.16,888.3 1 1
github.com/zerodha/kite-mcp-server/kc/alerts/db.go:889.2,889.12 1 1
github.com/zerodha/kite-mcp-server/kc/alerts/db.go:908.55,914.16 2 1
github.com/zerodha/kite-mcp-server/kc/alerts/db.go:914.16,916.3 1 1
github.com/zerodha/kite-mcp-server/kc/alerts/db.go:917.2,917.12 1 1
github.com/zerodha/kite-mcp-server/kc/alerts/db.go:922.85,927.16 2 1
github.com/zerodha/kite-mcp-server/kc/alerts/db.go:927.16,929.3 1 1
github.com/zerodha/kite-mcp-server/kc/alerts/db.go:930.2,933.18 3 1
github.com/zerodha/kite-mcp-server/kc/alerts/db.go:933.18,936.61 2 1
github.com/zerodha/kite-mcp-server/kc/alerts/db.go:936.61,938.4 1 0
github.com/zerodha/kite-mcp-server/kc/alerts/db.go:939.3,939.24 1 1
github.com/zerodha/kite-mcp-server/kc/alerts/db.go:941.2,941.24 1 1
github.com/zerodha/kite-mcp-server/kc/alerts/db.go:963.73,965.16 2 1
github.com/zerodha/kite-mcp-server/kc/alerts/db.go:965.16,967.3 1 1
github.com/zerodha/kite-mcp-server/kc/alerts/db.go:968.2,971.18 3 1
github.com/zerodha/kite-mcp-server/kc/alerts/db.go:971.18,974.169 3 1
github.com/zerodha/kite-mcp-server/kc/alerts/db.go:974.169,976.4 1 0
github.com/zerodha/kite-mcp-server/kc/alerts/db.go:977.3,977.29 1 1
github.com/zerodha/kite-mcp-server/kc/alerts/db.go:977.29,980.4 2 1
github.com/zerodha/kite-mcp-server/kc/alerts/db.go:981.3,982.24 2 1
github.com/zerodha/kite-mcp-server/kc/alerts/db.go:982.24,983.67 1 1
github.com/zerodha/kite-mcp-server/kc/alerts/db.go:983.67,985.5 1 1
github.com/zerodha/kite-mcp-server/kc/alerts/db.go:987.3,987.65 1 1
github.com/zerodha/kite-mcp-server/kc/alerts/db.go:987.65,989.4 1 1
github.com/zerodha/kite-mcp-server/kc/alerts/db.go:990.3,990.65 1 1
github.com/zerodha/kite-mcp-server/kc/alerts/db.go:990.65,992.4 1 1
github.com/zerodha/kite-mcp-server/kc/alerts/db.go:993.3,993.17 1 1
github.com/zerodha/kite-mcp-server/kc/alerts/db.go:995.2,995.24 1 1
github.com/zerodha/kite-mcp-server/kc/alerts/db.go:1000.58,1002.28 2 1
github.com/zerodha/kite-mcp-server/kc/alerts/db.go:1002.28,1005.17 3 1
github.com/zerodha/kite-mcp-server/kc/alerts/db.go:1005.17,1007.4 1 1
github.com/zerodha/kite-mcp-server/kc/alerts/db.go:1008.3,1009.17 2 1
github.com/zerodha/kite-mcp-server/kc/alerts/db.go:1009.17,1011.4 1 0
github.com/zerodha/kite-mcp-server/kc/alerts/db.go:1013.2,1014.25 2 1
github.com/zerodha/kite-mcp-server/kc/alerts/db.go:1014.25,1016.3 1 1
github.com/zerodha/kite-mcp-server/kc/alerts/db.go:1017.2,1020.16 2 1
github.com/zerodha/kite-mcp-server/kc/alerts/db.go:1020.16,1022.3 1 1
github.com/zerodha/kite-mcp-server/kc/alerts/db.go:1023.2,1023.12 1 1
github.com/zerodha/kite-mcp-server/kc/alerts/db.go:1027.51,1029.16 2 1
github.com/zerodha/kite-mcp-server/kc/alerts/db.go:1029.16,1031.3 1 1
github.com/zerodha/kite-mcp-server/kc/alerts/db.go:1032.2,1032.12 1 1
github.com/zerodha/kite-mcp-server/kc/alerts/evaluator.go:16.65,21.2 1 1
github.com/zerodha/kite-mcp-server/kc/alerts/evaluator.go:24.62,26.22 2 1
github.com/zerodha/kite-mcp-server/kc/alerts/evaluator.go:26.22,28.3 1 1
github.com/zerodha/kite-mcp-server/kc/alerts/evaluator.go:30.2,30.31 1 1
github.com/zerodha/kite-mcp-server/kc/alerts/evaluator.go:30.31,31.42 1 1
github.com/zerodha/kite-mcp-server/kc/alerts/evaluator.go:31.42,32.56 1 1
github.com/zerodha/kite-mcp-server/kc/alerts/evaluator.go:32.56,33.13 1 0
github.com/zerodha/kite-mcp-server/kc/alerts/evaluator.go:36.4,44.33 2 1
github.com/zerodha/kite-mcp-server/kc/alerts/evaluator.go:44.33,46.5 1 1
github.com/zerodha/kite-mcp-server/kc/alerts/evaluator.go:47.4,49.31 2 1
github.com/zerodha/kite-mcp-server/kc/alerts/evaluator.go:49.31,51.5 1 1
github.com/zerodha/kite-mcp-server/kc/alerts/pnl.go:37.122,38.15 1 1
github.com/zerodha/kite-mcp-server/kc/alerts/pnl.go:38.15,40.3 1 1
github.com/zerodha/kite-mcp-server/kc/alerts/pnl.go:41.2,46.3 1 1
github.com/zerodha/kite-mcp-server/kc/alerts/pnl.go:50.70,51.14 1 1
github.com/zerodha/kite-mcp-server/kc/alerts/pnl.go:51.14,53.3 1 1
github.com/zerodha/kite-mcp-server/kc/alerts/pnl.go:57.58,58.29 1 1
github.com/zerodha/kite-mcp-server/kc/alerts/pnl.go:58.29,60.3 1 1
github.com/zerodha/kite-mcp-server/kc/alerts/pnl.go:61.2,61.33 1 1
github.com/zerodha/kite-mcp-server/kc/alerts/pnl.go:66.70,71.24 2 1
github.com/zerodha/kite-mcp-server/kc/alerts/pnl.go:71.24,73.30 2 1
github.com/zerodha/kite-mcp-server/kc/alerts/pnl.go:73.30,75.4 1 1
github.com/zerodha/kite-mcp-server/kc/alerts/pnl.go:77.2,77.25 1 1
github.com/zerodha/kite-mcp-server/kc/alerts/pnl.go:77.25,78.35 1 1
github.com/zerodha/kite-mcp-server/kc/alerts/pnl.go:78.35,80.72 2 1
github.com/zerodha/kite-mcp-server/kc/alerts/pnl.go:80.72,82.5 1 1
github.com/zerodha/kite-mcp-server/kc/alerts/pnl.go:85.2,86.14 2 1
github.com/zerodha/kite-mcp-server/kc/alerts/pnl.go:91.46,93.16 2 1
github.com/zerodha/kite-mcp-server/kc/alerts/pnl.go:93.16,96.3 2 1
github.com/zerodha/kite-mcp-server/kc/alerts/pnl.go:99.2,100.16 2 1
github.com/zerodha/kite-mcp-server/kc/alerts/pnl.go:100.16,103.3 2 1
github.com/zerodha/kite-mcp-server/kc/alerts/pnl.go:106.2,107.29 2 1
github.com/zerodha/kite-mcp-server/kc/alerts/pnl.go:107.29,109.3 1 1
github.com/zerodha/kite-mcp-server/kc/alerts/pnl.go:110.2,110.27 1 1
github.com/zerodha/kite-mcp-server/kc/alerts/pnl.go:110.27,112.3 1 1
github.com/zerodha/kite-mcp-server/kc/alerts/pnl.go:114.2,118.28 4 1
github.com/zerodha/kite-mcp-server/kc/alerts/pnl.go:118.28,120.42 2 1
github.com/zerodha/kite-mcp-server/kc/alerts/pnl.go:120.42,121.12 1 1
github.com/zerodha/kite-mcp-server/kc/alerts/pnl.go:124.3,125.19 2 1
github.com/zerodha/kite-mcp-server/kc/alerts/pnl.go:125.19,126.12 1 1
github.com/zerodha/kite-mcp-server/kc/alerts/pnl.go:129.3,130.25 2 1
github.com/zerodha/kite-mcp-server/kc/alerts/pnl.go:130.25,132.4 1 1
github.com/zerodha/kite-mcp-server/kc/alerts/pnl.go:134.3,135.26 2 1
github.com/zerodha/kite-mcp-server/kc/alerts/pnl.go:135.26,137.4 1 1
github.com/zerodha/kite-mcp-server/kc/alerts/pnl.go:139.3,141.50 2 1
github.com/zerodha/kite-mcp-server/kc/alerts/pnl.go:141.50,143.12 2 1
github.com/zerodha/kite-mcp-server/kc/alerts/pnl.go:145.3,145.18 1 1
github.com/zerodha/kite-mcp-server/kc/alerts/pnl.go:148.2,148.23 1 1
github.com/zerodha/kite-mcp-server/kc/alerts/pnl.go:148.23,150.3 1 1
github.com/zerodha/kite-mcp-server/kc/alerts/pnl.go:154.100,156.16 2 1
github.com/zerodha/kite-mcp-server/kc/alerts/pnl.go:156.16,158.3 1 1
github.com/zerodha/kite-mcp-server/kc/alerts/pnl.go:160.2,165.23 2 1
github.com/zerodha/kite-mcp-server/kc/alerts/pnl.go:165.23,167.3 1 1
github.com/zerodha/kite-mcp-server/kc/alerts/pnl.go:170.2,176.28 6 1
github.com/zerodha/kite-mcp-server/kc/alerts/pnl.go:176.28,179.20 2 1
github.com/zerodha/kite-mcp-server/kc/alerts/pnl.go:179.20,181.4 1 1
github.com/zerodha/kite-mcp-server/kc/alerts/pnl.go:181.9,183.4 1 1
github.com/zerodha/kite-mcp-server/kc/alerts/pnl.go:185.3,185.50 1 1
github.com/zerodha/kite-mcp-server/kc/alerts/pnl.go:185.50,188.4 2 1
github.com/zerodha/kite-mcp-server/kc/alerts/pnl.go:189.3,189.52 1 1
github.com/zerodha/kite-mcp-server/kc/alerts/pnl.go:189.52,192.4 2 1
github.com/zerodha/kite-mcp-server/kc/alerts/pnl.go:195.3,195.20 1 1
github.com/zerodha/kite-mcp-server/kc/alerts/pnl.go:195.20,196.22 1 1
github.com/zerodha/kite-mcp-server/kc/alerts/pnl.go:196.22,198.5 1 1
github.com/zerodha/kite-mcp-server/kc/alerts/pnl.go:198.10,200.5 1 1
github.com/zerodha/kite-mcp-server/kc/alerts/pnl.go:201.9,202.22 1 1
github.com/zerodha/kite-mcp-server/kc/alerts/pnl.go:202.22,204.5 1 1
github.com/zerodha/kite-mcp-server/kc/alerts/pnl.go:204.10,206.5 1 1
github.com/zerodha/kite-mcp-server/kc/alerts/pnl.go:209.3,209.29 1 1
github.com/zerodha/kite-mcp-server/kc/alerts/pnl.go:209.29,211.4 1 1
github.com/zerodha/kite-mcp-server/kc/alerts/pnl.go:212.3,212.30 1 1
github.com/zerodha/kite-mcp-server/kc/alerts/pnl.go:212.30,214.4 1 1
github.com/zerodha/kite-mcp-server/kc/alerts/pnl.go:217.2,225.20 8 1
github.com/zerodha/kite-mcp-server/kc/alerts/store.go:34.46,36.2 1 1
github.com/zerodha/kite-mcp-server/kc/alerts/store.go:56.58,57.21 1 1
github.com/zerodha/kite-mcp-server/kc/alerts/store.go:58.22,59.39 1 1
github.com/zerodha/kite-mcp-server/kc/alerts/store.go:60.22,61.39 1 1
github.com/zerodha/kite-mcp-server/kc/alerts/store.go:62.24,63.28 1 1
github.com/zerodha/kite-mcp-server/kc/alerts/store.go:63.28,65.4 1 1
github.com/zerodha/kite-mcp-server/kc/alerts/store.go:66.3,67.36 2 1
github.com/zerodha/kite-mcp-server/kc/alerts/store.go:68.24,69.28 1 1
github.com/zerodha/kite-mcp-server/kc/alerts/store.go:69.28,71.4 1 1
github.com/zerodha/kite-mcp-server/kc/alerts/store.go:72.3,73.36 2 1
github.com/zerodha/kite-mcp-server/kc/alerts/store.go:74.10,75.15 1 1
github.com/zerodha/kite-mcp-server/kc/alerts/store.go:81.58,82.17 1 1
github.com/zerodha/kite-mcp-server/kc/alerts/store.go:82.17,84.3 1 1
github.com/zerodha/kite-mcp-server/kc/alerts/store.go:85.2,88.13 4 1
github.com/zerodha/kite-mcp-server/kc/alerts/store.go:92.42,94.2 1 1
github.com/zerodha/kite-mcp-server/kc/alerts/store.go:111.47,118.2 1 1
github.com/zerodha/kite-mcp-server/kc/alerts/store.go:121.48,123.2 1 1
github.com/zerodha/kite-mcp-server/kc/alerts/store.go:126.31,128.2 1 1
github.com/zerodha/kite-mcp-server/kc/alerts/store.go:131.36,132.17 1 1
github.com/zerodha/kite-mcp-server/kc/alerts/store.go:132.17,134.3 1 1
github.com/zerodha/kite-mcp-server/kc/alerts/store.go:135.2,136.16 2 1
github.com/zerodha/kite-mcp-server/kc/alerts/store.go:136.16,138.3 1 1
github.com/zerodha/kite-mcp-server/kc/alerts/store.go:139.2,140.16 2 1
github.com/zerodha/kite-mcp-server/kc/alerts/store.go:140.16,142.3 1 1
github.com/zerodha/kite-mcp-server/kc/alerts/store.go:143.2,145.34 3 1
github.com/zerodha/kite-mcp-server/kc/alerts/store.go:145.34,147.3 1 1
github.com/zerodha/kite-mcp-server/kc/alerts/store.go:148.2,148.37 1 1
github.com/zerodha/kite-mcp-server/kc/alerts/store.go:148.37,150.3 1 1
github.com/zerodha/kite-mcp-server/kc/alerts/store.go:151.2,151.12 1 1
github.com/zerodha/kite-mcp-server/kc/alerts/store.go:156.142,158.2 1 1
github.com/zerodha/kite-mcp-server/kc/alerts/store.go:162.184,166.46 3 1
github.com/zerodha/kite-mcp-server/kc/alerts/store.go:166.46,168.3 1 1
github.com/zerodha/kite-mcp-server/kc/alerts/store.go:170.2,183.17 3 1
github.com/zerodha/kite-mcp-server/kc/alerts/store.go:183.17,184.47 1 1
github.com/zerodha/kite-mcp-server/kc/alerts/store.go:184.47,186.4 1 1
github.com/zerodha/kite-mcp-server/kc/alerts/store.go:188.2,188.22 1 1
github.com/zerodha/kite-mcp-server/kc/alerts/store.go:192.53,197.9 4 1
github.com/zerodha/kite-mcp-server/kc/alerts/store.go:197.9,199.3 1 1
github.com/zerodha/kite-mcp-server/kc/alerts/store.go:201.2,201.27 1 1
github.com/zerodha/kite-mcp-server/kc/alerts/store.go:201.27,202.22 1 1
github.com/zerodha/kite-mcp-server/kc/alerts/store.go:202.22,204.19 2 1
github.com/zerodha/kite-mcp-server/kc/alerts/store.go:204.19,205.60 1 1
github.com/zerodha/kite-mcp-server/kc/alerts/store.go:205.60,207.6 1 1
github.com/zerodha/kite-mcp-server/kc/alerts/store.go:209.4,209.14 1 1
github.com/zerodha/kite-mcp-server/kc/alerts/store.go:213.2,213.50 1 1
github.com/zerodha/kite-mcp-server/kc/alerts/store.go:218.45,225.17 5 1
github.com/zerodha/kite-mcp-server/kc/alerts/store.go:225.17,226.57 1 1
github.com/zerodha/kite-mcp-server/kc/alerts/store.go:226.57,228.4 1 1
github.com/zerodha/kite-mcp-server/kc/alerts/store.go:229.3,229.58 1 1
github.com/zerodha/kite-mcp-server/kc/alerts/store.go:229.58,231.4 1 1
github.com/zerodha/kite-mcp-server/kc/alerts/store.go:237.45,243.27 5 1
github.com/zerodha/kite-mcp-server/kc/alerts/store.go:243.27,246.3 2 1
github.com/zerodha/kite-mcp-server/kc/alerts/store.go:247.2,247.15 1 1
github.com/zerodha/kite-mcp-server/kc/alerts/store.go:252.61,257.34 4 1
github.com/zerodha/kite-mcp-server/kc/alerts/store.go:257.34,258.28 1 1
github.com/zerodha/kite-mcp-server/kc/alerts/store.go:258.28,259.60 1 1
github.com/zerodha/kite-mcp-server/kc/alerts/store.go:259.60,262.5 2 1
github.com/zerodha/kite-mcp-server/kc/alerts/store.go:265.2,265.16 1 1
github.com/zerodha/kite-mcp-server/kc/alerts/store.go:270.74,274.34 3 1
github.com/zerodha/kite-mcp-server/kc/alerts/store.go:274.34,275.28 1 1
github.com/zerodha/kite-mcp-server/kc/alerts/store.go:275.28,276.23 1 1
github.com/zerodha/kite-mcp-server/kc/alerts/store.go:276.23,277.39 1 1
github.com/zerodha/kite-mcp-server/kc/alerts/store.go:277.39,279.6 1 1
github.com/zerodha/kite-mcp-server/kc/alerts/store.go:280.5,280.20 1 1
github.com/zerodha/kite-mcp-server/kc/alerts/store.go:280.20,281.87 1 1
github.com/zerodha/kite-mcp-server/kc/alerts/store.go:281.87,283.7 1 1
github.com/zerodha/kite-mcp-server/kc/alerts/store.go:285.5,285.16 1 1
github.com/zerodha/kite-mcp-server/kc/alerts/store.go:289.2,289.14 1 1
github.com/zerodha/kite-mcp-server/kc/alerts/store.go:293.72,297.34 3 1
github.com/zerodha/kite-mcp-server/kc/alerts/store.go:297.34,298.28 1 1
github.com/zerodha/kite-mcp-server/kc/alerts/store.go:298.28,299.23 1 1
github.com/zerodha/kite-mcp-server/kc/alerts/store.go:299.23,301.10 2 1
github.com/zerodha/kite-mcp-server/kc/alerts/store.go:305.2,305.17 1 1
github.com/zerodha/kite-mcp-server/kc/alerts/store.go:305.17,306.71 1 1
github.com/zerodha/kite-mcp-server/kc/alerts/store.go:306.71,308.4 1 1
github.com/zerodha/kite-mcp-server/kc/alerts/store.go:313.63,317.17 4 1
github.com/zerodha/kite-mcp-server/kc/alerts/store.go:317.17,318.64 1 1
github.com/zerodha/kite-mcp-server/kc/alerts/store.go:318.64,320.4 1 1
github.com/zerodha/kite-mcp-server/kc/alerts/store.go:325.63,330.2 4 1
github.com/zerodha/kite-mcp-server/kc/alerts/store.go:334.63,337.36 3 1
github.com/zerodha/kite-mcp-server/kc/alerts/store.go:337.36,338.19 1 1
github.com/zerodha/kite-mcp-server/kc/alerts/store.go:338.19,340.4 1 1
github.com/zerodha/kite-mcp-server/kc/alerts/store.go:342.2,342.18 1 1
github.com/zerodha/kite-mcp-server/kc/alerts/store.go:347.47,351.38 4 1
github.com/zerodha/kite-mcp-server/kc/alerts/store.go:351.38,353.28 2 1
github.com/zerodha/kite-mcp-server/kc/alerts/store.go:353.28,356.4 2 1
github.com/zerodha/kite-mcp-server/kc/alerts/store.go:357.3,357.18 1 1
github.com/zerodha/kite-mcp-server/kc/alerts/store.go:359.2,359.12 1 1
github.com/zerodha/kite-mcp-server/kc/alerts/store.go:363.52,367.40 4 1
github.com/zerodha/kite-mcp-server/kc/alerts/store.go:367.40,369.3 1 1
github.com/zerodha/kite-mcp-server/kc/alerts/store.go:370.2,370.12 1 1
github.com/zerodha/kite-mcp-server/kc/alerts/store.go:374.47,379.36 4 1
github.com/zerodha/kite-mcp-server/kc/alerts/store.go:379.36,380.19 1 1
github.com/zerodha/kite-mcp-server/kc/alerts/store.go:380.19,382.4 1 1
github.com/zerodha/kite-mcp-server/kc/alerts/store.go:384.2,384.14 1 1
github.com/zerodha/kite-mcp-server/kc/alerts/telegram.go:17.62,19.3 1 1
github.com/zerodha/kite-mcp-server/kc/alerts/telegram.go:23.46,24.120 1 1
github.com/zerodha/kite-mcp-server/kc/alerts/telegram.go:24.120,26.3 1 1
github.com/zerodha/kite-mcp-server/kc/alerts/telegram.go:27.2,27.10 1 1
github.com/zerodha/kite-mcp-server/kc/alerts/telegram.go:39.105,40.20 1 1
github.com/zerodha/kite-mcp-server/kc/alerts/telegram.go:40.20,43.3 2 1
github.com/zerodha/kite-mcp-server/kc/alerts/telegram.go:45.2,50.16 5 1
github.com/zerodha/kite-mcp-server/kc/alerts/telegram.go:50.16,52.3 1 1
github.com/zerodha/kite-mcp-server/kc/alerts/telegram.go:54.2,60.8 2 1
github.com/zerodha/kite-mcp-server/kc/alerts/telegram.go:66.73,67.30 1 1
github.com/zerodha/kite-mcp-server/kc/alerts/telegram.go:67.30,69.3 1 1
github.com/zerodha/kite-mcp-server/kc/alerts/telegram.go:70.2,73.12 4 1
github.com/zerodha/kite-mcp-server/kc/alerts/telegram.go:77.77,78.30 1 1
github.com/zerodha/kite-mcp-server/kc/alerts/telegram.go:78.30,80.3 1 1
github.com/zerodha/kite-mcp-server/kc/alerts/telegram.go:81.2,84.12 4 1
github.com/zerodha/kite-mcp-server/kc/alerts/telegram.go:89.38,91.2 1 1
github.com/zerodha/kite-mcp-server/kc/alerts/telegram.go:94.51,95.14 1 1
github.com/zerodha/kite-mcp-server/kc/alerts/telegram.go:95.14,97.3 1 1
github.com/zerodha/kite-mcp-server/kc/alerts/telegram.go:98.2,98.14 1 1
github.com/zerodha/kite-mcp-server/kc/alerts/telegram.go:102.43,104.2 1 1
github.com/zerodha/kite-mcp-server/kc/alerts/telegram.go:107.50,109.2 1 1
github.com/zerodha/kite-mcp-server/kc/alerts/telegram.go:112.71,113.30 1 1
github.com/zerodha/kite-mcp-server/kc/alerts/telegram.go:113.30,115.3 1 1
github.com/zerodha/kite-mcp-server/kc/alerts/telegram.go:117.2,118.9 2 1
github.com/zerodha/kite-mcp-server/kc/alerts/telegram.go:118.9,121.3 2 1
github.com/zerodha/kite-mcp-server/kc/alerts/telegram.go:123.2,124.25 2 1
github.com/zerodha/kite-mcp-server/kc/alerts/telegram.go:125.40,126.23 1 1
github.com/zerodha/kite-mcp-server/kc/alerts/telegram.go:127.10,128.23 1 1
github.com/zerodha/kite-mcp-server/kc/alerts/telegram.go:131.2,132.31 2 1
github.com/zerodha/kite-mcp-server/kc/alerts/telegram.go:132.31,134.42 2 1
github.com/zerodha/kite-mcp-server/kc/alerts/telegram.go:134.42,136.4 1 1
github.com/zerodha/kite-mcp-server/kc/alerts/telegram.go:136.9,138.4 1 1
github.com/zerodha/kite-mcp-server/kc/alerts/telegram.go:139.3,140.31 2 1
github.com/zerodha/kite-mcp-server/kc/alerts/telegram.go:140.31,142.4 1 1
github.com/zerodha/kite-mcp-server/kc/alerts/telegram.go:143.3,154.4 1 1
github.com/zerodha/kite-mcp-server/kc/alerts/telegram.go:155.8,167.3 1 1
github.com/zerodha/kite-mcp-server/kc/alerts/telegram.go:169.2,172.43 3 1
github.com/zerodha/kite-mcp-server/kc/alerts/telegram.go:172.43,178.3 1 1
github.com/zerodha/kite-mcp-server/kc/alerts/telegram.go:178.8,185.3 2 1
github.com/zerodha/kite-mcp-server/kc/alerts/trailing.go:65.71,72.2 1 1
github.com/zerodha/kite-mcp-server/kc/alerts/trailing.go:75.45,77.2 1 1
github.com/zerodha/kite-mcp-server/kc/alerts/trailing.go:80.93,82.2 1 1
github.com/zerodha/kite-mcp-server/kc/alerts/trailing.go:85.96,87.2 1 1
github.com/zerodha/kite-mcp-server/kc/alerts/trailing.go:90.50,91.17 1 1
github.com/zerodha/kite-mcp-server/kc/alerts/trailing.go:91.17,93.3 1 1
github.com/zerodha/kite-mcp-server/kc/alerts/trailing.go:94.2,95.16 2 1
github.com/zerodha/kite-mcp-server/kc/alerts/trailing.go:95.16,97.3 1 1
github.com/zerodha/kite-mcp-server/kc/alerts/trailing.go:98.2,100.27 3 1
github.com/zerodha/kite-mcp-server/kc/alerts/trailing.go:100.27,103.3 2 1
github.com/zerodha/kite-mcp-server/kc/alerts/trailing.go:104.2,105.12 2 1
github.com/zerodha/kite-mcp-server/kc/alerts/trailing.go:109.69,110.22 1 1
github.com/zerodha/kite-mcp-server/kc/alerts/trailing.go:110.22,112.3 1 1
github.com/zerodha/kite-mcp-server/kc/alerts/trailing.go:113.2,113.55 1 1
github.com/zerodha/kite-mcp-server/kc/alerts/trailing.go:113.55,115.3 1 1
github.com/zerodha/kite-mcp-server/kc/alerts/trailing.go:116.2,116.45 1 1
github.com/zerodha/kite-mcp-server/kc/alerts/trailing.go:116.45,118.3 1 1
github.com/zerodha/kite-mcp-server/kc/alerts/trailing.go:119.2,119.25 1 1
github.com/zerodha/kite-mcp-server/kc/alerts/trailing.go:119.25,121.3 1 1
github.com/zerodha/kite-mcp-server/kc/alerts/trailing.go:122.2,122.27 1 1
github.com/zerodha/kite-mcp-server/kc/alerts/trailing.go:122.27,124.3 1 1
github.com/zerodha/kite-mcp-server/kc/alerts/trailing.go:126.2,129.22 4 1
github.com/zerodha/kite-mcp-server/kc/alerts/trailing.go:129.22,131.3 1 1
github.com/zerodha/kite-mcp-server/kc/alerts/trailing.go:133.2,138.28 4 1
github.com/zerodha/kite-mcp-server/kc/alerts/trailing.go:138.28,139.38 1 1
github.com/zerodha/kite-mcp-server/kc/alerts/trailing.go:139.38,141.4 1 1
github.com/zerodha/kite-mcp-server/kc/alerts/trailing.go:143.2,143.17 1 1
github.com/zerodha/kite-mcp-server/kc/alerts/trailing.go:143.17,145.3 1 1
github.com/zerodha/kite-mcp-server/kc/alerts/trailing.go:147.2,150.17 3 1
github.com/zerodha/kite-mcp-server/kc/alerts/trailing.go:150.17,151.51 1 1
github.com/zerodha/kite-mcp-server/kc/alerts/trailing.go:151.51,153.4 1 1
github.com/zerodha/kite-mcp-server/kc/alerts/trailing.go:156.2,156.19 1 1
github.com/zerodha/kite-mcp-server/kc/alerts/trailing.go:160.62,165.9 4 1
github.com/zerodha/kite-mcp-server/kc/alerts/trailing.go:165.9,167.3 1 1
github.com/zerodha/kite-mcp-server/kc/alerts/trailing.go:168.2,168.23 1 1
github.com/zerodha/kite-mcp-server/kc/alerts/trailing.go:168.23,170.3 1 1
github.com/zerodha/kite-mcp-server/kc/alerts/trailing.go:171.2,171.16 1 1
github.com/zerodha/kite-mcp-server/kc/alerts/trailing.go:171.16,173.3 1 1
github.com/zerodha/kite-mcp-server/kc/alerts/trailing.go:175.2,178.17 3 1
github.com/zerodha/kite-mcp-server/kc/alerts/trailing.go:178.17,179.57 1 1
github.com/zerodha/kite-mcp-server/kc/alerts/trailing.go:179.57,181.4 1 1
github.com/zerodha/kite-mcp-server/kc/alerts/trailing.go:184.2,184.12 1 1
github.com/zerodha/kite-mcp-server/kc/alerts/trailing.go:189.59,194.30 4 1
github.com/zerodha/kite-mcp-server/kc/alerts/trailing.go:194.30,195.37 1 1
github.com/zerodha/kite-mcp-server/kc/alerts/trailing.go:195.37,198.19 3 1
github.com/zerodha/kite-mcp-server/kc/alerts/trailing.go:198.19,199.59 1 1
github.com/zerodha/kite-mcp-server/kc/alerts/trailing.go:199.59,201.6 1 1
github.com/zerodha/kite-mcp-server/kc/alerts/trailing.go:208.66,213.29 4 1
github.com/zerodha/kite-mcp-server/kc/alerts/trailing.go:213.29,214.24 1 1
github.com/zerodha/kite-mcp-server/kc/alerts/trailing.go:214.24,217.4 2 1
github.com/zerodha/kite-mcp-server/kc/alerts/trailing.go:219.2,219.15 1 1
github.com/zerodha/kite-mcp-server/kc/alerts/trailing.go:224.72,227.19 3 1
github.com/zerodha/kite-mcp-server/kc/alerts/trailing.go:227.19,230.3 2 1
github.com/zerodha/kite-mcp-server/kc/alerts/trailing.go:232.2,236.29 4 1
github.com/zerodha/kite-mcp-server/kc/alerts/trailing.go:236.29,238.3 1 1
github.com/zerodha/kite-mcp-server/kc/alerts/trailing.go:242.80,245.44 3 1
github.com/zerodha/kite-mcp-server/kc/alerts/trailing.go:245.44,248.3 2 1
github.com/zerodha/kite-mcp-server/kc/alerts/trailing.go:251.2,251.83 1 1
github.com/zerodha/kite-mcp-server/kc/alerts/trailing.go:251.83,254.3 2 1
github.com/zerodha/kite-mcp-server/kc/alerts/trailing.go:256.2,260.22 4 1
github.com/zerodha/kite-mcp-server/kc/alerts/trailing.go:261.14,263.35 1 1
github.com/zerodha/kite-mcp-server/kc/alerts/trailing.go:263.35,265.23 2 1
github.com/zerodha/kite-mcp-server/kc/alerts/trailing.go:265.23,267.5 1 1
github.com/zerodha/kite-mcp-server/kc/alerts/trailing.go:267.10,269.5 1 1
github.com/zerodha/kite-mcp-server/kc/alerts/trailing.go:271.4,271.32 1 1
github.com/zerodha/kite-mcp-server/kc/alerts/trailing.go:271.32,273.5 1 1
github.com/zerodha/kite-mcp-server/kc/alerts/trailing.go:275.15,277.60 1 1
github.com/zerodha/kite-mcp-server/kc/alerts/trailing.go:277.60,279.23 2 1
github.com/zerodha/kite-mcp-server/kc/alerts/trailing.go:279.23,281.5 1 1
github.com/zerodha/kite-mcp-server/kc/alerts/trailing.go:281.10,283.5 1 1
github.com/zerodha/kite-mcp-server/kc/alerts/trailing.go:285.4,285.32 1 1
github.com/zerodha/kite-mcp-server/kc/alerts/trailing.go:285.32,287.5 1 1
github.com/zerodha/kite-mcp-server/kc/alerts/trailing.go:291.2,291.15 1 1
github.com/zerodha/kite-mcp-server/kc/alerts/trailing.go:291.15,293.61 1 1
github.com/zerodha/kite-mcp-server/kc/alerts/trailing.go:293.61,295.4 1 1
github.com/zerodha/kite-mcp-server/kc/alerts/trailing.go:295.9,295.69 1 1
github.com/zerodha/kite-mcp-server/kc/alerts/trailing.go:295.69,297.4 1 1
github.com/zerodha/kite-mcp-server/kc/alerts/trailing.go:298.3,299.9 2 1
github.com/zerodha/kite-mcp-server/kc/alerts/trailing.go:303.2,317.17 10 1
github.com/zerodha/kite-mcp-server/kc/alerts/trailing.go:317.17,318.86 1 1
github.com/zerodha/kite-mcp-server/kc/alerts/trailing.go:318.86,320.4 1 1
github.com/zerodha/kite-mcp-server/kc/alerts/trailing.go:324.2,324.26 1 1
github.com/zerodha/kite-mcp-server/kc/alerts/trailing.go:324.26,327.3 2 1
github.com/zerodha/kite-mcp-server/kc/alerts/trailing.go:329.2,330.16 2 1
github.com/zerodha/kite-mcp-server/kc/alerts/trailing.go:330.16,333.3 2 1
github.com/zerodha/kite-mcp-server/kc/alerts/trailing.go:335.2,340.16 3 1
github.com/zerodha/kite-mcp-server/kc/alerts/trailing.go:340.16,348.3 2 1
github.com/zerodha/kite-mcp-server/kc/alerts/trailing.go:350.2,360.23 2 1
github.com/zerodha/kite-mcp-server/kc/alerts/trailing.go:360.23,362.3 1 1
