mode: set
github.com/zerodha/kite-mcp-server/kc/audit/middleware.go:16.60,17.66 1 1
github.com/zerodha/kite-mcp-server/kc/audit/middleware.go:17.66,18.98 1 1
github.com/zerodha/kite-mcp-server/kc/audit/middleware.go:18.98,33.65 9 1
github.com/zerodha/kite-mcp-server/kc/audit/middleware.go:33.65,35.5 1 0
github.com/zerodha/kite-mcp-server/kc/audit/middleware.go:38.4,52.69 3 1
github.com/zerodha/kite-mcp-server/kc/audit/middleware.go:52.69,54.5 1 1
github.com/zerodha/kite-mcp-server/kc/audit/middleware.go:57.4,57.18 1 1
github.com/zerodha/kite-mcp-server/kc/audit/middleware.go:57.18,61.5 3 1
github.com/zerodha/kite-mcp-server/kc/audit/middleware.go:61.10,61.28 1 1
github.com/zerodha/kite-mcp-server/kc/audit/middleware.go:61.28,63.23 2 1
github.com/zerodha/kite-mcp-server/kc/audit/middleware.go:63.23,67.6 3 1
github.com/zerodha/kite-mcp-server/kc/audit/middleware.go:69.5,69.65 1 1
github.com/zerodha/kite-mcp-server/kc/audit/middleware.go:69.65,71.6 1 1
github.com/zerodha/kite-mcp-server/kc/audit/middleware.go:75.4,75.96 1 1
github.com/zerodha/kite-mcp-server/kc/audit/middleware.go:75.96,76.48 1 1
github.com/zerodha/kite-mcp-server/kc/audit/middleware.go:76.48,79.52 2 1
github.com/zerodha/kite-mcp-server/kc/audit/middleware.go:79.52,80.42 1 1
github.com/zerodha/kite-mcp-server/kc/audit/middleware.go:80.42,82.8 1 1
github.com/zerodha/kite-mcp-server/kc/audit/middleware.go:84.7,84.30 1 1
github.com/zerodha/kite-mcp-server/kc/audit/middleware.go:84.30,85.57 1 1
github.com/zerodha/kite-mcp-server/kc/audit/middleware.go:85.57,86.44 1 1
github.com/zerodha/kite-mcp-server/kc/audit/middleware.go:86.44,88.10 1 1
github.com/zerodha/kite-mcp-server/kc/audit/middleware.go:96.4,98.22 2 1
github.com/zerodha/kite-mcp-server/kc/audit/sanitize.go:18.59,19.19 1 1
github.com/zerodha/kite-mcp-server/kc/audit/sanitize.go:19.19,21.3 1 1
github.com/zerodha/kite-mcp-server/kc/audit/sanitize.go:23.2,24.27 2 1
github.com/zerodha/kite-mcp-server/kc/audit/sanitize.go:24.27,25.53 1 1
github.com/zerodha/kite-mcp-server/kc/audit/sanitize.go:25.53,27.4 1 1
github.com/zerodha/kite-mcp-server/kc/audit/sanitize.go:27.9,29.4 1 1
github.com/zerodha/kite-mcp-server/kc/audit/sanitize.go:31.2,31.12 1 1
github.com/zerodha/kite-mcp-server/kc/audit/sanitize.go:132.43,133.45 1 1
github.com/zerodha/kite-mcp-server/kc/audit/sanitize.go:133.45,135.3 1 1
github.com/zerodha/kite-mcp-server/kc/audit/sanitize.go:136.2,136.16 1 1
github.com/zerodha/kite-mcp-server/kc/audit/store.go:70.32,72.2 1 1
github.com/zerodha/kite-mcp-server/kc/audit/store.go:75.48,77.2 1 1
github.com/zerodha/kite-mcp-server/kc/audit/store.go:81.46,87.2 4 1
github.com/zerodha/kite-mcp-server/kc/audit/store.go:91.48,92.43 1 1
github.com/zerodha/kite-mcp-server/kc/audit/store.go:92.43,94.3 1 1
github.com/zerodha/kite-mcp-server/kc/audit/store.go:95.2,97.41 3 1
github.com/zerodha/kite-mcp-server/kc/audit/store.go:102.29,103.22 1 1
github.com/zerodha/kite-mcp-server/kc/audit/store.go:103.22,105.3 1 1
github.com/zerodha/kite-mcp-server/kc/audit/store.go:106.2,111.63 5 1
github.com/zerodha/kite-mcp-server/kc/audit/store.go:111.63,113.3 1 1
github.com/zerodha/kite-mcp-server/kc/audit/store.go:113.8,118.3 3 1
github.com/zerodha/kite-mcp-server/kc/audit/store.go:123.31,126.12 3 1
github.com/zerodha/kite-mcp-server/kc/audit/store.go:126.12,128.32 2 1
github.com/zerodha/kite-mcp-server/kc/audit/store.go:128.32,131.42 2 1
github.com/zerodha/kite-mcp-server/kc/audit/store.go:131.42,132.24 1 1
github.com/zerodha/kite-mcp-server/kc/audit/store.go:132.24,134.6 1 1
github.com/zerodha/kite-mcp-server/kc/audit/store.go:135.10,138.5 1 1
github.com/zerodha/kite-mcp-server/kc/audit/store.go:145.51,146.22 1 1
github.com/zerodha/kite-mcp-server/kc/audit/store.go:146.22,148.3 1 1
github.com/zerodha/kite-mcp-server/kc/audit/store.go:149.2,156.30 7 1
github.com/zerodha/kite-mcp-server/kc/audit/store.go:160.42,161.22 1 1
github.com/zerodha/kite-mcp-server/kc/audit/store.go:161.22,165.3 2 1
github.com/zerodha/kite-mcp-server/kc/audit/store.go:166.2,166.9 1 1
github.com/zerodha/kite-mcp-server/kc/audit/store.go:167.26,167.26 0 1
github.com/zerodha/kite-mcp-server/kc/audit/store.go:168.10,169.22 1 1
github.com/zerodha/kite-mcp-server/kc/audit/store.go:169.22,171.4 1 1
github.com/zerodha/kite-mcp-server/kc/audit/store.go:176.24,177.22 1 1
github.com/zerodha/kite-mcp-server/kc/audit/store.go:177.22,180.3 2 1
github.com/zerodha/kite-mcp-server/kc/audit/store.go:184.35,213.42 2 1
github.com/zerodha/kite-mcp-server/kc/audit/store.go:213.42,215.3 1 1
github.com/zerodha/kite-mcp-server/kc/audit/store.go:219.2,228.12 7 1
github.com/zerodha/kite-mcp-server/kc/audit/store.go:236.47,238.19 2 1
github.com/zerodha/kite-mcp-server/kc/audit/store.go:238.19,240.3 1 1
github.com/zerodha/kite-mcp-server/kc/audit/store.go:243.2,246.49 4 1
github.com/zerodha/kite-mcp-server/kc/audit/store.go:246.49,249.17 3 1
github.com/zerodha/kite-mcp-server/kc/audit/store.go:249.17,251.4 1 1
github.com/zerodha/kite-mcp-server/kc/audit/store.go:252.3,252.25 1 1
github.com/zerodha/kite-mcp-server/kc/audit/store.go:255.2,284.16 3 1
github.com/zerodha/kite-mcp-server/kc/audit/store.go:284.16,286.3 1 1
github.com/zerodha/kite-mcp-server/kc/audit/store.go:287.2,287.12 1 1
github.com/zerodha/kite-mcp-server/kc/audit/store.go:293.80,302.25 6 1
github.com/zerodha/kite-mcp-server/kc/audit/store.go:302.25,305.3 2 1
github.com/zerodha/kite-mcp-server/kc/audit/store.go:306.2,306.21 1 1
github.com/zerodha/kite-mcp-server/kc/audit/store.go:306.21,308.3 1 1
github.com/zerodha/kite-mcp-server/kc/audit/store.go:309.2,309.26 1 1
github.com/zerodha/kite-mcp-server/kc/audit/store.go:309.26,312.3 2 1
github.com/zerodha/kite-mcp-server/kc/audit/store.go:313.2,313.26 1 1
github.com/zerodha/kite-mcp-server/kc/audit/store.go:313.26,316.3 2 1
github.com/zerodha/kite-mcp-server/kc/audit/store.go:318.2,323.72 4 1
github.com/zerodha/kite-mcp-server/kc/audit/store.go:323.72,325.3 1 1
github.com/zerodha/kite-mcp-server/kc/audit/store.go:328.2,335.20 2 1
github.com/zerodha/kite-mcp-server/kc/audit/store.go:335.20,337.3 1 1
github.com/zerodha/kite-mcp-server/kc/audit/store.go:338.2,338.21 1 1
github.com/zerodha/kite-mcp-server/kc/audit/store.go:338.21,340.3 1 1
github.com/zerodha/kite-mcp-server/kc/audit/store.go:342.2,343.16 2 1
github.com/zerodha/kite-mcp-server/kc/audit/store.go:343.16,345.3 1 0
github.com/zerodha/kite-mcp-server/kc/audit/store.go:346.2,349.18 3 1
github.com/zerodha/kite-mcp-server/kc/audit/store.go:349.18,351.17 2 1
github.com/zerodha/kite-mcp-server/kc/audit/store.go:351.17,353.4 1 1
github.com/zerodha/kite-mcp-server/kc/audit/store.go:354.3,354.32 1 1
github.com/zerodha/kite-mcp-server/kc/audit/store.go:356.2,356.35 1 1
github.com/zerodha/kite-mcp-server/kc/audit/store.go:356.35,358.3 1 0
github.com/zerodha/kite-mcp-server/kc/audit/store.go:359.2,359.28 1 1
github.com/zerodha/kite-mcp-server/kc/audit/store.go:366.69,382.16 3 1
github.com/zerodha/kite-mcp-server/kc/audit/store.go:382.16,384.3 1 0
github.com/zerodha/kite-mcp-server/kc/audit/store.go:386.2,397.74 10 1
github.com/zerodha/kite-mcp-server/kc/audit/store.go:397.74,399.22 2 1
github.com/zerodha/kite-mcp-server/kc/audit/store.go:399.22,401.4 1 1
github.com/zerodha/kite-mcp-server/kc/audit/store.go:404.2,406.16 3 1
github.com/zerodha/kite-mcp-server/kc/audit/store.go:406.16,408.3 1 1
github.com/zerodha/kite-mcp-server/kc/audit/store.go:409.2,410.16 2 1
github.com/zerodha/kite-mcp-server/kc/audit/store.go:410.16,412.3 1 1
github.com/zerodha/kite-mcp-server/kc/audit/store.go:414.2,414.17 1 1
github.com/zerodha/kite-mcp-server/kc/audit/store.go:418.80,430.16 4 1
github.com/zerodha/kite-mcp-server/kc/audit/store.go:430.16,432.3 1 1
github.com/zerodha/kite-mcp-server/kc/audit/store.go:433.2,436.18 3 1
github.com/zerodha/kite-mcp-server/kc/audit/store.go:436.18,438.17 2 1
github.com/zerodha/kite-mcp-server/kc/audit/store.go:438.17,440.4 1 1
github.com/zerodha/kite-mcp-server/kc/audit/store.go:441.3,441.32 1 1
github.com/zerodha/kite-mcp-server/kc/audit/store.go:443.2,443.35 1 1
github.com/zerodha/kite-mcp-server/kc/audit/store.go:443.35,445.3 1 0
github.com/zerodha/kite-mcp-server/kc/audit/store.go:446.2,446.21 1 1
github.com/zerodha/kite-mcp-server/kc/audit/store.go:452.81,462.16 5 1
github.com/zerodha/kite-mcp-server/kc/audit/store.go:462.16,464.3 1 1
github.com/zerodha/kite-mcp-server/kc/audit/store.go:466.2,467.16 2 1
github.com/zerodha/kite-mcp-server/kc/audit/store.go:467.16,469.3 1 1
github.com/zerodha/kite-mcp-server/kc/audit/store.go:472.2,485.16 4 1
github.com/zerodha/kite-mcp-server/kc/audit/store.go:485.16,487.3 1 0
github.com/zerodha/kite-mcp-server/kc/audit/store.go:488.2,491.18 3 1
github.com/zerodha/kite-mcp-server/kc/audit/store.go:491.18,493.17 2 1
github.com/zerodha/kite-mcp-server/kc/audit/store.go:493.17,495.4 1 1
github.com/zerodha/kite-mcp-server/kc/audit/store.go:496.3,496.32 1 1
github.com/zerodha/kite-mcp-server/kc/audit/store.go:498.2,498.35 1 1
github.com/zerodha/kite-mcp-server/kc/audit/store.go:498.35,500.3 1 0
github.com/zerodha/kite-mcp-server/kc/audit/store.go:501.2,501.21 1 1
github.com/zerodha/kite-mcp-server/kc/audit/store.go:508.66,511.22 2 1
github.com/zerodha/kite-mcp-server/kc/audit/store.go:511.22,516.3 1 1
github.com/zerodha/kite-mcp-server/kc/audit/store.go:518.2,519.16 2 1
github.com/zerodha/kite-mcp-server/kc/audit/store.go:519.16,521.3 1 1
github.com/zerodha/kite-mcp-server/kc/audit/store.go:522.2,523.16 2 1
github.com/zerodha/kite-mcp-server/kc/audit/store.go:523.16,525.3 1 0
github.com/zerodha/kite-mcp-server/kc/audit/store.go:528.2,528.62 1 1
github.com/zerodha/kite-mcp-server/kc/audit/store.go:528.62,550.48 10 1
github.com/zerodha/kite-mcp-server/kc/audit/store.go:550.48,551.23 1 0
github.com/zerodha/kite-mcp-server/kc/audit/store.go:551.23,553.5 1 0
github.com/zerodha/kite-mcp-server/kc/audit/store.go:557.2,557.21 1 1
github.com/zerodha/kite-mcp-server/kc/audit/store.go:572.107,580.21 6 1
github.com/zerodha/kite-mcp-server/kc/audit/store.go:580.21,583.3 2 1
github.com/zerodha/kite-mcp-server/kc/audit/store.go:584.2,584.20 1 1
github.com/zerodha/kite-mcp-server/kc/audit/store.go:584.20,587.3 2 1
github.com/zerodha/kite-mcp-server/kc/audit/store.go:588.2,588.16 1 1
github.com/zerodha/kite-mcp-server/kc/audit/store.go:588.16,590.3 1 1
github.com/zerodha/kite-mcp-server/kc/audit/store.go:592.2,598.101 5 1
github.com/zerodha/kite-mcp-server/kc/audit/store.go:598.101,600.3 1 1
github.com/zerodha/kite-mcp-server/kc/audit/store.go:603.2,608.58 5 1
github.com/zerodha/kite-mcp-server/kc/audit/store.go:608.58,609.27 1 1
github.com/zerodha/kite-mcp-server/kc/audit/store.go:609.27,612.4 2 1
github.com/zerodha/kite-mcp-server/kc/audit/store.go:612.9,614.4 1 0
github.com/zerodha/kite-mcp-server/kc/audit/store.go:617.2,623.8 1 1
github.com/zerodha/kite-mcp-server/kc/audit/store.go:629.120,637.21 6 1
github.com/zerodha/kite-mcp-server/kc/audit/store.go:637.21,640.3 2 1
github.com/zerodha/kite-mcp-server/kc/audit/store.go:641.2,641.20 1 1
github.com/zerodha/kite-mcp-server/kc/audit/store.go:641.20,644.3 2 1
github.com/zerodha/kite-mcp-server/kc/audit/store.go:645.2,645.16 1 1
github.com/zerodha/kite-mcp-server/kc/audit/store.go:645.16,647.3 1 1
github.com/zerodha/kite-mcp-server/kc/audit/store.go:649.2,654.16 4 1
github.com/zerodha/kite-mcp-server/kc/audit/store.go:654.16,656.3 1 1
github.com/zerodha/kite-mcp-server/kc/audit/store.go:657.2,660.18 3 1
github.com/zerodha/kite-mcp-server/kc/audit/store.go:660.18,663.50 3 1
github.com/zerodha/kite-mcp-server/kc/audit/store.go:663.50,665.4 1 0
github.com/zerodha/kite-mcp-server/kc/audit/store.go:666.3,666.23 1 1
github.com/zerodha/kite-mcp-server/kc/audit/store.go:668.2,668.35 1 1
github.com/zerodha/kite-mcp-server/kc/audit/store.go:668.35,670.3 1 0
github.com/zerodha/kite-mcp-server/kc/audit/store.go:671.2,671.20 1 1
github.com/zerodha/kite-mcp-server/kc/audit/store.go:686.71,699.16 3 1
github.com/zerodha/kite-mcp-server/kc/audit/store.go:699.16,701.3 1 1
github.com/zerodha/kite-mcp-server/kc/audit/store.go:702.2,705.18 3 1
github.com/zerodha/kite-mcp-server/kc/audit/store.go:705.18,707.97 2 1
github.com/zerodha/kite-mcp-server/kc/audit/store.go:707.97,709.4 1 0
github.com/zerodha/kite-mcp-server/kc/audit/store.go:710.3,710.31 1 1
github.com/zerodha/kite-mcp-server/kc/audit/store.go:712.2,712.35 1 1
github.com/zerodha/kite-mcp-server/kc/audit/store.go:712.35,714.3 1 0
github.com/zerodha/kite-mcp-server/kc/audit/store.go:715.2,715.21 1 1
github.com/zerodha/kite-mcp-server/kc/audit/store.go:719.65,725.102 5 1
github.com/zerodha/kite-mcp-server/kc/audit/store.go:725.102,727.3 1 1
github.com/zerodha/kite-mcp-server/kc/audit/store.go:729.2,733.58 5 1
github.com/zerodha/kite-mcp-server/kc/audit/store.go:733.58,734.27 1 1
github.com/zerodha/kite-mcp-server/kc/audit/store.go:734.27,737.4 2 1
github.com/zerodha/kite-mcp-server/kc/audit/store.go:737.9,739.4 1 0
github.com/zerodha/kite-mcp-server/kc/audit/store.go:742.2,748.8 1 1
github.com/zerodha/kite-mcp-server/kc/audit/store.go:759.88,760.16 1 1
github.com/zerodha/kite-mcp-server/kc/audit/store.go:760.16,762.3 1 1
github.com/zerodha/kite-mcp-server/kc/audit/store.go:763.2,775.16 4 1
github.com/zerodha/kite-mcp-server/kc/audit/store.go:775.16,777.3 1 1
github.com/zerodha/kite-mcp-server/kc/audit/store.go:778.2,781.18 3 1
github.com/zerodha/kite-mcp-server/kc/audit/store.go:781.18,784.65 3 1
github.com/zerodha/kite-mcp-server/kc/audit/store.go:784.65,786.4 1 0
github.com/zerodha/kite-mcp-server/kc/audit/store.go:788.3,789.47 2 1
github.com/zerodha/kite-mcp-server/kc/audit/store.go:789.47,790.79 1 1
github.com/zerodha/kite-mcp-server/kc/audit/store.go:790.79,792.5 1 1
github.com/zerodha/kite-mcp-server/kc/audit/store.go:794.3,794.84 1 1
github.com/zerodha/kite-mcp-server/kc/audit/store.go:796.2,796.35 1 1
github.com/zerodha/kite-mcp-server/kc/audit/store.go:796.35,798.3 1 0
github.com/zerodha/kite-mcp-server/kc/audit/store.go:799.2,799.21 1 1
github.com/zerodha/kite-mcp-server/kc/audit/store.go:805.63,808.32 3 1
github.com/zerodha/kite-mcp-server/kc/audit/store.go:808.32,810.3 1 1
github.com/zerodha/kite-mcp-server/kc/audit/store.go:811.2,813.11 3 1
github.com/zerodha/kite-mcp-server/kc/audit/store.go:817.51,822.12 5 1
github.com/zerodha/kite-mcp-server/kc/audit/store.go:822.12,824.3 1 1
github.com/zerodha/kite-mcp-server/kc/audit/store.go:828.55,830.41 2 1
github.com/zerodha/kite-mcp-server/kc/audit/store.go:830.41,831.10 1 1
github.com/zerodha/kite-mcp-server/kc/audit/store.go:832.20,832.20 0 1
github.com/zerodha/kite-mcp-server/kc/audit/store.go:833.11,833.11 0 1
github.com/zerodha/kite-mcp-server/kc/audit/store.go:836.2,836.24 1 1
github.com/zerodha/kite-mcp-server/kc/audit/store.go:852.59,853.22 1 1
github.com/zerodha/kite-mcp-server/kc/audit/store.go:853.22,855.3 1 1
github.com/zerodha/kite-mcp-server/kc/audit/store.go:857.2,860.16 2 1
github.com/zerodha/kite-mcp-server/kc/audit/store.go:860.16,862.3 1 1
github.com/zerodha/kite-mcp-server/kc/audit/store.go:863.2,872.18 3 1
github.com/zerodha/kite-mcp-server/kc/audit/store.go:872.18,878.106 2 1
github.com/zerodha/kite-mcp-server/kc/audit/store.go:878.106,880.4 1 0
github.com/zerodha/kite-mcp-server/kc/audit/store.go:881.3,887.23 4 1
github.com/zerodha/kite-mcp-server/kc/audit/store.go:887.23,890.12 2 1
github.com/zerodha/kite-mcp-server/kc/audit/store.go:894.3,894.34 1 1
github.com/zerodha/kite-mcp-server/kc/audit/store.go:894.34,900.32 5 1
github.com/zerodha/kite-mcp-server/kc/audit/store.go:900.32,908.5 1 1
github.com/zerodha/kite-mcp-server/kc/audit/store.go:909.4,911.12 3 1
github.com/zerodha/kite-mcp-server/kc/audit/store.go:915.3,915.65 1 1
github.com/zerodha/kite-mcp-server/kc/audit/store.go:915.65,923.4 1 1
github.com/zerodha/kite-mcp-server/kc/audit/store.go:926.3,930.31 5 1
github.com/zerodha/kite-mcp-server/kc/audit/store.go:930.31,938.4 1 1
github.com/zerodha/kite-mcp-server/kc/audit/store.go:940.3,942.16 3 1
github.com/zerodha/kite-mcp-server/kc/audit/store.go:945.2,945.35 1 1
github.com/zerodha/kite-mcp-server/kc/audit/store.go:945.35,947.3 1 0
github.com/zerodha/kite-mcp-server/kc/audit/store.go:949.2,954.8 1 1
github.com/zerodha/kite-mcp-server/kc/audit/summarize.go:15.66,16.20 1 1
github.com/zerodha/kite-mcp-server/kc/audit/summarize.go:16.20,18.3 1 1
github.com/zerodha/kite-mcp-server/kc/audit/summarize.go:20.2,20.18 1 1
github.com/zerodha/kite-mcp-server/kc/audit/summarize.go:21.37,22.35 1 1
github.com/zerodha/kite-mcp-server/kc/audit/summarize.go:23.22,24.36 1 1
github.com/zerodha/kite-mcp-server/kc/audit/summarize.go:25.45,26.33 1 1
github.com/zerodha/kite-mcp-server/kc/audit/summarize.go:27.26,28.34 1 1
github.com/zerodha/kite-mcp-server/kc/audit/summarize.go:29.26,35.21 1 1
github.com/zerodha/kite-mcp-server/kc/audit/summarize.go:36.25,42.29 1 1
github.com/zerodha/kite-mcp-server/kc/audit/summarize.go:43.43,44.37 1 1
github.com/zerodha/kite-mcp-server/kc/audit/summarize.go:45.28,46.57 1 1
github.com/zerodha/kite-mcp-server/kc/audit/summarize.go:47.29,48.39 1 1
github.com/zerodha/kite-mcp-server/kc/audit/summarize.go:49.19,50.33 1 1
github.com/zerodha/kite-mcp-server/kc/audit/summarize.go:51.22,52.66 1 1
github.com/zerodha/kite-mcp-server/kc/audit/summarize.go:53.37,54.31 1 1
github.com/zerodha/kite-mcp-server/kc/audit/summarize.go:55.58,56.37 1 1
github.com/zerodha/kite-mcp-server/kc/audit/summarize.go:57.24,58.60 1 1
github.com/zerodha/kite-mcp-server/kc/audit/summarize.go:59.47,60.59 1 1
github.com/zerodha/kite-mcp-server/kc/audit/summarize.go:61.24,66.29 1 1
github.com/zerodha/kite-mcp-server/kc/audit/summarize.go:67.25,68.69 1 1
github.com/zerodha/kite-mcp-server/kc/audit/summarize.go:69.22,74.32 1 1
github.com/zerodha/kite-mcp-server/kc/audit/summarize.go:75.23,76.62 1 1
github.com/zerodha/kite-mcp-server/kc/audit/summarize.go:77.26,79.19 2 1
github.com/zerodha/kite-mcp-server/kc/audit/summarize.go:79.19,81.4 1 1
github.com/zerodha/kite-mcp-server/kc/audit/summarize.go:82.3,85.39 1 1
github.com/zerodha/kite-mcp-server/kc/audit/summarize.go:86.26,87.56 1 1
github.com/zerodha/kite-mcp-server/kc/audit/summarize.go:88.26,89.71 1 1
github.com/zerodha/kite-mcp-server/kc/audit/summarize.go:90.26,91.94 1 1
github.com/zerodha/kite-mcp-server/kc/audit/summarize.go:92.31,93.93 1 1
github.com/zerodha/kite-mcp-server/kc/audit/summarize.go:94.23,95.58 1 1
github.com/zerodha/kite-mcp-server/kc/audit/summarize.go:96.25,97.23 1 1
github.com/zerodha/kite-mcp-server/kc/audit/summarize.go:98.10,99.32 1 1
github.com/zerodha/kite-mcp-server/kc/audit/summarize.go:105.76,106.19 1 1
github.com/zerodha/kite-mcp-server/kc/audit/summarize.go:106.19,108.3 1 1
github.com/zerodha/kite-mcp-server/kc/audit/summarize.go:110.2,112.20 2 1
github.com/zerodha/kite-mcp-server/kc/audit/summarize.go:112.20,113.17 1 1
github.com/zerodha/kite-mcp-server/kc/audit/summarize.go:113.17,115.4 1 1
github.com/zerodha/kite-mcp-server/kc/audit/summarize.go:116.3,116.39 1 1
github.com/zerodha/kite-mcp-server/kc/audit/summarize.go:119.2,119.16 1 1
github.com/zerodha/kite-mcp-server/kc/audit/summarize.go:119.16,121.3 1 1
github.com/zerodha/kite-mcp-server/kc/audit/summarize.go:124.2,124.18 1 1
github.com/zerodha/kite-mcp-server/kc/audit/summarize.go:125.22,126.33 1 1
github.com/zerodha/kite-mcp-server/kc/audit/summarize.go:127.23,128.34 1 1
github.com/zerodha/kite-mcp-server/kc/audit/summarize.go:129.20,130.31 1 1
github.com/zerodha/kite-mcp-server/kc/audit/summarize.go:131.21,132.28 1 1
github.com/zerodha/kite-mcp-server/kc/audit/summarize.go:133.37,134.36 1 1
github.com/zerodha/kite-mcp-server/kc/audit/summarize.go:135.17,136.28 1 1
github.com/zerodha/kite-mcp-server/kc/audit/summarize.go:137.21,138.32 1 1
github.com/zerodha/kite-mcp-server/kc/audit/summarize.go:139.25,140.39 1 1
github.com/zerodha/kite-mcp-server/kc/audit/summarize.go:141.28,142.31 1 1
github.com/zerodha/kite-mcp-server/kc/audit/summarize.go:143.25,144.38 1 1
github.com/zerodha/kite-mcp-server/kc/audit/summarize.go:145.43,146.38 1 1
github.com/zerodha/kite-mcp-server/kc/audit/summarize.go:147.39,148.36 1 1
github.com/zerodha/kite-mcp-server/kc/audit/summarize.go:149.26,150.36 1 1
github.com/zerodha/kite-mcp-server/kc/audit/summarize.go:154.2,154.28 1 1
github.com/zerodha/kite-mcp-server/kc/audit/summarize.go:161.44,163.18 2 1
github.com/zerodha/kite-mcp-server/kc/audit/summarize.go:163.18,165.3 1 1
github.com/zerodha/kite-mcp-server/kc/audit/summarize.go:166.2,167.12 2 1
github.com/zerodha/kite-mcp-server/kc/audit/summarize.go:167.12,169.3 1 1
github.com/zerodha/kite-mcp-server/kc/audit/summarize.go:171.2,172.29 2 1
github.com/zerodha/kite-mcp-server/kc/audit/summarize.go:172.29,174.10 2 1
github.com/zerodha/kite-mcp-server/kc/audit/summarize.go:174.10,175.12 1 1
github.com/zerodha/kite-mcp-server/kc/audit/summarize.go:177.3,181.34 5 1
github.com/zerodha/kite-mcp-server/kc/audit/summarize.go:183.2,183.118 1 1
github.com/zerodha/kite-mcp-server/kc/audit/summarize.go:187.45,189.18 2 1
github.com/zerodha/kite-mcp-server/kc/audit/summarize.go:189.18,191.3 1 1
github.com/zerodha/kite-mcp-server/kc/audit/summarize.go:192.2,193.12 2 1
github.com/zerodha/kite-mcp-server/kc/audit/summarize.go:193.12,195.3 1 1
github.com/zerodha/kite-mcp-server/kc/audit/summarize.go:196.2,197.29 2 1
github.com/zerodha/kite-mcp-server/kc/audit/summarize.go:197.29,199.10 2 1
github.com/zerodha/kite-mcp-server/kc/audit/summarize.go:199.10,200.12 1 1
github.com/zerodha/kite-mcp-server/kc/audit/summarize.go:202.3,202.32 1 1
github.com/zerodha/kite-mcp-server/kc/audit/summarize.go:204.2,204.72 1 1
github.com/zerodha/kite-mcp-server/kc/audit/summarize.go:208.42,210.18 2 1
github.com/zerodha/kite-mcp-server/kc/audit/summarize.go:210.18,212.3 1 1
github.com/zerodha/kite-mcp-server/kc/audit/summarize.go:213.2,214.12 2 1
github.com/zerodha/kite-mcp-server/kc/audit/summarize.go:214.12,216.3 1 1
github.com/zerodha/kite-mcp-server/kc/audit/summarize.go:217.2,218.29 2 1
github.com/zerodha/kite-mcp-server/kc/audit/summarize.go:218.29,220.10 2 1
github.com/zerodha/kite-mcp-server/kc/audit/summarize.go:220.10,221.12 1 1
github.com/zerodha/kite-mcp-server/kc/audit/summarize.go:223.3,224.19 2 1
github.com/zerodha/kite-mcp-server/kc/audit/summarize.go:224.19,226.4 1 1
github.com/zerodha/kite-mcp-server/kc/audit/summarize.go:227.3,227.25 1 1
github.com/zerodha/kite-mcp-server/kc/audit/summarize.go:229.2,230.42 2 1
github.com/zerodha/kite-mcp-server/kc/audit/summarize.go:230.42,232.3 1 1
github.com/zerodha/kite-mcp-server/kc/audit/summarize.go:233.2,234.68 2 1
github.com/zerodha/kite-mcp-server/kc/audit/summarize.go:238.32,240.2 1 1
github.com/zerodha/kite-mcp-server/kc/audit/summarize.go:243.47,245.59 2 1
github.com/zerodha/kite-mcp-server/kc/audit/summarize.go:245.59,247.3 1 1
github.com/zerodha/kite-mcp-server/kc/audit/summarize.go:249.2,249.50 1 1
github.com/zerodha/kite-mcp-server/kc/audit/summarize.go:249.50,250.53 1 1
github.com/zerodha/kite-mcp-server/kc/audit/summarize.go:250.53,252.4 1 1
github.com/zerodha/kite-mcp-server/kc/audit/summarize.go:254.2,254.51 1 1
github.com/zerodha/kite-mcp-server/kc/audit/summarize.go:254.51,256.3 1 1
github.com/zerodha/kite-mcp-server/kc/audit/summarize.go:257.2,257.28 1 1
github.com/zerodha/kite-mcp-server/kc/audit/summarize.go:261.39,263.59 2 1
github.com/zerodha/kite-mcp-server/kc/audit/summarize.go:263.59,265.3 1 1
github.com/zerodha/kite-mcp-server/kc/audit/summarize.go:267.2,268.9 2 1
github.com/zerodha/kite-mcp-server/kc/audit/summarize.go:268.9,270.3 1 1
github.com/zerodha/kite-mcp-server/kc/audit/summarize.go:271.2,271.20 1 1
github.com/zerodha/kite-mcp-server/kc/audit/summarize.go:271.20,273.3 1 1
github.com/zerodha/kite-mcp-server/kc/audit/summarize.go:274.2,275.29 2 1
github.com/zerodha/kite-mcp-server/kc/audit/summarize.go:275.29,277.10 2 1
github.com/zerodha/kite-mcp-server/kc/audit/summarize.go:277.10,278.12 1 1
github.com/zerodha/kite-mcp-server/kc/audit/summarize.go:280.3,283.51 3 1
github.com/zerodha/kite-mcp-server/kc/audit/summarize.go:283.51,285.4 1 1
github.com/zerodha/kite-mcp-server/kc/audit/summarize.go:286.3,286.72 1 1
github.com/zerodha/kite-mcp-server/kc/audit/summarize.go:288.2,289.81 2 1
github.com/zerodha/kite-mcp-server/kc/audit/summarize.go:293.43,295.59 2 1
github.com/zerodha/kite-mcp-server/kc/audit/summarize.go:295.59,297.3 1 1
github.com/zerodha/kite-mcp-server/kc/audit/summarize.go:298.2,299.9 2 1
github.com/zerodha/kite-mcp-server/kc/audit/summarize.go:299.9,301.3 1 1
github.com/zerodha/kite-mcp-server/kc/audit/summarize.go:302.2,303.58 2 1
github.com/zerodha/kite-mcp-server/kc/audit/summarize.go:303.58,305.10 2 1
github.com/zerodha/kite-mcp-server/kc/audit/summarize.go:305.10,306.12 1 1
github.com/zerodha/kite-mcp-server/kc/audit/summarize.go:308.3,309.17 2 1
github.com/zerodha/kite-mcp-server/kc/audit/summarize.go:309.17,311.54 1 1
github.com/zerodha/kite-mcp-server/kc/audit/summarize.go:311.54,313.5 1 1
github.com/zerodha/kite-mcp-server/kc/audit/summarize.go:315.3,315.16 1 1
github.com/zerodha/kite-mcp-server/kc/audit/summarize.go:315.16,317.4 1 1
github.com/zerodha/kite-mcp-server/kc/audit/summarize.go:319.2,319.21 1 1
github.com/zerodha/kite-mcp-server/kc/audit/summarize.go:319.21,321.3 1 1
github.com/zerodha/kite-mcp-server/kc/audit/summarize.go:322.2,322.48 1 1
github.com/zerodha/kite-mcp-server/kc/audit/summarize.go:326.42,328.18 2 1
github.com/zerodha/kite-mcp-server/kc/audit/summarize.go:328.18,330.3 1 1
github.com/zerodha/kite-mcp-server/kc/audit/summarize.go:331.2,331.56 1 1
github.com/zerodha/kite-mcp-server/kc/audit/summarize.go:335.50,337.59 2 1
github.com/zerodha/kite-mcp-server/kc/audit/summarize.go:337.59,339.3 1 1
github.com/zerodha/kite-mcp-server/kc/audit/summarize.go:340.2,342.60 2 1
github.com/zerodha/kite-mcp-server/kc/audit/summarize.go:342.60,344.3 1 1
github.com/zerodha/kite-mcp-server/kc/audit/summarize.go:345.2,345.54 1 1
github.com/zerodha/kite-mcp-server/kc/audit/summarize.go:345.54,348.3 2 1
github.com/zerodha/kite-mcp-server/kc/audit/summarize.go:349.2,349.50 1 1
github.com/zerodha/kite-mcp-server/kc/audit/summarize.go:349.50,351.3 1 1
github.com/zerodha/kite-mcp-server/kc/audit/summarize.go:352.2,352.59 1 1
github.com/zerodha/kite-mcp-server/kc/audit/summarize.go:352.59,354.3 1 1
github.com/zerodha/kite-mcp-server/kc/audit/summarize.go:356.2,356.21 1 1
github.com/zerodha/kite-mcp-server/kc/audit/summarize.go:356.21,358.3 1 1
github.com/zerodha/kite-mcp-server/kc/audit/summarize.go:359.2,359.34 1 1
github.com/zerodha/kite-mcp-server/kc/audit/summarize.go:363.49,365.59 2 1
github.com/zerodha/kite-mcp-server/kc/audit/summarize.go:365.59,367.3 1 1
github.com/zerodha/kite-mcp-server/kc/audit/summarize.go:368.2,373.100 6 1
github.com/zerodha/kite-mcp-server/kc/audit/summarize.go:379.42,384.90 2 1
github.com/zerodha/kite-mcp-server/kc/audit/summarize.go:384.90,386.3 1 1
github.com/zerodha/kite-mcp-server/kc/audit/summarize.go:388.2,389.59 2 1
github.com/zerodha/kite-mcp-server/kc/audit/summarize.go:389.59,391.3 1 1
github.com/zerodha/kite-mcp-server/kc/audit/summarize.go:392.2,392.12 1 1
github.com/zerodha/kite-mcp-server/kc/audit/summarize.go:396.54,398.21 2 1
github.com/zerodha/kite-mcp-server/kc/audit/summarize.go:398.21,400.3 1 1
github.com/zerodha/kite-mcp-server/kc/audit/summarize.go:401.2,401.23 1 1
github.com/zerodha/kite-mcp-server/kc/audit/summarize.go:402.15,403.11 1 1
github.com/zerodha/kite-mcp-server/kc/audit/summarize.go:404.11,405.20 1 1
github.com/zerodha/kite-mcp-server/kc/audit/summarize.go:406.19,408.11 2 1
github.com/zerodha/kite-mcp-server/kc/audit/summarize.go:409.10,410.11 1 1
github.com/zerodha/kite-mcp-server/kc/audit/summarize.go:415.54,417.21 2 1
github.com/zerodha/kite-mcp-server/kc/audit/summarize.go:417.21,419.3 1 1
github.com/zerodha/kite-mcp-server/kc/audit/summarize.go:420.2,421.9 2 1
github.com/zerodha/kite-mcp-server/kc/audit/summarize.go:421.9,423.3 1 1
github.com/zerodha/kite-mcp-server/kc/audit/summarize.go:424.2,424.10 1 1
github.com/zerodha/kite-mcp-server/kc/audit/summarize.go:428.41,431.16 3 1
github.com/zerodha/kite-mcp-server/kc/audit/summarize.go:431.16,433.3 1 1
github.com/zerodha/kite-mcp-server/kc/audit/summarize.go:434.2,434.9 1 1
github.com/zerodha/kite-mcp-server/kc/audit/summarize.go:435.26,436.62 1 1
github.com/zerodha/kite-mcp-server/kc/audit/summarize.go:437.23,438.58 1 1
github.com/zerodha/kite-mcp-server/kc/audit/summarize.go:439.20,440.55 1 1
github.com/zerodha/kite-mcp-server/kc/audit/summarize.go:441.10,442.48 1 1
github.com/zerodha/kite-mcp-server/kc/audit/summarize.go:447.55,448.19 1 1
github.com/zerodha/kite-mcp-server/kc/audit/summarize.go:448.19,450.3 1 1
github.com/zerodha/kite-mcp-server/kc/audit/summarize.go:451.2,451.35 1 1
github.com/zerodha/kite-mcp-server/kc/audit/summarize.go:451.35,452.43 1 1
github.com/zerodha/kite-mcp-server/kc/audit/summarize.go:452.43,454.4 1 1
github.com/zerodha/kite-mcp-server/kc/audit/summarize.go:456.2,456.11 1 1
github.com/zerodha/kite-mcp-server/kc/audit/summarize.go:460.54,470.2 2 1
github.com/zerodha/kite-mcp-server/kc/audit/summarize.go:473.55,475.19 2 1
github.com/zerodha/kite-mcp-server/kc/audit/summarize.go:475.19,477.3 1 1
github.com/zerodha/kite-mcp-server/kc/audit/summarize.go:478.2,478.71 1 1
github.com/zerodha/kite-mcp-server/kc/audit/summarize.go:482.52,488.2 5 1
github.com/zerodha/kite-mcp-server/kc/audit/summarize.go:491.53,493.2 1 1
github.com/zerodha/kite-mcp-server/kc/audit/summarize.go:496.58,502.2 5 1
github.com/zerodha/kite-mcp-server/kc/audit/summarize.go:506.52,509.50 3 1
github.com/zerodha/kite-mcp-server/kc/audit/summarize.go:509.50,511.3 1 1
github.com/zerodha/kite-mcp-server/kc/audit/summarize.go:512.2,514.64 3 1
github.com/zerodha/kite-mcp-server/kc/audit/summarize.go:518.51,520.22 2 1
github.com/zerodha/kite-mcp-server/kc/audit/summarize.go:520.22,522.3 1 1
github.com/zerodha/kite-mcp-server/kc/audit/summarize.go:523.2,526.12 3 1
github.com/zerodha/kite-mcp-server/kc/audit/summarize.go:526.12,528.3 1 1
github.com/zerodha/kite-mcp-server/kc/audit/summarize.go:529.2,529.73 1 1
github.com/zerodha/kite-mcp-server/kc/audit/summarize.go:534.53,536.21 2 1
github.com/zerodha/kite-mcp-server/kc/audit/summarize.go:536.21,538.3 1 1
github.com/zerodha/kite-mcp-server/kc/audit/summarize.go:539.2,539.29 1 1
github.com/zerodha/kite-mcp-server/kc/audit/summarize.go:543.40,545.26 2 1
github.com/zerodha/kite-mcp-server/kc/audit/summarize.go:545.26,546.14 1 1
github.com/zerodha/kite-mcp-server/kc/audit/summarize.go:546.14,548.4 1 1
github.com/zerodha/kite-mcp-server/kc/audit/summarize.go:550.2,550.15 1 1
github.com/zerodha/kite-mcp-server/kc/audit/summarize.go:554.49,556.59 2 1
github.com/zerodha/kite-mcp-server/kc/audit/summarize.go:556.59,558.3 1 1
github.com/zerodha/kite-mcp-server/kc/audit/summarize.go:559.2,559.51 1 1
github.com/zerodha/kite-mcp-server/kc/audit/summarize.go:559.51,561.3 1 1
github.com/zerodha/kite-mcp-server/kc/audit/summarize.go:562.2,562.28 1 1
github.com/zerodha/kite-mcp-server/kc/audit/summarize.go:566.47,568.59 2 1
github.com/zerodha/kite-mcp-server/kc/audit/summarize.go:568.59,570.3 1 1
github.com/zerodha/kite-mcp-server/kc/audit/summarize.go:571.2,571.49 1 1
github.com/zerodha/kite-mcp-server/kc/audit/summarize.go:571.49,573.3 1 1
github.com/zerodha/kite-mcp-server/kc/audit/summarize.go:574.2,574.28 1 1
github.com/zerodha/kite-mcp-server/kc/audit/summarize.go:578.47,580.59 2 1
github.com/zerodha/kite-mcp-server/kc/audit/summarize.go:580.59,582.3 1 1
github.com/zerodha/kite-mcp-server/kc/audit/summarize.go:583.2,591.43 7 1
github.com/zerodha/kite-mcp-server/kc/audit/summarize.go:591.43,593.3 1 1
github.com/zerodha/kite-mcp-server/kc/audit/summarize.go:595.2,596.67 1 1
github.com/zerodha/kite-mcp-server/kc/audit/summarize.go:600.44,601.22 1 1
github.com/zerodha/kite-mcp-server/kc/audit/summarize.go:601.22,603.3 1 1
github.com/zerodha/kite-mcp-server/kc/audit/summarize.go:604.2,604.17 1 1
github.com/zerodha/kite-mcp-server/kc/audit/summarize.go:604.17,606.3 1 1
github.com/zerodha/kite-mcp-server/kc/audit/summarize.go:607.2,607.29 1 1
