mode: set
github.com/zerodha/kite-mcp-server/oauth/config.go:20.35,22.23 1 1
github.com/zerodha/kite-mcp-server/oauth/config.go:22.23,24.3 1 1
github.com/zerodha/kite-mcp-server/oauth/config.go:25.2,25.25 1 1
github.com/zerodha/kite-mcp-server/oauth/config.go:25.25,27.3 1 1
github.com/zerodha/kite-mcp-server/oauth/config.go:29.2,30.24 2 1
github.com/zerodha/kite-mcp-server/oauth/config.go:30.24,32.3 1 1
github.com/zerodha/kite-mcp-server/oauth/config.go:33.2,33.12 1 1
github.com/zerodha/kite-mcp-server/oauth/google_sso.go:29.48,30.25 1 1
github.com/zerodha/kite-mcp-server/oauth/google_sso.go:30.25,32.3 1 1
github.com/zerodha/kite-mcp-server/oauth/google_sso.go:33.2,33.26 1 1
github.com/zerodha/kite-mcp-server/oauth/google_sso.go:37.56,39.22 2 1
github.com/zerodha/kite-mcp-server/oauth/google_sso.go:39.22,44.3 1 1
github.com/zerodha/kite-mcp-server/oauth/google_sso.go:45.2,51.3 1 1
github.com/zerodha/kite-mcp-server/oauth/google_sso.go:58.77,59.24 1 1
github.com/zerodha/kite-mcp-server/oauth/google_sso.go:59.24,62.3 2 1
github.com/zerodha/kite-mcp-server/oauth/google_sso.go:65.2,66.49 2 1
github.com/zerodha/kite-mcp-server/oauth/google_sso.go:66.49,70.3 3 0
github.com/zerodha/kite-mcp-server/oauth/google_sso.go:71.2,75.20 3 1
github.com/zerodha/kite-mcp-server/oauth/google_sso.go:75.20,77.3 1 1
github.com/zerodha/kite-mcp-server/oauth/google_sso.go:78.2,78.76 1 1
github.com/zerodha/kite-mcp-server/oauth/google_sso.go:78.76,80.3 1 1
github.com/zerodha/kite-mcp-server/oauth/google_sso.go:83.2,95.48 4 1
github.com/zerodha/kite-mcp-server/oauth/google_sso.go:99.80,100.24 1 1
github.com/zerodha/kite-mcp-server/oauth/google_sso.go:100.24,103.3 2 1
github.com/zerodha/kite-mcp-server/oauth/google_sso.go:106.2,107.43 2 1
github.com/zerodha/kite-mcp-server/oauth/google_sso.go:107.43,111.3 3 1
github.com/zerodha/kite-mcp-server/oauth/google_sso.go:114.2,115.21 2 1
github.com/zerodha/kite-mcp-server/oauth/google_sso.go:115.21,119.3 3 1
github.com/zerodha/kite-mcp-server/oauth/google_sso.go:120.2,135.60 4 1
github.com/zerodha/kite-mcp-server/oauth/google_sso.go:135.60,139.3 3 1
github.com/zerodha/kite-mcp-server/oauth/google_sso.go:142.2,143.33 2 1
github.com/zerodha/kite-mcp-server/oauth/google_sso.go:143.33,147.3 3 1
github.com/zerodha/kite-mcp-server/oauth/google_sso.go:150.2,151.16 2 1
github.com/zerodha/kite-mcp-server/oauth/google_sso.go:151.16,154.3 2 1
github.com/zerodha/kite-mcp-server/oauth/google_sso.go:156.2,161.25 4 1
github.com/zerodha/kite-mcp-server/oauth/google_sso.go:161.25,163.3 1 1
github.com/zerodha/kite-mcp-server/oauth/google_sso.go:165.2,166.16 2 1
github.com/zerodha/kite-mcp-server/oauth/google_sso.go:166.16,170.3 3 1
github.com/zerodha/kite-mcp-server/oauth/google_sso.go:173.2,174.16 2 1
github.com/zerodha/kite-mcp-server/oauth/google_sso.go:174.16,178.3 3 1
github.com/zerodha/kite-mcp-server/oauth/google_sso.go:180.2,181.17 2 1
github.com/zerodha/kite-mcp-server/oauth/google_sso.go:181.17,184.3 2 1
github.com/zerodha/kite-mcp-server/oauth/google_sso.go:186.2,186.24 1 1
github.com/zerodha/kite-mcp-server/oauth/google_sso.go:186.24,190.3 3 1
github.com/zerodha/kite-mcp-server/oauth/google_sso.go:194.2,197.23 2 1
github.com/zerodha/kite-mcp-server/oauth/google_sso.go:197.23,198.96 1 1
github.com/zerodha/kite-mcp-server/oauth/google_sso.go:198.96,199.88 1 1
github.com/zerodha/kite-mcp-server/oauth/google_sso.go:199.88,200.73 1 1
github.com/zerodha/kite-mcp-server/oauth/google_sso.go:200.73,202.6 1 1
github.com/zerodha/kite-mcp-server/oauth/google_sso.go:202.11,204.6 1 1
github.com/zerodha/kite-mcp-server/oauth/google_sso.go:209.2,210.24 2 1
github.com/zerodha/kite-mcp-server/oauth/google_sso.go:210.24,214.3 3 1
github.com/zerodha/kite-mcp-server/oauth/google_sso.go:217.2,217.50 1 1
github.com/zerodha/kite-mcp-server/oauth/google_sso.go:217.50,221.3 3 0
github.com/zerodha/kite-mcp-server/oauth/google_sso.go:223.2,225.76 3 1
github.com/zerodha/kite-mcp-server/oauth/google_sso.go:225.76,226.22 1 1
github.com/zerodha/kite-mcp-server/oauth/google_sso.go:226.22,228.4 1 1
github.com/zerodha/kite-mcp-server/oauth/google_sso.go:228.9,230.4 1 1
github.com/zerodha/kite-mcp-server/oauth/google_sso.go:232.2,232.49 1 1
github.com/zerodha/kite-mcp-server/oauth/google_sso.go:240.124,241.19 1 1
github.com/zerodha/kite-mcp-server/oauth/google_sso.go:241.19,243.3 1 1
github.com/zerodha/kite-mcp-server/oauth/google_sso.go:244.2,245.16 2 1
github.com/zerodha/kite-mcp-server/oauth/google_sso.go:245.16,247.3 1 1
github.com/zerodha/kite-mcp-server/oauth/google_sso.go:248.2,251.19 3 1
github.com/zerodha/kite-mcp-server/oauth/google_sso.go:251.19,253.3 1 1
github.com/zerodha/kite-mcp-server/oauth/google_sso.go:254.2,255.16 2 1
github.com/zerodha/kite-mcp-server/oauth/google_sso.go:255.16,257.3 1 1
github.com/zerodha/kite-mcp-server/oauth/google_sso.go:258.2,260.38 2 1
github.com/zerodha/kite-mcp-server/oauth/google_sso.go:260.38,263.3 2 1
github.com/zerodha/kite-mcp-server/oauth/google_sso.go:265.2,269.65 2 1
github.com/zerodha/kite-mcp-server/oauth/google_sso.go:269.65,271.3 1 1
github.com/zerodha/kite-mcp-server/oauth/google_sso.go:273.2,273.25 1 1
github.com/zerodha/kite-mcp-server/oauth/google_sso.go:273.25,275.3 1 1
github.com/zerodha/kite-mcp-server/oauth/google_sso.go:277.2,277.24 1 1
github.com/zerodha/kite-mcp-server/oauth/handlers.go:89.79,106.16 4 1
github.com/zerodha/kite-mcp-server/oauth/handlers.go:106.16,108.3 1 0
github.com/zerodha/kite-mcp-server/oauth/handlers.go:109.2,110.16 2 1
github.com/zerodha/kite-mcp-server/oauth/handlers.go:110.16,112.3 1 0
github.com/zerodha/kite-mcp-server/oauth/handlers.go:113.2,114.16 2 1
github.com/zerodha/kite-mcp-server/oauth/handlers.go:114.16,116.3 1 0
github.com/zerodha/kite-mcp-server/oauth/handlers.go:117.2,118.16 2 1
github.com/zerodha/kite-mcp-server/oauth/handlers.go:118.16,120.3 1 0
github.com/zerodha/kite-mcp-server/oauth/handlers.go:121.2,122.16 2 1
github.com/zerodha/kite-mcp-server/oauth/handlers.go:122.16,124.3 1 0
github.com/zerodha/kite-mcp-server/oauth/handlers.go:126.2,126.10 1 1
github.com/zerodha/kite-mcp-server/oauth/handlers.go:130.27,132.2 1 1
github.com/zerodha/kite-mcp-server/oauth/handlers.go:135.78,138.2 2 1
github.com/zerodha/kite-mcp-server/oauth/handlers.go:141.45,143.2 1 1
github.com/zerodha/kite-mcp-server/oauth/handlers.go:148.65,150.2 1 1
github.com/zerodha/kite-mcp-server/oauth/handlers.go:154.46,156.2 1 1
github.com/zerodha/kite-mcp-server/oauth/handlers.go:170.76,171.32 1 1
github.com/zerodha/kite-mcp-server/oauth/handlers.go:171.32,174.3 2 1
github.com/zerodha/kite-mcp-server/oauth/handlers.go:175.2,178.4 1 1
github.com/zerodha/kite-mcp-server/oauth/handlers.go:182.78,183.32 1 1
github.com/zerodha/kite-mcp-server/oauth/handlers.go:183.32,186.3 2 1
github.com/zerodha/kite-mcp-server/oauth/handlers.go:187.2,196.4 1 1
github.com/zerodha/kite-mcp-server/oauth/handlers.go:202.68,203.33 1 1
github.com/zerodha/kite-mcp-server/oauth/handlers.go:203.33,206.3 2 1
github.com/zerodha/kite-mcp-server/oauth/handlers.go:208.2,214.61 3 1
github.com/zerodha/kite-mcp-server/oauth/handlers.go:214.61,217.3 2 1
github.com/zerodha/kite-mcp-server/oauth/handlers.go:218.2,218.32 1 1
github.com/zerodha/kite-mcp-server/oauth/handlers.go:218.32,221.3 2 1
github.com/zerodha/kite-mcp-server/oauth/handlers.go:222.2,222.32 1 1
github.com/zerodha/kite-mcp-server/oauth/handlers.go:222.32,225.3 2 1
github.com/zerodha/kite-mcp-server/oauth/handlers.go:227.2,228.16 2 1
github.com/zerodha/kite-mcp-server/oauth/handlers.go:228.16,232.3 3 0
github.com/zerodha/kite-mcp-server/oauth/handlers.go:234.2,244.4 2 1
github.com/zerodha/kite-mcp-server/oauth/handlers.go:250.69,251.32 1 1
github.com/zerodha/kite-mcp-server/oauth/handlers.go:251.32,254.3 2 1
github.com/zerodha/kite-mcp-server/oauth/handlers.go:255.2,264.28 8 1
github.com/zerodha/kite-mcp-server/oauth/handlers.go:264.28,267.3 2 1
github.com/zerodha/kite-mcp-server/oauth/handlers.go:268.2,268.41 1 1
github.com/zerodha/kite-mcp-server/oauth/handlers.go:268.41,271.3 2 1
github.com/zerodha/kite-mcp-server/oauth/handlers.go:272.2,272.35 1 1
github.com/zerodha/kite-mcp-server/oauth/handlers.go:272.35,275.3 2 1
github.com/zerodha/kite-mcp-server/oauth/handlers.go:276.2,276.25 1 1
github.com/zerodha/kite-mcp-server/oauth/handlers.go:276.25,279.3 2 1
github.com/zerodha/kite-mcp-server/oauth/handlers.go:282.2,283.73 2 1
github.com/zerodha/kite-mcp-server/oauth/handlers.go:283.73,286.3 2 1
github.com/zerodha/kite-mcp-server/oauth/handlers.go:289.2,289.43 1 1
github.com/zerodha/kite-mcp-server/oauth/handlers.go:289.43,292.3 2 1
github.com/zerodha/kite-mcp-server/oauth/handlers.go:292.8,292.45 1 1
github.com/zerodha/kite-mcp-server/oauth/handlers.go:292.45,295.3 1 1
github.com/zerodha/kite-mcp-server/oauth/handlers.go:297.2,297.59 1 1
github.com/zerodha/kite-mcp-server/oauth/handlers.go:297.59,300.3 2 1
github.com/zerodha/kite-mcp-server/oauth/handlers.go:303.2,311.38 2 1
github.com/zerodha/kite-mcp-server/oauth/handlers.go:311.38,315.3 2 1
github.com/zerodha/kite-mcp-server/oauth/handlers.go:320.2,320.50 1 1
github.com/zerodha/kite-mcp-server/oauth/handlers.go:320.50,323.3 2 1
github.com/zerodha/kite-mcp-server/oauth/handlers.go:326.2,327.22 2 1
github.com/zerodha/kite-mcp-server/oauth/handlers.go:327.22,330.3 2 1
github.com/zerodha/kite-mcp-server/oauth/handlers.go:332.2,332.52 1 1
github.com/zerodha/kite-mcp-server/oauth/handlers.go:336.120,338.16 2 1
github.com/zerodha/kite-mcp-server/oauth/handlers.go:338.16,341.3 2 0
github.com/zerodha/kite-mcp-server/oauth/handlers.go:342.2,349.48 6 1
github.com/zerodha/kite-mcp-server/oauth/handlers.go:353.98,354.30 1 1
github.com/zerodha/kite-mcp-server/oauth/handlers.go:354.30,357.3 2 1
github.com/zerodha/kite-mcp-server/oauth/handlers.go:360.2,361.16 2 1
github.com/zerodha/kite-mcp-server/oauth/handlers.go:361.16,364.3 2 0
github.com/zerodha/kite-mcp-server/oauth/handlers.go:365.2,370.16 4 1
github.com/zerodha/kite-mcp-server/oauth/handlers.go:370.16,373.3 2 0
github.com/zerodha/kite-mcp-server/oauth/handlers.go:375.2,397.78 4 1
github.com/zerodha/kite-mcp-server/oauth/handlers.go:397.78,401.3 3 1
github.com/zerodha/kite-mcp-server/oauth/handlers.go:402.2,403.42 2 1
github.com/zerodha/kite-mcp-server/oauth/handlers.go:403.42,405.3 1 0
github.com/zerodha/kite-mcp-server/oauth/handlers.go:410.77,411.33 1 1
github.com/zerodha/kite-mcp-server/oauth/handlers.go:411.33,414.3 2 1
github.com/zerodha/kite-mcp-server/oauth/handlers.go:416.2,417.38 2 1
github.com/zerodha/kite-mcp-server/oauth/handlers.go:417.38,420.3 2 1
github.com/zerodha/kite-mcp-server/oauth/handlers.go:422.2,428.74 5 1
github.com/zerodha/kite-mcp-server/oauth/handlers.go:428.74,431.58 2 1
github.com/zerodha/kite-mcp-server/oauth/handlers.go:431.58,433.4 1 1
github.com/zerodha/kite-mcp-server/oauth/handlers.go:433.9,435.4 1 1
github.com/zerodha/kite-mcp-server/oauth/handlers.go:436.3,436.9 1 1
github.com/zerodha/kite-mcp-server/oauth/handlers.go:440.2,441.9 2 1
github.com/zerodha/kite-mcp-server/oauth/handlers.go:441.9,444.3 2 1
github.com/zerodha/kite-mcp-server/oauth/handlers.go:446.2,446.17 1 1
github.com/zerodha/kite-mcp-server/oauth/handlers.go:446.17,449.3 2 1
github.com/zerodha/kite-mcp-server/oauth/handlers.go:452.2,452.51 1 1
github.com/zerodha/kite-mcp-server/oauth/handlers.go:452.51,455.3 2 1
github.com/zerodha/kite-mcp-server/oauth/handlers.go:457.2,458.9 2 1
github.com/zerodha/kite-mcp-server/oauth/handlers.go:458.9,462.3 3 1
github.com/zerodha/kite-mcp-server/oauth/handlers.go:465.2,469.45 3 1
github.com/zerodha/kite-mcp-server/oauth/handlers.go:473.71,474.18 1 1
github.com/zerodha/kite-mcp-server/oauth/handlers.go:474.18,476.3 1 1
github.com/zerodha/kite-mcp-server/oauth/handlers.go:477.2,478.16 2 1
github.com/zerodha/kite-mcp-server/oauth/handlers.go:478.16,480.3 1 1
github.com/zerodha/kite-mcp-server/oauth/handlers.go:481.2,482.16 2 1
github.com/zerodha/kite-mcp-server/oauth/handlers.go:482.16,484.3 1 1
github.com/zerodha/kite-mcp-server/oauth/handlers.go:485.2,486.55 2 1
github.com/zerodha/kite-mcp-server/oauth/handlers.go:486.55,488.3 1 1
github.com/zerodha/kite-mcp-server/oauth/handlers.go:489.2,489.17 1 1
github.com/zerodha/kite-mcp-server/oauth/handlers.go:496.104,497.24 1 1
github.com/zerodha/kite-mcp-server/oauth/handlers.go:497.24,500.3 2 1
github.com/zerodha/kite-mcp-server/oauth/handlers.go:503.2,504.22 2 1
github.com/zerodha/kite-mcp-server/oauth/handlers.go:504.22,507.3 2 1
github.com/zerodha/kite-mcp-server/oauth/handlers.go:509.2,510.16 2 1
github.com/zerodha/kite-mcp-server/oauth/handlers.go:510.16,514.3 3 1
github.com/zerodha/kite-mcp-server/oauth/handlers.go:517.2,518.16 2 1
github.com/zerodha/kite-mcp-server/oauth/handlers.go:518.16,521.3 2 1
github.com/zerodha/kite-mcp-server/oauth/handlers.go:522.2,523.55 2 1
github.com/zerodha/kite-mcp-server/oauth/handlers.go:523.55,526.3 2 1
github.com/zerodha/kite-mcp-server/oauth/handlers.go:528.2,530.41 3 1
github.com/zerodha/kite-mcp-server/oauth/handlers.go:530.41,534.70 2 1
github.com/zerodha/kite-mcp-server/oauth/handlers.go:534.70,537.18 2 1
github.com/zerodha/kite-mcp-server/oauth/handlers.go:537.18,542.5 1 1
github.com/zerodha/kite-mcp-server/oauth/handlers.go:542.10,552.22 5 1
github.com/zerodha/kite-mcp-server/oauth/handlers.go:552.22,556.6 3 1
github.com/zerodha/kite-mcp-server/oauth/handlers.go:557.5,557.109 1 1
github.com/zerodha/kite-mcp-server/oauth/handlers.go:560.3,560.19 1 1
github.com/zerodha/kite-mcp-server/oauth/handlers.go:560.19,569.18 3 1
github.com/zerodha/kite-mcp-server/oauth/handlers.go:569.18,573.5 3 1
github.com/zerodha/kite-mcp-server/oauth/handlers.go:574.4,574.86 1 1
github.com/zerodha/kite-mcp-server/oauth/handlers.go:576.8,576.33 1 1
github.com/zerodha/kite-mcp-server/oauth/handlers.go:576.33,580.24 2 1
github.com/zerodha/kite-mcp-server/oauth/handlers.go:580.24,581.70 1 1
github.com/zerodha/kite-mcp-server/oauth/handlers.go:581.70,583.5 1 1
github.com/zerodha/kite-mcp-server/oauth/handlers.go:585.3,585.22 1 1
github.com/zerodha/kite-mcp-server/oauth/handlers.go:585.22,589.4 3 1
github.com/zerodha/kite-mcp-server/oauth/handlers.go:590.3,591.17 2 1
github.com/zerodha/kite-mcp-server/oauth/handlers.go:591.17,595.4 3 1
github.com/zerodha/kite-mcp-server/oauth/handlers.go:596.3,602.17 2 1
github.com/zerodha/kite-mcp-server/oauth/handlers.go:602.17,606.4 3 1
github.com/zerodha/kite-mcp-server/oauth/handlers.go:607.3,608.137 2 1
github.com/zerodha/kite-mcp-server/oauth/handlers.go:609.8,612.17 2 1
github.com/zerodha/kite-mcp-server/oauth/handlers.go:612.17,616.4 3 1
github.com/zerodha/kite-mcp-server/oauth/handlers.go:617.3,623.17 2 1
github.com/zerodha/kite-mcp-server/oauth/handlers.go:623.17,627.4 3 1
github.com/zerodha/kite-mcp-server/oauth/handlers.go:628.3,629.105 2 1
github.com/zerodha/kite-mcp-server/oauth/handlers.go:633.2,633.20 1 1
github.com/zerodha/kite-mcp-server/oauth/handlers.go:633.20,634.54 1 1
github.com/zerodha/kite-mcp-server/oauth/handlers.go:634.54,636.4 1 0
github.com/zerodha/kite-mcp-server/oauth/handlers.go:636.9,638.4 1 1
github.com/zerodha/kite-mcp-server/oauth/handlers.go:642.2,643.21 2 1
github.com/zerodha/kite-mcp-server/oauth/handlers.go:643.21,647.3 3 1
github.com/zerodha/kite-mcp-server/oauth/handlers.go:648.2,650.20 3 1
github.com/zerodha/kite-mcp-server/oauth/handlers.go:650.20,652.3 1 1
github.com/zerodha/kite-mcp-server/oauth/handlers.go:653.2,661.31 2 1
github.com/zerodha/kite-mcp-server/oauth/handlers.go:661.31,664.3 2 1
github.com/zerodha/kite-mcp-server/oauth/handlers.go:666.2,674.76 3 1
github.com/zerodha/kite-mcp-server/oauth/handlers.go:674.76,678.3 3 1
github.com/zerodha/kite-mcp-server/oauth/handlers.go:686.106,687.24 1 1
github.com/zerodha/kite-mcp-server/oauth/handlers.go:687.24,690.3 2 1
github.com/zerodha/kite-mcp-server/oauth/handlers.go:693.2,696.24 4 1
github.com/zerodha/kite-mcp-server/oauth/handlers.go:696.24,698.17 2 1
github.com/zerodha/kite-mcp-server/oauth/handlers.go:698.17,700.4 1 1
github.com/zerodha/kite-mcp-server/oauth/handlers.go:700.9,700.92 1 1
github.com/zerodha/kite-mcp-server/oauth/handlers.go:700.92,701.75 1 1
github.com/zerodha/kite-mcp-server/oauth/handlers.go:701.75,704.5 2 1
github.com/zerodha/kite-mcp-server/oauth/handlers.go:705.9,708.4 1 1
github.com/zerodha/kite-mcp-server/oauth/handlers.go:712.2,712.76 1 1
github.com/zerodha/kite-mcp-server/oauth/handlers.go:712.76,714.3 1 1
github.com/zerodha/kite-mcp-server/oauth/handlers.go:717.2,719.21 3 1
github.com/zerodha/kite-mcp-server/oauth/handlers.go:719.21,722.10 2 1
github.com/zerodha/kite-mcp-server/oauth/handlers.go:722.10,726.4 3 1
github.com/zerodha/kite-mcp-server/oauth/handlers.go:727.3,727.84 1 1
github.com/zerodha/kite-mcp-server/oauth/handlers.go:728.8,731.3 1 1
github.com/zerodha/kite-mcp-server/oauth/handlers.go:732.2,732.16 1 1
github.com/zerodha/kite-mcp-server/oauth/handlers.go:732.16,736.3 3 1
github.com/zerodha/kite-mcp-server/oauth/handlers.go:738.2,738.43 1 1
github.com/zerodha/kite-mcp-server/oauth/handlers.go:738.43,740.3 1 1
github.com/zerodha/kite-mcp-server/oauth/handlers.go:743.2,743.50 1 1
github.com/zerodha/kite-mcp-server/oauth/handlers.go:743.50,747.3 3 0
github.com/zerodha/kite-mcp-server/oauth/handlers.go:749.2,750.49 2 1
github.com/zerodha/kite-mcp-server/oauth/handlers.go:758.82,759.18 1 1
github.com/zerodha/kite-mcp-server/oauth/handlers.go:759.18,761.3 1 1
github.com/zerodha/kite-mcp-server/oauth/handlers.go:764.2,768.43 4 1
github.com/zerodha/kite-mcp-server/oauth/handlers.go:775.77,777.20 2 1
github.com/zerodha/kite-mcp-server/oauth/handlers.go:777.20,779.3 1 1
github.com/zerodha/kite-mcp-server/oauth/handlers.go:782.2,782.75 1 1
github.com/zerodha/kite-mcp-server/oauth/handlers.go:782.75,783.75 1 1
github.com/zerodha/kite-mcp-server/oauth/handlers.go:783.75,786.4 2 1
github.com/zerodha/kite-mcp-server/oauth/handlers.go:789.2,789.30 1 1
github.com/zerodha/kite-mcp-server/oauth/handlers.go:789.30,792.3 2 1
github.com/zerodha/kite-mcp-server/oauth/handlers.go:794.2,807.78 3 1
github.com/zerodha/kite-mcp-server/oauth/handlers.go:807.78,811.3 3 1
github.com/zerodha/kite-mcp-server/oauth/handlers.go:812.2,813.42 2 1
github.com/zerodha/kite-mcp-server/oauth/handlers.go:813.42,815.3 1 0
github.com/zerodha/kite-mcp-server/oauth/handlers.go:821.42,823.40 2 1
github.com/zerodha/kite-mcp-server/oauth/handlers.go:823.40,825.3 1 0
github.com/zerodha/kite-mcp-server/oauth/handlers.go:826.2,826.35 1 1
github.com/zerodha/kite-mcp-server/oauth/handlers.go:834.78,836.20 2 1
github.com/zerodha/kite-mcp-server/oauth/handlers.go:836.20,838.3 1 1
github.com/zerodha/kite-mcp-server/oauth/handlers.go:840.2,840.33 1 1
github.com/zerodha/kite-mcp-server/oauth/handlers.go:840.33,844.21 4 1
github.com/zerodha/kite-mcp-server/oauth/handlers.go:844.21,846.4 1 1
github.com/zerodha/kite-mcp-server/oauth/handlers.go:849.3,851.75 3 1
github.com/zerodha/kite-mcp-server/oauth/handlers.go:851.75,853.23 2 1
github.com/zerodha/kite-mcp-server/oauth/handlers.go:853.23,857.5 3 0
github.com/zerodha/kite-mcp-server/oauth/handlers.go:858.4,859.10 2 1
github.com/zerodha/kite-mcp-server/oauth/handlers.go:862.3,862.18 1 1
github.com/zerodha/kite-mcp-server/oauth/handlers.go:862.18,864.23 2 1
github.com/zerodha/kite-mcp-server/oauth/handlers.go:864.23,868.5 3 0
github.com/zerodha/kite-mcp-server/oauth/handlers.go:869.4,870.10 2 1
github.com/zerodha/kite-mcp-server/oauth/handlers.go:873.3,874.31 2 1
github.com/zerodha/kite-mcp-server/oauth/handlers.go:874.31,876.57 1 1
github.com/zerodha/kite-mcp-server/oauth/handlers.go:876.57,880.5 3 1
github.com/zerodha/kite-mcp-server/oauth/handlers.go:882.3,882.10 1 1
github.com/zerodha/kite-mcp-server/oauth/handlers.go:882.10,884.23 2 1
github.com/zerodha/kite-mcp-server/oauth/handlers.go:884.23,888.5 3 0
github.com/zerodha/kite-mcp-server/oauth/handlers.go:889.4,890.10 2 1
github.com/zerodha/kite-mcp-server/oauth/handlers.go:893.3,895.9 3 1
github.com/zerodha/kite-mcp-server/oauth/handlers.go:899.2,900.17 2 1
github.com/zerodha/kite-mcp-server/oauth/handlers.go:900.17,902.31 2 1
github.com/zerodha/kite-mcp-server/oauth/handlers.go:902.31,904.57 1 1
github.com/zerodha/kite-mcp-server/oauth/handlers.go:904.57,908.5 3 1
github.com/zerodha/kite-mcp-server/oauth/handlers.go:910.3,910.9 1 1
github.com/zerodha/kite-mcp-server/oauth/handlers.go:910.9,914.4 3 1
github.com/zerodha/kite-mcp-server/oauth/handlers.go:918.2,919.16 2 1
github.com/zerodha/kite-mcp-server/oauth/handlers.go:919.16,923.3 3 0
github.com/zerodha/kite-mcp-server/oauth/handlers.go:924.2,925.17 2 1
github.com/zerodha/kite-mcp-server/oauth/handlers.go:925.17,927.3 1 1
github.com/zerodha/kite-mcp-server/oauth/handlers.go:928.2,928.59 1 1
github.com/zerodha/kite-mcp-server/oauth/handlers.go:932.116,933.31 1 1
github.com/zerodha/kite-mcp-server/oauth/handlers.go:933.31,936.3 2 1
github.com/zerodha/kite-mcp-server/oauth/handlers.go:939.2,962.79 4 1
github.com/zerodha/kite-mcp-server/oauth/handlers.go:962.79,966.3 3 1
github.com/zerodha/kite-mcp-server/oauth/handlers.go:967.2,968.42 2 1
github.com/zerodha/kite-mcp-server/oauth/handlers.go:968.42,970.3 1 0
github.com/zerodha/kite-mcp-server/oauth/handlers.go:976.65,977.33 1 1
github.com/zerodha/kite-mcp-server/oauth/handlers.go:977.33,980.3 2 1
github.com/zerodha/kite-mcp-server/oauth/handlers.go:982.2,984.38 2 1
github.com/zerodha/kite-mcp-server/oauth/handlers.go:984.38,987.3 2 1
github.com/zerodha/kite-mcp-server/oauth/handlers.go:989.2,995.39 6 1
github.com/zerodha/kite-mcp-server/oauth/handlers.go:995.39,998.3 2 1
github.com/zerodha/kite-mcp-server/oauth/handlers.go:999.2,999.56 1 1
github.com/zerodha/kite-mcp-server/oauth/handlers.go:999.56,1002.3 2 1
github.com/zerodha/kite-mcp-server/oauth/handlers.go:1005.2,1006.9 2 1
github.com/zerodha/kite-mcp-server/oauth/handlers.go:1006.9,1009.3 2 1
github.com/zerodha/kite-mcp-server/oauth/handlers.go:1011.2,1011.65 1 1
github.com/zerodha/kite-mcp-server/oauth/handlers.go:1011.65,1014.3 2 1
github.com/zerodha/kite-mcp-server/oauth/handlers.go:1017.2,1018.9 2 1
github.com/zerodha/kite-mcp-server/oauth/handlers.go:1018.9,1021.3 2 1
github.com/zerodha/kite-mcp-server/oauth/handlers.go:1024.2,1024.32 1 1
github.com/zerodha/kite-mcp-server/oauth/handlers.go:1024.32,1027.3 2 1
github.com/zerodha/kite-mcp-server/oauth/handlers.go:1030.2,1032.37 3 1
github.com/zerodha/kite-mcp-server/oauth/handlers.go:1032.37,1036.3 3 1
github.com/zerodha/kite-mcp-server/oauth/handlers.go:1039.2,1040.45 2 1
github.com/zerodha/kite-mcp-server/oauth/handlers.go:1040.45,1045.19 2 1
github.com/zerodha/kite-mcp-server/oauth/handlers.go:1045.19,1050.71 1 1
github.com/zerodha/kite-mcp-server/oauth/handlers.go:1050.71,1053.5 2 1
github.com/zerodha/kite-mcp-server/oauth/handlers.go:1053.10,1056.5 2 1
github.com/zerodha/kite-mcp-server/oauth/handlers.go:1058.3,1060.17 3 1
github.com/zerodha/kite-mcp-server/oauth/handlers.go:1060.17,1064.4 3 1
github.com/zerodha/kite-mcp-server/oauth/handlers.go:1065.3,1065.93 1 1
github.com/zerodha/kite-mcp-server/oauth/handlers.go:1068.2,1068.17 1 1
github.com/zerodha/kite-mcp-server/oauth/handlers.go:1068.17,1072.3 3 1
github.com/zerodha/kite-mcp-server/oauth/handlers.go:1075.2,1076.16 2 1
github.com/zerodha/kite-mcp-server/oauth/handlers.go:1076.16,1080.3 3 0
github.com/zerodha/kite-mcp-server/oauth/handlers.go:1082.2,1088.4 2 1
github.com/zerodha/kite-mcp-server/oauth/handlers.go:1094.54,1096.2 1 1
github.com/zerodha/kite-mcp-server/oauth/handlers.go:1099.54,1101.2 1 1
github.com/zerodha/kite-mcp-server/oauth/handlers.go:1105.49,1107.2 1 1
github.com/zerodha/kite-mcp-server/oauth/handlers.go:1110.43,1112.2 1 1
github.com/zerodha/kite-mcp-server/oauth/handlers.go:1118.76,1120.20 2 1
github.com/zerodha/kite-mcp-server/oauth/handlers.go:1120.20,1122.3 1 1
github.com/zerodha/kite-mcp-server/oauth/handlers.go:1124.2,1124.33 1 1
github.com/zerodha/kite-mcp-server/oauth/handlers.go:1124.33,1129.21 5 1
github.com/zerodha/kite-mcp-server/oauth/handlers.go:1129.21,1131.4 1 1
github.com/zerodha/kite-mcp-server/oauth/handlers.go:1133.3,1133.77 1 1
github.com/zerodha/kite-mcp-server/oauth/handlers.go:1133.77,1135.4 1 1
github.com/zerodha/kite-mcp-server/oauth/handlers.go:1138.3,1140.75 3 1
github.com/zerodha/kite-mcp-server/oauth/handlers.go:1140.75,1142.23 2 1
github.com/zerodha/kite-mcp-server/oauth/handlers.go:1142.23,1146.5 3 0
github.com/zerodha/kite-mcp-server/oauth/handlers.go:1147.4,1148.10 2 1
github.com/zerodha/kite-mcp-server/oauth/handlers.go:1152.3,1152.25 1 1
github.com/zerodha/kite-mcp-server/oauth/handlers.go:1152.25,1155.4 2 1
github.com/zerodha/kite-mcp-server/oauth/handlers.go:1159.3,1163.23 4 1
github.com/zerodha/kite-mcp-server/oauth/handlers.go:1163.23,1165.4 1 1
github.com/zerodha/kite-mcp-server/oauth/handlers.go:1167.3,1167.54 1 1
github.com/zerodha/kite-mcp-server/oauth/handlers.go:1167.54,1170.23 3 1
github.com/zerodha/kite-mcp-server/oauth/handlers.go:1170.23,1174.5 3 0
github.com/zerodha/kite-mcp-server/oauth/handlers.go:1175.4,1176.10 2 1
github.com/zerodha/kite-mcp-server/oauth/handlers.go:1180.3,1180.51 1 1
github.com/zerodha/kite-mcp-server/oauth/handlers.go:1180.51,1184.4 3 0
github.com/zerodha/kite-mcp-server/oauth/handlers.go:1186.3,1188.9 3 1
github.com/zerodha/kite-mcp-server/oauth/handlers.go:1192.2,1193.16 2 1
github.com/zerodha/kite-mcp-server/oauth/handlers.go:1193.16,1197.3 3 0
github.com/zerodha/kite-mcp-server/oauth/handlers.go:1198.2,1198.51 1 1
github.com/zerodha/kite-mcp-server/oauth/handlers.go:1202.114,1203.29 1 1
github.com/zerodha/kite-mcp-server/oauth/handlers.go:1203.29,1206.3 2 1
github.com/zerodha/kite-mcp-server/oauth/handlers.go:1209.2,1209.21 1 1
github.com/zerodha/kite-mcp-server/oauth/handlers.go:1209.21,1218.3 1 1
github.com/zerodha/kite-mcp-server/oauth/handlers.go:1220.2,1235.77 3 1
github.com/zerodha/kite-mcp-server/oauth/handlers.go:1235.77,1239.3 3 1
github.com/zerodha/kite-mcp-server/oauth/handlers.go:1240.2,1241.42 2 1
github.com/zerodha/kite-mcp-server/oauth/handlers.go:1241.42,1243.3 1 0
github.com/zerodha/kite-mcp-server/oauth/handlers.go:1249.82,1252.56 3 1
github.com/zerodha/kite-mcp-server/oauth/handlers.go:1252.56,1254.3 1 1
github.com/zerodha/kite-mcp-server/oauth/jwt.go:22.69,27.2 1 1
github.com/zerodha/kite-mcp-server/oauth/jwt.go:30.76,43.2 4 1
github.com/zerodha/kite-mcp-server/oauth/jwt.go:46.108,59.2 4 1
github.com/zerodha/kite-mcp-server/oauth/jwt.go:63.94,67.24 2 1
github.com/zerodha/kite-mcp-server/oauth/jwt.go:67.24,70.3 1 1
github.com/zerodha/kite-mcp-server/oauth/jwt.go:71.2,71.100 1 1
github.com/zerodha/kite-mcp-server/oauth/jwt.go:71.100,72.54 1 1
github.com/zerodha/kite-mcp-server/oauth/jwt.go:72.54,74.4 1 0
github.com/zerodha/kite-mcp-server/oauth/jwt.go:75.3,75.23 1 1
github.com/zerodha/kite-mcp-server/oauth/jwt.go:77.2,77.16 1 1
github.com/zerodha/kite-mcp-server/oauth/jwt.go:77.16,79.3 1 1
github.com/zerodha/kite-mcp-server/oauth/jwt.go:80.2,81.25 2 1
github.com/zerodha/kite-mcp-server/oauth/jwt.go:81.25,83.3 1 0
github.com/zerodha/kite-mcp-server/oauth/jwt.go:85.2,85.24 1 1
github.com/zerodha/kite-mcp-server/oauth/jwt.go:85.24,87.33 2 1
github.com/zerodha/kite-mcp-server/oauth/jwt.go:87.33,88.45 1 1
github.com/zerodha/kite-mcp-server/oauth/jwt.go:88.45,89.24 1 1
github.com/zerodha/kite-mcp-server/oauth/jwt.go:89.24,91.11 2 1
github.com/zerodha/kite-mcp-server/oauth/jwt.go:94.4,94.15 1 1
github.com/zerodha/kite-mcp-server/oauth/jwt.go:94.15,95.10 1 1
github.com/zerodha/kite-mcp-server/oauth/jwt.go:98.3,98.15 1 1
github.com/zerodha/kite-mcp-server/oauth/jwt.go:98.15,100.4 1 0
github.com/zerodha/kite-mcp-server/oauth/jwt.go:102.2,102.20 1 1
github.com/zerodha/kite-mcp-server/oauth/middleware.go:14.51,15.56 1 1
github.com/zerodha/kite-mcp-server/oauth/middleware.go:15.56,17.3 1 1
github.com/zerodha/kite-mcp-server/oauth/middleware.go:18.2,18.11 1 1
github.com/zerodha/kite-mcp-server/oauth/middleware.go:23.74,25.2 1 1
github.com/zerodha/kite-mcp-server/oauth/middleware.go:29.63,32.71 2 1
github.com/zerodha/kite-mcp-server/oauth/middleware.go:32.71,34.56 2 1
github.com/zerodha/kite-mcp-server/oauth/middleware.go:34.56,38.4 3 1
github.com/zerodha/kite-mcp-server/oauth/middleware.go:40.3,43.17 3 1
github.com/zerodha/kite-mcp-server/oauth/middleware.go:43.17,48.4 4 1
github.com/zerodha/kite-mcp-server/oauth/middleware.go:51.3,51.69 1 1
github.com/zerodha/kite-mcp-server/oauth/middleware.go:51.69,56.4 4 1
github.com/zerodha/kite-mcp-server/oauth/middleware.go:61.3,61.71 1 1
github.com/zerodha/kite-mcp-server/oauth/middleware.go:61.71,66.4 4 1
github.com/zerodha/kite-mcp-server/oauth/middleware.go:69.3,70.40 2 1
github.com/zerodha/kite-mcp-server/oauth/middleware.go:84.70,85.71 1 1
github.com/zerodha/kite-mcp-server/oauth/middleware.go:85.71,87.80 1 1
github.com/zerodha/kite-mcp-server/oauth/middleware.go:87.80,89.77 2 1
github.com/zerodha/kite-mcp-server/oauth/middleware.go:89.77,93.5 3 1
github.com/zerodha/kite-mcp-server/oauth/middleware.go:97.3,98.39 2 1
github.com/zerodha/kite-mcp-server/oauth/middleware.go:98.39,100.18 2 1
github.com/zerodha/kite-mcp-server/oauth/middleware.go:100.18,104.5 3 1
github.com/zerodha/kite-mcp-server/oauth/middleware.go:105.4,105.60 1 1
github.com/zerodha/kite-mcp-server/oauth/middleware.go:110.3,111.77 2 1
github.com/zerodha/kite-mcp-server/oauth/middleware.go:111.77,113.4 1 1
github.com/zerodha/kite-mcp-server/oauth/middleware.go:114.3,115.53 2 1
github.com/zerodha/kite-mcp-server/oauth/middleware.go:123.76,125.16 2 1
github.com/zerodha/kite-mcp-server/oauth/middleware.go:125.16,127.3 1 0
github.com/zerodha/kite-mcp-server/oauth/middleware.go:128.2,137.12 2 1
github.com/zerodha/kite-mcp-server/oauth/middleware.go:141.44,143.2 1 1
github.com/zerodha/kite-mcp-server/oauth/stores.go:36.40,43.2 3 1
github.com/zerodha/kite-mcp-server/oauth/stores.go:46.33,47.24 1 1
github.com/zerodha/kite-mcp-server/oauth/stores.go:47.24,49.3 1 1
github.com/zerodha/kite-mcp-server/oauth/stores.go:56.72,58.16 2 1
github.com/zerodha/kite-mcp-server/oauth/stores.go:58.16,60.3 1 0
github.com/zerodha/kite-mcp-server/oauth/stores.go:61.2,63.36 3 1
github.com/zerodha/kite-mcp-server/oauth/stores.go:63.36,66.3 2 1
github.com/zerodha/kite-mcp-server/oauth/stores.go:67.2,69.18 3 1
github.com/zerodha/kite-mcp-server/oauth/stores.go:73.69,77.46 4 1
github.com/zerodha/kite-mcp-server/oauth/stores.go:77.46,80.3 2 1
github.com/zerodha/kite-mcp-server/oauth/stores.go:81.2,82.20 2 1
github.com/zerodha/kite-mcp-server/oauth/stores.go:89.35,92.6 3 1
github.com/zerodha/kite-mcp-server/oauth/stores.go:92.6,93.10 1 1
github.com/zerodha/kite-mcp-server/oauth/stores.go:94.17,95.10 1 1
github.com/zerodha/kite-mcp-server/oauth/stores.go:96.19,99.32 3 0
github.com/zerodha/kite-mcp-server/oauth/stores.go:99.32,100.31 1 0
github.com/zerodha/kite-mcp-server/oauth/stores.go:100.31,102.6 1 0
github.com/zerodha/kite-mcp-server/oauth/stores.go:104.4,104.17 1 0
github.com/zerodha/kite-mcp-server/oauth/stores.go:152.36,154.2 1 1
github.com/zerodha/kite-mcp-server/oauth/stores.go:157.55,159.2 1 1
github.com/zerodha/kite-mcp-server/oauth/stores.go:162.54,164.2 1 1
github.com/zerodha/kite-mcp-server/oauth/stores.go:167.42,168.24 1 1
github.com/zerodha/kite-mcp-server/oauth/stores.go:168.24,170.3 1 1
github.com/zerodha/kite-mcp-server/oauth/stores.go:171.2,172.16 2 1
github.com/zerodha/kite-mcp-server/oauth/stores.go:172.16,174.3 1 1
github.com/zerodha/kite-mcp-server/oauth/stores.go:175.2,177.28 3 1
github.com/zerodha/kite-mcp-server/oauth/stores.go:177.28,179.71 2 1
github.com/zerodha/kite-mcp-server/oauth/stores.go:179.71,181.4 1 1
github.com/zerodha/kite-mcp-server/oauth/stores.go:182.3,188.4 1 1
github.com/zerodha/kite-mcp-server/oauth/stores.go:190.2,190.12 1 1
github.com/zerodha/kite-mcp-server/oauth/stores.go:194.37,197.31 3 1
github.com/zerodha/kite-mcp-server/oauth/stores.go:197.31,198.55 1 1
github.com/zerodha/kite-mcp-server/oauth/stores.go:198.55,201.4 2 1
github.com/zerodha/kite-mcp-server/oauth/stores.go:203.2,203.20 1 1
github.com/zerodha/kite-mcp-server/oauth/stores.go:203.20,205.3 1 1
github.com/zerodha/kite-mcp-server/oauth/stores.go:209.117,211.16 2 1
github.com/zerodha/kite-mcp-server/oauth/stores.go:211.16,213.3 1 0
github.com/zerodha/kite-mcp-server/oauth/stores.go:214.2,215.16 2 1
github.com/zerodha/kite-mcp-server/oauth/stores.go:215.16,217.3 1 0
github.com/zerodha/kite-mcp-server/oauth/stores.go:218.2,220.34 3 1
github.com/zerodha/kite-mcp-server/oauth/stores.go:220.34,222.3 1 1
github.com/zerodha/kite-mcp-server/oauth/stores.go:223.2,231.24 3 1
github.com/zerodha/kite-mcp-server/oauth/stores.go:231.24,233.133 2 1
github.com/zerodha/kite-mcp-server/oauth/stores.go:233.133,235.4 1 1
github.com/zerodha/kite-mcp-server/oauth/stores.go:238.2,238.36 1 1
github.com/zerodha/kite-mcp-server/oauth/stores.go:243.65,247.9 4 1
github.com/zerodha/kite-mcp-server/oauth/stores.go:247.9,249.3 1 1
github.com/zerodha/kite-mcp-server/oauth/stores.go:250.2,253.18 4 1
github.com/zerodha/kite-mcp-server/oauth/stores.go:257.70,261.9 4 1
github.com/zerodha/kite-mcp-server/oauth/stores.go:261.9,263.3 1 1
github.com/zerodha/kite-mcp-server/oauth/stores.go:264.2,264.35 1 1
github.com/zerodha/kite-mcp-server/oauth/stores.go:264.35,265.15 1 1
github.com/zerodha/kite-mcp-server/oauth/stores.go:265.15,267.4 1 1
github.com/zerodha/kite-mcp-server/oauth/stores.go:269.2,269.14 1 1
github.com/zerodha/kite-mcp-server/oauth/stores.go:274.82,277.46 3 1
github.com/zerodha/kite-mcp-server/oauth/stores.go:277.46,280.3 2 1
github.com/zerodha/kite-mcp-server/oauth/stores.go:281.2,281.34 1 1
github.com/zerodha/kite-mcp-server/oauth/stores.go:281.34,283.3 1 1
github.com/zerodha/kite-mcp-server/oauth/stores.go:284.2,285.24 2 1
github.com/zerodha/kite-mcp-server/oauth/stores.go:285.24,287.3 1 1
github.com/zerodha/kite-mcp-server/oauth/stores.go:288.2,296.24 3 1
github.com/zerodha/kite-mcp-server/oauth/stores.go:296.24,298.116 2 1
github.com/zerodha/kite-mcp-server/oauth/stores.go:298.116,300.4 1 1
github.com/zerodha/kite-mcp-server/oauth/stores.go:305.58,310.2 4 1
github.com/zerodha/kite-mcp-server/oauth/stores.go:314.60,317.9 3 1
github.com/zerodha/kite-mcp-server/oauth/stores.go:317.9,320.3 2 1
github.com/zerodha/kite-mcp-server/oauth/stores.go:321.2,321.44 1 1
github.com/zerodha/kite-mcp-server/oauth/stores.go:321.44,324.3 2 1
github.com/zerodha/kite-mcp-server/oauth/stores.go:325.2,325.35 1 1
github.com/zerodha/kite-mcp-server/oauth/stores.go:325.35,326.15 1 1
github.com/zerodha/kite-mcp-server/oauth/stores.go:326.15,329.4 2 1
github.com/zerodha/kite-mcp-server/oauth/stores.go:331.2,341.24 9 1
github.com/zerodha/kite-mcp-server/oauth/stores.go:341.24,343.131 2 1
github.com/zerodha/kite-mcp-server/oauth/stores.go:343.131,345.4 1 1
github.com/zerodha/kite-mcp-server/oauth/stores.go:349.39,351.40 2 1
github.com/zerodha/kite-mcp-server/oauth/stores.go:351.40,353.3 1 0
github.com/zerodha/kite-mcp-server/oauth/stores.go:354.2,354.35 1 1
