mode: set
github.com/zerodha/kite-mcp-server/cmd/rotate-key/main.go:15.13,21.59 5 1
github.com/zerodha/kite-mcp-server/cmd/rotate-key/main.go:21.59,24.3 2 1
github.com/zerodha/kite-mcp-server/cmd/rotate-key/main.go:26.2,26.72 1 1
github.com/zerodha/kite-mcp-server/cmd/rotate-key/main.go:26.72,28.3 1 1
github.com/zerodha/kite-mcp-server/cmd/rotate-key/main.go:33.65,35.16 2 1
github.com/zerodha/kite-mcp-server/cmd/rotate-key/main.go:35.16,40.3 1 0
github.com/zerodha/kite-mcp-server/cmd/rotate-key/main.go:41.2,47.33 5 1
github.com/zerodha/kite-mcp-server/cmd/rotate-key/main.go:47.33,49.17 2 1
github.com/zerodha/kite-mcp-server/cmd/rotate-key/main.go:49.17,51.4 1 1
github.com/zerodha/kite-mcp-server/cmd/rotate-key/main.go:52.3,52.74 1 1
github.com/zerodha/kite-mcp-server/cmd/rotate-key/main.go:53.8,55.3 1 1
github.com/zerodha/kite-mcp-server/cmd/rotate-key/main.go:57.2,58.16 2 1
github.com/zerodha/kite-mcp-server/cmd/rotate-key/main.go:58.16,60.3 1 1
github.com/zerodha/kite-mcp-server/cmd/rotate-key/main.go:61.2,62.16 2 1
github.com/zerodha/kite-mcp-server/cmd/rotate-key/main.go:62.16,64.3 1 1
github.com/zerodha/kite-mcp-server/cmd/rotate-key/main.go:67.2,78.27 2 1
github.com/zerodha/kite-mcp-server/cmd/rotate-key/main.go:78.27,80.17 2 1
github.com/zerodha/kite-mcp-server/cmd/rotate-key/main.go:80.17,82.4 1 1
github.com/zerodha/kite-mcp-server/cmd/rotate-key/main.go:82.9,84.4 1 1
github.com/zerodha/kite-mcp-server/cmd/rotate-key/main.go:87.2,88.12 2 1
github.com/zerodha/kite-mcp-server/cmd/rotate-key/main.go:94.105,97.30 2 1
github.com/zerodha/kite-mcp-server/cmd/rotate-key/main.go:97.30,99.3 1 1
github.com/zerodha/kite-mcp-server/cmd/rotate-key/main.go:100.2,103.16 3 1
github.com/zerodha/kite-mcp-server/cmd/rotate-key/main.go:103.16,105.3 1 1
github.com/zerodha/kite-mcp-server/cmd/rotate-key/main.go:106.2,114.18 4 1
github.com/zerodha/kite-mcp-server/cmd/rotate-key/main.go:114.18,119.26 4 1
github.com/zerodha/kite-mcp-server/cmd/rotate-key/main.go:119.26,121.4 1 1
github.com/zerodha/kite-mcp-server/cmd/rotate-key/main.go:122.3,122.48 1 1
github.com/zerodha/kite-mcp-server/cmd/rotate-key/main.go:122.48,124.4 1 1
github.com/zerodha/kite-mcp-server/cmd/rotate-key/main.go:125.3,125.31 1 1
github.com/zerodha/kite-mcp-server/cmd/rotate-key/main.go:127.2,127.35 1 1
github.com/zerodha/kite-mcp-server/cmd/rotate-key/main.go:127.35,131.3 1 0
github.com/zerodha/kite-mcp-server/cmd/rotate-key/main.go:134.2,135.28 2 1
github.com/zerodha/kite-mcp-server/cmd/rotate-key/main.go:135.28,137.35 2 1
github.com/zerodha/kite-mcp-server/cmd/rotate-key/main.go:137.35,142.18 3 1
github.com/zerodha/kite-mcp-server/cmd/rotate-key/main.go:142.18,144.5 1 1
github.com/zerodha/kite-mcp-server/cmd/rotate-key/main.go:145.4,145.30 1 1
github.com/zerodha/kite-mcp-server/cmd/rotate-key/main.go:149.3,151.31 3 1
github.com/zerodha/kite-mcp-server/cmd/rotate-key/main.go:151.31,152.13 1 1
github.com/zerodha/kite-mcp-server/cmd/rotate-key/main.go:152.13,154.5 1 1
github.com/zerodha/kite-mcp-server/cmd/rotate-key/main.go:155.4,156.37 2 1
github.com/zerodha/kite-mcp-server/cmd/rotate-key/main.go:158.3,161.58 3 1
github.com/zerodha/kite-mcp-server/cmd/rotate-key/main.go:161.58,163.4 1 1
github.com/zerodha/kite-mcp-server/cmd/rotate-key/main.go:164.3,164.10 1 1
github.com/zerodha/kite-mcp-server/cmd/rotate-key/main.go:167.2,167.19 1 1
