mode: set
github.com/zerodha/kite-mcp-server/kc/usecases/account_usecases.go:47.103,49.2 1 1
github.com/zerodha/kite-mcp-server/kc/usecases/account_usecases.go:52.103,53.21 1 1
github.com/zerodha/kite-mcp-server/kc/usecases/account_usecases.go:53.21,55.3 1 1
github.com/zerodha/kite-mcp-server/kc/usecases/account_usecases.go:57.2,57.36 1 1
github.com/zerodha/kite-mcp-server/kc/usecases/account_usecases.go:57.36,59.3 1 1
github.com/zerodha/kite-mcp-server/kc/usecases/account_usecases.go:60.2,60.31 1 1
github.com/zerodha/kite-mcp-server/kc/usecases/account_usecases.go:60.31,62.3 1 1
github.com/zerodha/kite-mcp-server/kc/usecases/account_usecases.go:63.2,63.29 1 1
github.com/zerodha/kite-mcp-server/kc/usecases/account_usecases.go:63.29,65.3 1 1
github.com/zerodha/kite-mcp-server/kc/usecases/account_usecases.go:66.2,66.33 1 1
github.com/zerodha/kite-mcp-server/kc/usecases/account_usecases.go:66.33,68.3 1 1
github.com/zerodha/kite-mcp-server/kc/usecases/account_usecases.go:69.2,69.35 1 1
github.com/zerodha/kite-mcp-server/kc/usecases/account_usecases.go:69.35,71.3 1 1
github.com/zerodha/kite-mcp-server/kc/usecases/account_usecases.go:72.2,72.34 1 1
github.com/zerodha/kite-mcp-server/kc/usecases/account_usecases.go:72.34,74.3 1 1
github.com/zerodha/kite-mcp-server/kc/usecases/account_usecases.go:75.2,75.32 1 1
github.com/zerodha/kite-mcp-server/kc/usecases/account_usecases.go:75.32,76.62 1 1
github.com/zerodha/kite-mcp-server/kc/usecases/account_usecases.go:76.62,78.4 1 1
github.com/zerodha/kite-mcp-server/kc/usecases/account_usecases.go:79.3,79.64 1 1
github.com/zerodha/kite-mcp-server/kc/usecases/account_usecases.go:79.64,81.4 1 1
github.com/zerodha/kite-mcp-server/kc/usecases/account_usecases.go:83.2,83.30 1 1
github.com/zerodha/kite-mcp-server/kc/usecases/account_usecases.go:83.30,84.81 1 1
github.com/zerodha/kite-mcp-server/kc/usecases/account_usecases.go:84.81,86.4 1 1
github.com/zerodha/kite-mcp-server/kc/usecases/account_usecases.go:89.2,90.12 2 1
github.com/zerodha/kite-mcp-server/kc/usecases/account_usecases.go:108.137,110.2 1 1
github.com/zerodha/kite-mcp-server/kc/usecases/account_usecases.go:113.111,114.21 1 1
github.com/zerodha/kite-mcp-server/kc/usecases/account_usecases.go:114.21,116.3 1 1
github.com/zerodha/kite-mcp-server/kc/usecases/account_usecases.go:117.2,117.45 1 1
github.com/zerodha/kite-mcp-server/kc/usecases/account_usecases.go:117.45,119.3 1 1
github.com/zerodha/kite-mcp-server/kc/usecases/account_usecases.go:121.2,122.12 2 1
github.com/zerodha/kite-mcp-server/kc/usecases/admin_usecases.go:52.92,54.2 1 1
github.com/zerodha/kite-mcp-server/kc/usecases/admin_usecases.go:65.126,70.14 4 1
github.com/zerodha/kite-mcp-server/kc/usecases/admin_usecases.go:70.14,72.3 1 1
github.com/zerodha/kite-mcp-server/kc/usecases/admin_usecases.go:73.2,73.31 1 1
github.com/zerodha/kite-mcp-server/kc/usecases/admin_usecases.go:73.31,75.3 1 1
github.com/zerodha/kite-mcp-server/kc/usecases/admin_usecases.go:77.2,78.26 2 1
github.com/zerodha/kite-mcp-server/kc/usecases/admin_usecases.go:78.26,80.3 1 1
github.com/zerodha/kite-mcp-server/kc/usecases/admin_usecases.go:81.2,81.25 1 1
github.com/zerodha/kite-mcp-server/kc/usecases/admin_usecases.go:81.25,83.3 1 1
github.com/zerodha/kite-mcp-server/kc/usecases/admin_usecases.go:85.2,90.8 1 1
github.com/zerodha/kite-mcp-server/kc/usecases/admin_usecases.go:103.109,105.2 1 1
github.com/zerodha/kite-mcp-server/kc/usecases/admin_usecases.go:115.120,116.29 1 1
github.com/zerodha/kite-mcp-server/kc/usecases/admin_usecases.go:116.29,118.3 1 1
github.com/zerodha/kite-mcp-server/kc/usecases/admin_usecases.go:120.2,121.12 2 1
github.com/zerodha/kite-mcp-server/kc/usecases/admin_usecases.go:121.12,123.3 1 1
github.com/zerodha/kite-mcp-server/kc/usecases/admin_usecases.go:125.2,127.25 2 1
github.com/zerodha/kite-mcp-server/kc/usecases/admin_usecases.go:127.25,132.3 4 1
github.com/zerodha/kite-mcp-server/kc/usecases/admin_usecases.go:134.2,134.20 1 1
github.com/zerodha/kite-mcp-server/kc/usecases/admin_usecases.go:146.94,148.2 1 1
github.com/zerodha/kite-mcp-server/kc/usecases/admin_usecases.go:151.120,153.2 1 1
github.com/zerodha/kite-mcp-server/kc/usecases/admin_usecases.go:164.104,166.2 1 1
github.com/zerodha/kite-mcp-server/kc/usecases/admin_usecases.go:178.138,179.29 1 1
github.com/zerodha/kite-mcp-server/kc/usecases/admin_usecases.go:179.29,181.3 1 1
github.com/zerodha/kite-mcp-server/kc/usecases/admin_usecases.go:182.2,182.25 1 1
github.com/zerodha/kite-mcp-server/kc/usecases/admin_usecases.go:182.25,184.3 1 1
github.com/zerodha/kite-mcp-server/kc/usecases/admin_usecases.go:186.2,189.18 4 1
github.com/zerodha/kite-mcp-server/kc/usecases/admin_usecases.go:189.18,191.3 1 1
github.com/zerodha/kite-mcp-server/kc/usecases/admin_usecases.go:193.2,199.8 1 1
github.com/zerodha/kite-mcp-server/kc/usecases/admin_usecases.go:220.28,228.2 1 1
github.com/zerodha/kite-mcp-server/kc/usecases/admin_usecases.go:238.132,239.27 1 1
github.com/zerodha/kite-mcp-server/kc/usecases/admin_usecases.go:239.27,241.3 1 1
github.com/zerodha/kite-mcp-server/kc/usecases/admin_usecases.go:242.2,242.39 1 1
github.com/zerodha/kite-mcp-server/kc/usecases/admin_usecases.go:242.39,244.3 1 1
github.com/zerodha/kite-mcp-server/kc/usecases/admin_usecases.go:247.2,248.81 2 1
github.com/zerodha/kite-mcp-server/kc/usecases/admin_usecases.go:248.81,250.41 2 1
github.com/zerodha/kite-mcp-server/kc/usecases/admin_usecases.go:250.41,251.67 1 1
github.com/zerodha/kite-mcp-server/kc/usecases/admin_usecases.go:251.67,253.5 1 1
github.com/zerodha/kite-mcp-server/kc/usecases/admin_usecases.go:255.3,255.24 1 1
github.com/zerodha/kite-mcp-server/kc/usecases/admin_usecases.go:255.24,257.4 1 1
github.com/zerodha/kite-mcp-server/kc/usecases/admin_usecases.go:260.2,260.25 1 1
github.com/zerodha/kite-mcp-server/kc/usecases/admin_usecases.go:260.25,262.3 1 1
github.com/zerodha/kite-mcp-server/kc/usecases/admin_usecases.go:264.2,264.90 1 1
github.com/zerodha/kite-mcp-server/kc/usecases/admin_usecases.go:264.90,266.3 1 1
github.com/zerodha/kite-mcp-server/kc/usecases/admin_usecases.go:268.2,269.24 2 1
github.com/zerodha/kite-mcp-server/kc/usecases/admin_usecases.go:269.24,271.3 1 1
github.com/zerodha/kite-mcp-server/kc/usecases/admin_usecases.go:273.2,273.22 1 1
github.com/zerodha/kite-mcp-server/kc/usecases/admin_usecases.go:273.22,280.3 1 1
github.com/zerodha/kite-mcp-server/kc/usecases/admin_usecases.go:282.2,286.8 1 1
github.com/zerodha/kite-mcp-server/kc/usecases/admin_usecases.go:298.98,300.2 1 1
github.com/zerodha/kite-mcp-server/kc/usecases/admin_usecases.go:303.107,304.27 1 1
github.com/zerodha/kite-mcp-server/kc/usecases/admin_usecases.go:304.27,306.3 1 1
github.com/zerodha/kite-mcp-server/kc/usecases/admin_usecases.go:308.2,308.87 1 1
github.com/zerodha/kite-mcp-server/kc/usecases/admin_usecases.go:308.87,310.3 1 1
github.com/zerodha/kite-mcp-server/kc/usecases/admin_usecases.go:312.2,312.12 1 1
github.com/zerodha/kite-mcp-server/kc/usecases/admin_usecases.go:324.94,326.2 1 1
github.com/zerodha/kite-mcp-server/kc/usecases/admin_usecases.go:336.129,337.27 1 1
github.com/zerodha/kite-mcp-server/kc/usecases/admin_usecases.go:337.27,339.3 1 1
github.com/zerodha/kite-mcp-server/kc/usecases/admin_usecases.go:340.2,340.23 1 1
github.com/zerodha/kite-mcp-server/kc/usecases/admin_usecases.go:340.23,342.3 1 1
github.com/zerodha/kite-mcp-server/kc/usecases/admin_usecases.go:344.2,345.9 2 1
github.com/zerodha/kite-mcp-server/kc/usecases/admin_usecases.go:345.9,347.3 1 1
github.com/zerodha/kite-mcp-server/kc/usecases/admin_usecases.go:350.2,350.70 1 1
github.com/zerodha/kite-mcp-server/kc/usecases/admin_usecases.go:350.70,352.41 2 1
github.com/zerodha/kite-mcp-server/kc/usecases/admin_usecases.go:352.41,353.67 1 1
github.com/zerodha/kite-mcp-server/kc/usecases/admin_usecases.go:353.67,355.5 1 1
github.com/zerodha/kite-mcp-server/kc/usecases/admin_usecases.go:357.3,357.24 1 1
github.com/zerodha/kite-mcp-server/kc/usecases/admin_usecases.go:357.24,359.4 1 1
github.com/zerodha/kite-mcp-server/kc/usecases/admin_usecases.go:362.2,363.78 2 1
github.com/zerodha/kite-mcp-server/kc/usecases/admin_usecases.go:363.78,365.3 1 1
github.com/zerodha/kite-mcp-server/kc/usecases/admin_usecases.go:367.2,371.8 1 1
github.com/zerodha/kite-mcp-server/kc/usecases/admin_usecases.go:383.98,385.2 1 1
github.com/zerodha/kite-mcp-server/kc/usecases/admin_usecases.go:388.103,389.27 1 1
github.com/zerodha/kite-mcp-server/kc/usecases/admin_usecases.go:389.27,391.3 1 1
github.com/zerodha/kite-mcp-server/kc/usecases/admin_usecases.go:392.2,392.25 1 1
github.com/zerodha/kite-mcp-server/kc/usecases/admin_usecases.go:392.25,394.3 1 1
github.com/zerodha/kite-mcp-server/kc/usecases/admin_usecases.go:396.2,397.12 2 1
github.com/zerodha/kite-mcp-server/kc/usecases/admin_usecases.go:409.102,411.2 1 1
github.com/zerodha/kite-mcp-server/kc/usecases/admin_usecases.go:414.107,415.27 1 1
github.com/zerodha/kite-mcp-server/kc/usecases/admin_usecases.go:415.27,417.3 1 1
github.com/zerodha/kite-mcp-server/kc/usecases/admin_usecases.go:418.2,418.25 1 1
github.com/zerodha/kite-mcp-server/kc/usecases/admin_usecases.go:418.25,420.3 1 1
github.com/zerodha/kite-mcp-server/kc/usecases/admin_usecases.go:422.2,423.12 2 1
github.com/zerodha/kite-mcp-server/kc/usecases/admin_usecases.go:435.102,437.2 1 1
github.com/zerodha/kite-mcp-server/kc/usecases/admin_usecases.go:440.107,441.25 1 1
github.com/zerodha/kite-mcp-server/kc/usecases/admin_usecases.go:441.25,443.3 1 1
github.com/zerodha/kite-mcp-server/kc/usecases/admin_usecases.go:445.2,446.12 2 1
github.com/zerodha/kite-mcp-server/kc/usecases/admin_usecases.go:458.106,460.2 1 1
github.com/zerodha/kite-mcp-server/kc/usecases/admin_usecases.go:463.111,464.25 1 1
github.com/zerodha/kite-mcp-server/kc/usecases/admin_usecases.go:464.25,466.3 1 1
github.com/zerodha/kite-mcp-server/kc/usecases/admin_usecases.go:468.2,469.12 2 1
github.com/zerodha/kite-mcp-server/kc/usecases/admin_usecases.go:481.110,483.2 1 1
github.com/zerodha/kite-mcp-server/kc/usecases/admin_usecases.go:486.119,487.21 1 1
github.com/zerodha/kite-mcp-server/kc/usecases/admin_usecases.go:487.21,489.3 1 1
github.com/zerodha/kite-mcp-server/kc/usecases/admin_usecases.go:492.2,492.54 1 1
github.com/zerodha/kite-mcp-server/kc/usecases/admin_usecases.go:492.54,494.3 1 1
github.com/zerodha/kite-mcp-server/kc/usecases/admin_usecases.go:496.2,497.16 2 1
github.com/zerodha/kite-mcp-server/kc/usecases/admin_usecases.go:497.16,499.3 1 1
github.com/zerodha/kite-mcp-server/kc/usecases/admin_usecases.go:501.2,509.50 2 1
github.com/zerodha/kite-mcp-server/kc/usecases/admin_usecases.go:509.50,511.3 1 1
github.com/zerodha/kite-mcp-server/kc/usecases/admin_usecases.go:513.2,513.12 1 1
github.com/zerodha/kite-mcp-server/kc/usecases/admin_usecases.go:526.138,528.2 1 1
github.com/zerodha/kite-mcp-server/kc/usecases/admin_usecases.go:531.126,532.27 1 1
github.com/zerodha/kite-mcp-server/kc/usecases/admin_usecases.go:532.27,534.3 1 1
github.com/zerodha/kite-mcp-server/kc/usecases/admin_usecases.go:536.2,537.9 2 1
github.com/zerodha/kite-mcp-server/kc/usecases/admin_usecases.go:537.9,539.3 1 1
github.com/zerodha/kite-mcp-server/kc/usecases/admin_usecases.go:542.2,542.36 1 1
github.com/zerodha/kite-mcp-server/kc/usecases/admin_usecases.go:542.36,544.41 2 1
github.com/zerodha/kite-mcp-server/kc/usecases/admin_usecases.go:544.41,545.67 1 1
github.com/zerodha/kite-mcp-server/kc/usecases/admin_usecases.go:545.67,547.5 1 1
github.com/zerodha/kite-mcp-server/kc/usecases/admin_usecases.go:549.3,549.24 1 1
github.com/zerodha/kite-mcp-server/kc/usecases/admin_usecases.go:549.24,551.4 1 1
github.com/zerodha/kite-mcp-server/kc/usecases/admin_usecases.go:554.2,554.91 1 1
github.com/zerodha/kite-mcp-server/kc/usecases/admin_usecases.go:554.91,556.3 1 1
github.com/zerodha/kite-mcp-server/kc/usecases/admin_usecases.go:558.2,559.24 2 1
github.com/zerodha/kite-mcp-server/kc/usecases/admin_usecases.go:559.24,561.3 1 1
github.com/zerodha/kite-mcp-server/kc/usecases/admin_usecases.go:563.2,563.24 1 1
github.com/zerodha/kite-mcp-server/kc/usecases/alert_usecases.go:27.86,29.2 1 1
github.com/zerodha/kite-mcp-server/kc/usecases/alert_usecases.go:32.111,33.23 1 1
github.com/zerodha/kite-mcp-server/kc/usecases/alert_usecases.go:33.23,35.3 1 1
github.com/zerodha/kite-mcp-server/kc/usecases/alert_usecases.go:36.2,36.40 1 1
github.com/zerodha/kite-mcp-server/kc/usecases/alert_usecases.go:48.88,50.2 1 1
github.com/zerodha/kite-mcp-server/kc/usecases/alert_usecases.go:53.95,54.21 1 1
github.com/zerodha/kite-mcp-server/kc/usecases/alert_usecases.go:54.21,56.3 1 1
github.com/zerodha/kite-mcp-server/kc/usecases/alert_usecases.go:57.2,57.23 1 1
github.com/zerodha/kite-mcp-server/kc/usecases/alert_usecases.go:57.23,59.3 1 1
github.com/zerodha/kite-mcp-server/kc/usecases/alert_usecases.go:60.2,60.64 1 1
github.com/zerodha/kite-mcp-server/kc/usecases/alert_usecases.go:60.64,63.3 2 1
github.com/zerodha/kite-mcp-server/kc/usecases/alert_usecases.go:64.2,64.12 1 1
github.com/zerodha/kite-mcp-server/kc/usecases/cancel_order.go:28.23,34.2 1 1
github.com/zerodha/kite-mcp-server/kc/usecases/cancel_order.go:37.119,39.21 1 1
github.com/zerodha/kite-mcp-server/kc/usecases/cancel_order.go:39.21,41.3 1 1
github.com/zerodha/kite-mcp-server/kc/usecases/cancel_order.go:42.2,42.23 1 1
github.com/zerodha/kite-mcp-server/kc/usecases/cancel_order.go:42.23,44.3 1 1
github.com/zerodha/kite-mcp-server/kc/usecases/cancel_order.go:46.2,47.19 2 1
github.com/zerodha/kite-mcp-server/kc/usecases/cancel_order.go:47.19,49.3 1 1
github.com/zerodha/kite-mcp-server/kc/usecases/cancel_order.go:52.2,53.16 2 1
github.com/zerodha/kite-mcp-server/kc/usecases/cancel_order.go:53.16,55.3 1 1
github.com/zerodha/kite-mcp-server/kc/usecases/cancel_order.go:58.2,59.16 2 1
github.com/zerodha/kite-mcp-server/kc/usecases/cancel_order.go:59.16,66.3 2 1
github.com/zerodha/kite-mcp-server/kc/usecases/cancel_order.go:69.2,69.22 1 1
github.com/zerodha/kite-mcp-server/kc/usecases/cancel_order.go:69.22,75.3 1 1
github.com/zerodha/kite-mcp-server/kc/usecases/cancel_order.go:77.2,82.18 2 1
github.com/zerodha/kite-mcp-server/kc/usecases/close_all_positions.go:31.29,38.2 1 1
github.com/zerodha/kite-mcp-server/kc/usecases/close_all_positions.go:60.120,62.17 1 1
github.com/zerodha/kite-mcp-server/kc/usecases/close_all_positions.go:62.17,64.3 1 1
github.com/zerodha/kite-mcp-server/kc/usecases/close_all_positions.go:66.2,67.25 2 1
github.com/zerodha/kite-mcp-server/kc/usecases/close_all_positions.go:67.25,69.3 1 1
github.com/zerodha/kite-mcp-server/kc/usecases/close_all_positions.go:72.2,73.16 2 1
github.com/zerodha/kite-mcp-server/kc/usecases/close_all_positions.go:73.16,75.3 1 1
github.com/zerodha/kite-mcp-server/kc/usecases/close_all_positions.go:78.2,79.16 2 1
github.com/zerodha/kite-mcp-server/kc/usecases/close_all_positions.go:79.16,81.3 1 1
github.com/zerodha/kite-mcp-server/kc/usecases/close_all_positions.go:84.2,85.34 2 1
github.com/zerodha/kite-mcp-server/kc/usecases/close_all_positions.go:85.34,86.22 1 1
github.com/zerodha/kite-mcp-server/kc/usecases/close_all_positions.go:86.22,87.12 1 1
github.com/zerodha/kite-mcp-server/kc/usecases/close_all_positions.go:89.3,89.76 1 1
github.com/zerodha/kite-mcp-server/kc/usecases/close_all_positions.go:89.76,90.12 1 1
github.com/zerodha/kite-mcp-server/kc/usecases/close_all_positions.go:92.3,92.31 1 1
github.com/zerodha/kite-mcp-server/kc/usecases/close_all_positions.go:95.2,95.23 1 1
github.com/zerodha/kite-mcp-server/kc/usecases/close_all_positions.go:95.23,99.3 1 1
github.com/zerodha/kite-mcp-server/kc/usecases/close_all_positions.go:102.2,106.28 4 1
github.com/zerodha/kite-mcp-server/kc/usecases/close_all_positions.go:106.28,109.21 3 1
github.com/zerodha/kite-mcp-server/kc/usecases/close_all_positions.go:109.21,111.4 1 1
github.com/zerodha/kite-mcp-server/kc/usecases/close_all_positions.go:111.9,113.4 1 1
github.com/zerodha/kite-mcp-server/kc/usecases/close_all_positions.go:115.3,123.26 2 1
github.com/zerodha/kite-mcp-server/kc/usecases/close_all_positions.go:123.26,132.23 2 1
github.com/zerodha/kite-mcp-server/kc/usecases/close_all_positions.go:132.23,141.13 5 1
github.com/zerodha/kite-mcp-server/kc/usecases/close_all_positions.go:145.3,158.22 3 1
github.com/zerodha/kite-mcp-server/kc/usecases/close_all_positions.go:158.22,166.4 3 1
github.com/zerodha/kite-mcp-server/kc/usecases/close_all_positions.go:166.9,171.24 3 1
github.com/zerodha/kite-mcp-server/kc/usecases/close_all_positions.go:171.24,181.5 2 1
github.com/zerodha/kite-mcp-server/kc/usecases/close_all_positions.go:184.3,184.35 1 1
github.com/zerodha/kite-mcp-server/kc/usecases/close_all_positions.go:187.2,200.8 2 1
github.com/zerodha/kite-mcp-server/kc/usecases/close_position.go:31.25,38.2 1 1
github.com/zerodha/kite-mcp-server/kc/usecases/close_position.go:51.139,53.17 1 1
github.com/zerodha/kite-mcp-server/kc/usecases/close_position.go:53.17,55.3 1 1
github.com/zerodha/kite-mcp-server/kc/usecases/close_position.go:56.2,56.36 1 1
github.com/zerodha/kite-mcp-server/kc/usecases/close_position.go:56.36,58.3 1 1
github.com/zerodha/kite-mcp-server/kc/usecases/close_position.go:61.2,62.16 2 1
github.com/zerodha/kite-mcp-server/kc/usecases/close_position.go:62.16,64.3 1 1
github.com/zerodha/kite-mcp-server/kc/usecases/close_position.go:67.2,68.16 2 1
github.com/zerodha/kite-mcp-server/kc/usecases/close_position.go:68.16,70.3 1 1
github.com/zerodha/kite-mcp-server/kc/usecases/close_position.go:72.2,73.34 2 1
github.com/zerodha/kite-mcp-server/kc/usecases/close_position.go:73.34,74.22 1 1
github.com/zerodha/kite-mcp-server/kc/usecases/close_position.go:74.22,75.12 1 1
github.com/zerodha/kite-mcp-server/kc/usecases/close_position.go:77.3,77.92 1 1
github.com/zerodha/kite-mcp-server/kc/usecases/close_position.go:77.92,78.91 1 1
github.com/zerodha/kite-mcp-server/kc/usecases/close_position.go:78.91,79.13 1 1
github.com/zerodha/kite-mcp-server/kc/usecases/close_position.go:81.4,82.9 2 1
github.com/zerodha/kite-mcp-server/kc/usecases/close_position.go:85.2,85.20 1 1
github.com/zerodha/kite-mcp-server/kc/usecases/close_position.go:85.20,87.3 1 1
github.com/zerodha/kite-mcp-server/kc/usecases/close_position.go:90.2,92.26 3 1
github.com/zerodha/kite-mcp-server/kc/usecases/close_position.go:92.26,94.3 1 1
github.com/zerodha/kite-mcp-server/kc/usecases/close_position.go:94.8,96.3 1 1
github.com/zerodha/kite-mcp-server/kc/usecases/close_position.go:99.2,99.25 1 1
github.com/zerodha/kite-mcp-server/kc/usecases/close_position.go:99.25,108.22 2 1
github.com/zerodha/kite-mcp-server/kc/usecases/close_position.go:108.22,115.24 2 1
github.com/zerodha/kite-mcp-server/kc/usecases/close_position.go:115.24,123.5 1 1
github.com/zerodha/kite-mcp-server/kc/usecases/close_position.go:124.4,124.95 1 1
github.com/zerodha/kite-mcp-server/kc/usecases/close_position.go:129.2,142.16 3 1
github.com/zerodha/kite-mcp-server/kc/usecases/close_position.go:142.16,149.3 2 1
github.com/zerodha/kite-mcp-server/kc/usecases/close_position.go:152.2,152.22 1 1
github.com/zerodha/kite-mcp-server/kc/usecases/close_position.go:152.22,162.3 2 1
github.com/zerodha/kite-mcp-server/kc/usecases/close_position.go:164.2,179.8 2 1
github.com/zerodha/kite-mcp-server/kc/usecases/context_usecases.go:44.100,46.2 1 1
github.com/zerodha/kite-mcp-server/kc/usecases/context_usecases.go:49.126,50.23 1 1
github.com/zerodha/kite-mcp-server/kc/usecases/context_usecases.go:50.23,52.3 1 1
github.com/zerodha/kite-mcp-server/kc/usecases/context_usecases.go:54.2,55.16 2 1
github.com/zerodha/kite-mcp-server/kc/usecases/context_usecases.go:55.16,57.3 1 1
github.com/zerodha/kite-mcp-server/kc/usecases/context_usecases.go:59.2,71.12 4 1
github.com/zerodha/kite-mcp-server/kc/usecases/context_usecases.go:71.12,74.3 2 1
github.com/zerodha/kite-mcp-server/kc/usecases/context_usecases.go:75.2,75.12 1 1
github.com/zerodha/kite-mcp-server/kc/usecases/context_usecases.go:75.12,78.3 2 1
github.com/zerodha/kite-mcp-server/kc/usecases/context_usecases.go:79.2,79.12 1 1
github.com/zerodha/kite-mcp-server/kc/usecases/context_usecases.go:79.12,82.3 2 1
github.com/zerodha/kite-mcp-server/kc/usecases/context_usecases.go:83.2,83.12 1 1
github.com/zerodha/kite-mcp-server/kc/usecases/context_usecases.go:83.12,86.3 2 1
github.com/zerodha/kite-mcp-server/kc/usecases/context_usecases.go:88.2,88.25 1 1
github.com/zerodha/kite-mcp-server/kc/usecases/context_usecases.go:88.25,90.19 2 1
github.com/zerodha/kite-mcp-server/kc/usecases/context_usecases.go:90.19,93.12 3 1
github.com/zerodha/kite-mcp-server/kc/usecases/context_usecases.go:95.3,95.16 1 1
github.com/zerodha/kite-mcp-server/kc/usecases/context_usecases.go:96.18,98.23 2 1
github.com/zerodha/kite-mcp-server/kc/usecases/context_usecases.go:99.20,101.25 2 1
github.com/zerodha/kite-mcp-server/kc/usecases/context_usecases.go:102.17,103.42 1 1
github.com/zerodha/kite-mcp-server/kc/usecases/context_usecases.go:104.19,105.46 1 1
github.com/zerodha/kite-mcp-server/kc/usecases/context_usecases.go:109.2,109.29 1 1
github.com/zerodha/kite-mcp-server/kc/usecases/context_usecases.go:109.29,111.3 1 1
github.com/zerodha/kite-mcp-server/kc/usecases/context_usecases.go:113.2,113.20 1 1
github.com/zerodha/kite-mcp-server/kc/usecases/convert_position.go:19.102,24.2 1 1
github.com/zerodha/kite-mcp-server/kc/usecases/convert_position.go:27.111,28.21 1 1
github.com/zerodha/kite-mcp-server/kc/usecases/convert_position.go:28.21,30.3 1 1
github.com/zerodha/kite-mcp-server/kc/usecases/convert_position.go:31.2,31.29 1 1
github.com/zerodha/kite-mcp-server/kc/usecases/convert_position.go:31.29,33.3 1 1
github.com/zerodha/kite-mcp-server/kc/usecases/convert_position.go:34.2,34.23 1 1
github.com/zerodha/kite-mcp-server/kc/usecases/convert_position.go:34.23,36.3 1 1
github.com/zerodha/kite-mcp-server/kc/usecases/convert_position.go:38.2,39.16 2 1
github.com/zerodha/kite-mcp-server/kc/usecases/convert_position.go:39.16,41.3 1 1
github.com/zerodha/kite-mcp-server/kc/usecases/convert_position.go:43.2,52.16 2 1
github.com/zerodha/kite-mcp-server/kc/usecases/convert_position.go:52.16,59.3 2 1
github.com/zerodha/kite-mcp-server/kc/usecases/convert_position.go:61.2,68.16 2 1
github.com/zerodha/kite-mcp-server/kc/usecases/create_alert.go:36.23,42.2 1 1
github.com/zerodha/kite-mcp-server/kc/usecases/create_alert.go:45.105,46.21 1 1
github.com/zerodha/kite-mcp-server/kc/usecases/create_alert.go:46.21,48.3 1 1
github.com/zerodha/kite-mcp-server/kc/usecases/create_alert.go:49.2,49.29 1 1
github.com/zerodha/kite-mcp-server/kc/usecases/create_alert.go:49.29,51.3 1 1
github.com/zerodha/kite-mcp-server/kc/usecases/create_alert.go:52.2,52.26 1 1
github.com/zerodha/kite-mcp-server/kc/usecases/create_alert.go:52.26,54.3 1 1
github.com/zerodha/kite-mcp-server/kc/usecases/create_alert.go:55.2,55.25 1 1
github.com/zerodha/kite-mcp-server/kc/usecases/create_alert.go:55.25,57.3 1 1
github.com/zerodha/kite-mcp-server/kc/usecases/create_alert.go:60.2,61.16 2 1
github.com/zerodha/kite-mcp-server/kc/usecases/create_alert.go:61.16,63.3 1 1
github.com/zerodha/kite-mcp-server/kc/usecases/create_alert.go:65.2,69.28 3 1
github.com/zerodha/kite-mcp-server/kc/usecases/create_alert.go:69.28,74.3 1 1
github.com/zerodha/kite-mcp-server/kc/usecases/create_alert.go:74.8,79.3 1 1
github.com/zerodha/kite-mcp-server/kc/usecases/create_alert.go:80.2,80.16 1 1
github.com/zerodha/kite-mcp-server/kc/usecases/create_alert.go:80.16,87.3 2 1
github.com/zerodha/kite-mcp-server/kc/usecases/create_alert.go:89.2,97.21 2 1
github.com/zerodha/kite-mcp-server/kc/usecases/get_orders.go:19.90,24.2 1 1
github.com/zerodha/kite-mcp-server/kc/usecases/get_orders.go:27.109,28.23 1 1
github.com/zerodha/kite-mcp-server/kc/usecases/get_orders.go:28.23,30.3 1 1
github.com/zerodha/kite-mcp-server/kc/usecases/get_orders.go:32.2,33.16 2 1
github.com/zerodha/kite-mcp-server/kc/usecases/get_orders.go:33.16,35.3 1 1
github.com/zerodha/kite-mcp-server/kc/usecases/get_orders.go:37.2,38.16 2 1
github.com/zerodha/kite-mcp-server/kc/usecases/get_orders.go:38.16,41.3 2 1
github.com/zerodha/kite-mcp-server/kc/usecases/get_orders.go:43.2,43.20 1 1
github.com/zerodha/kite-mcp-server/kc/usecases/get_portfolio.go:25.96,30.2 1 1
github.com/zerodha/kite-mcp-server/kc/usecases/get_portfolio.go:33.117,34.23 1 1
github.com/zerodha/kite-mcp-server/kc/usecases/get_portfolio.go:34.23,36.3 1 1
github.com/zerodha/kite-mcp-server/kc/usecases/get_portfolio.go:38.2,39.16 2 1
github.com/zerodha/kite-mcp-server/kc/usecases/get_portfolio.go:39.16,41.3 1 1
github.com/zerodha/kite-mcp-server/kc/usecases/get_portfolio.go:43.2,44.16 2 1
github.com/zerodha/kite-mcp-server/kc/usecases/get_portfolio.go:44.16,47.3 2 1
github.com/zerodha/kite-mcp-server/kc/usecases/get_portfolio.go:49.2,50.16 2 1
github.com/zerodha/kite-mcp-server/kc/usecases/get_portfolio.go:50.16,53.3 2 1
github.com/zerodha/kite-mcp-server/kc/usecases/get_portfolio.go:55.2,58.8 1 1
github.com/zerodha/kite-mcp-server/kc/usecases/gtt_usecases.go:21.86,26.2 1 1
github.com/zerodha/kite-mcp-server/kc/usecases/gtt_usecases.go:29.108,30.23 1 1
github.com/zerodha/kite-mcp-server/kc/usecases/gtt_usecases.go:30.23,32.3 1 1
github.com/zerodha/kite-mcp-server/kc/usecases/gtt_usecases.go:34.2,35.16 2 1
github.com/zerodha/kite-mcp-server/kc/usecases/gtt_usecases.go:35.16,37.3 1 1
github.com/zerodha/kite-mcp-server/kc/usecases/gtt_usecases.go:39.2,40.16 2 1
github.com/zerodha/kite-mcp-server/kc/usecases/gtt_usecases.go:40.16,43.3 2 1
github.com/zerodha/kite-mcp-server/kc/usecases/gtt_usecases.go:45.2,45.18 1 1
github.com/zerodha/kite-mcp-server/kc/usecases/gtt_usecases.go:57.88,62.2 1 1
github.com/zerodha/kite-mcp-server/kc/usecases/gtt_usecases.go:65.111,66.21 1 1
github.com/zerodha/kite-mcp-server/kc/usecases/gtt_usecases.go:66.21,68.3 1 1
github.com/zerodha/kite-mcp-server/kc/usecases/gtt_usecases.go:69.2,69.29 1 1
github.com/zerodha/kite-mcp-server/kc/usecases/gtt_usecases.go:69.29,71.3 1 1
github.com/zerodha/kite-mcp-server/kc/usecases/gtt_usecases.go:72.2,72.51 1 1
github.com/zerodha/kite-mcp-server/kc/usecases/gtt_usecases.go:72.51,74.3 1 1
github.com/zerodha/kite-mcp-server/kc/usecases/gtt_usecases.go:76.2,77.16 2 1
github.com/zerodha/kite-mcp-server/kc/usecases/gtt_usecases.go:77.16,79.3 1 1
github.com/zerodha/kite-mcp-server/kc/usecases/gtt_usecases.go:81.2,100.16 3 1
github.com/zerodha/kite-mcp-server/kc/usecases/gtt_usecases.go:100.16,103.3 2 1
github.com/zerodha/kite-mcp-server/kc/usecases/gtt_usecases.go:105.2,112.18 2 1
github.com/zerodha/kite-mcp-server/kc/usecases/gtt_usecases.go:122.90,127.2 1 1
github.com/zerodha/kite-mcp-server/kc/usecases/gtt_usecases.go:130.113,131.21 1 1
github.com/zerodha/kite-mcp-server/kc/usecases/gtt_usecases.go:131.21,133.3 1 1
github.com/zerodha/kite-mcp-server/kc/usecases/gtt_usecases.go:134.2,134.24 1 1
github.com/zerodha/kite-mcp-server/kc/usecases/gtt_usecases.go:134.24,136.3 1 1
github.com/zerodha/kite-mcp-server/kc/usecases/gtt_usecases.go:137.2,137.51 1 1
github.com/zerodha/kite-mcp-server/kc/usecases/gtt_usecases.go:137.51,139.3 1 1
github.com/zerodha/kite-mcp-server/kc/usecases/gtt_usecases.go:141.2,142.16 2 1
github.com/zerodha/kite-mcp-server/kc/usecases/gtt_usecases.go:142.16,144.3 1 1
github.com/zerodha/kite-mcp-server/kc/usecases/gtt_usecases.go:146.2,165.16 3 1
github.com/zerodha/kite-mcp-server/kc/usecases/gtt_usecases.go:165.16,168.3 2 1
github.com/zerodha/kite-mcp-server/kc/usecases/gtt_usecases.go:170.2,176.18 2 1
github.com/zerodha/kite-mcp-server/kc/usecases/gtt_usecases.go:186.90,191.2 1 1
github.com/zerodha/kite-mcp-server/kc/usecases/gtt_usecases.go:194.113,195.21 1 1
github.com/zerodha/kite-mcp-server/kc/usecases/gtt_usecases.go:195.21,197.3 1 1
github.com/zerodha/kite-mcp-server/kc/usecases/gtt_usecases.go:198.2,198.24 1 1
github.com/zerodha/kite-mcp-server/kc/usecases/gtt_usecases.go:198.24,200.3 1 1
github.com/zerodha/kite-mcp-server/kc/usecases/gtt_usecases.go:202.2,203.16 2 1
github.com/zerodha/kite-mcp-server/kc/usecases/gtt_usecases.go:203.16,205.3 1 1
github.com/zerodha/kite-mcp-server/kc/usecases/gtt_usecases.go:207.2,208.16 2 1
github.com/zerodha/kite-mcp-server/kc/usecases/gtt_usecases.go:208.16,211.3 2 1
github.com/zerodha/kite-mcp-server/kc/usecases/gtt_usecases.go:213.2,218.18 2 1
github.com/zerodha/kite-mcp-server/kc/usecases/margin_usecases.go:18.102,20.2 1 1
github.com/zerodha/kite-mcp-server/kc/usecases/margin_usecases.go:22.110,23.23 1 1
github.com/zerodha/kite-mcp-server/kc/usecases/margin_usecases.go:23.23,25.3 1 1
github.com/zerodha/kite-mcp-server/kc/usecases/margin_usecases.go:26.2,26.28 1 1
github.com/zerodha/kite-mcp-server/kc/usecases/margin_usecases.go:26.28,28.3 1 1
github.com/zerodha/kite-mcp-server/kc/usecases/margin_usecases.go:30.2,31.16 2 1
github.com/zerodha/kite-mcp-server/kc/usecases/margin_usecases.go:31.16,33.3 1 1
github.com/zerodha/kite-mcp-server/kc/usecases/margin_usecases.go:35.2,36.33 2 1
github.com/zerodha/kite-mcp-server/kc/usecases/margin_usecases.go:36.33,48.3 1 1
github.com/zerodha/kite-mcp-server/kc/usecases/margin_usecases.go:50.2,51.16 2 1
github.com/zerodha/kite-mcp-server/kc/usecases/margin_usecases.go:51.16,54.3 2 1
github.com/zerodha/kite-mcp-server/kc/usecases/margin_usecases.go:56.2,56.20 1 1
github.com/zerodha/kite-mcp-server/kc/usecases/margin_usecases.go:65.104,67.2 1 1
github.com/zerodha/kite-mcp-server/kc/usecases/margin_usecases.go:69.112,70.23 1 1
github.com/zerodha/kite-mcp-server/kc/usecases/margin_usecases.go:70.23,72.3 1 1
github.com/zerodha/kite-mcp-server/kc/usecases/margin_usecases.go:73.2,73.28 1 1
github.com/zerodha/kite-mcp-server/kc/usecases/margin_usecases.go:73.28,75.3 1 1
github.com/zerodha/kite-mcp-server/kc/usecases/margin_usecases.go:77.2,78.16 2 1
github.com/zerodha/kite-mcp-server/kc/usecases/margin_usecases.go:78.16,80.3 1 1
github.com/zerodha/kite-mcp-server/kc/usecases/margin_usecases.go:82.2,83.33 2 1
github.com/zerodha/kite-mcp-server/kc/usecases/margin_usecases.go:83.33,95.3 1 1
github.com/zerodha/kite-mcp-server/kc/usecases/margin_usecases.go:97.2,98.16 2 1
github.com/zerodha/kite-mcp-server/kc/usecases/margin_usecases.go:98.16,101.3 2 1
github.com/zerodha/kite-mcp-server/kc/usecases/margin_usecases.go:103.2,103.20 1 1
github.com/zerodha/kite-mcp-server/kc/usecases/margin_usecases.go:112.102,114.2 1 1
github.com/zerodha/kite-mcp-server/kc/usecases/margin_usecases.go:116.110,117.23 1 1
github.com/zerodha/kite-mcp-server/kc/usecases/margin_usecases.go:117.23,119.3 1 1
github.com/zerodha/kite-mcp-server/kc/usecases/margin_usecases.go:120.2,120.28 1 1
github.com/zerodha/kite-mcp-server/kc/usecases/margin_usecases.go:120.28,122.3 1 1
github.com/zerodha/kite-mcp-server/kc/usecases/margin_usecases.go:124.2,125.16 2 1
github.com/zerodha/kite-mcp-server/kc/usecases/margin_usecases.go:125.16,127.3 1 1
github.com/zerodha/kite-mcp-server/kc/usecases/margin_usecases.go:129.2,130.33 2 1
github.com/zerodha/kite-mcp-server/kc/usecases/margin_usecases.go:130.33,142.3 1 1
github.com/zerodha/kite-mcp-server/kc/usecases/margin_usecases.go:144.2,145.16 2 1
github.com/zerodha/kite-mcp-server/kc/usecases/margin_usecases.go:145.16,148.3 2 1
github.com/zerodha/kite-mcp-server/kc/usecases/margin_usecases.go:150.2,150.20 1 1
github.com/zerodha/kite-mcp-server/kc/usecases/mf_usecases.go:20.94,22.2 1 1
github.com/zerodha/kite-mcp-server/kc/usecases/mf_usecases.go:24.115,25.23 1 1
github.com/zerodha/kite-mcp-server/kc/usecases/mf_usecases.go:25.23,27.3 1 1
github.com/zerodha/kite-mcp-server/kc/usecases/mf_usecases.go:29.2,30.16 2 1
github.com/zerodha/kite-mcp-server/kc/usecases/mf_usecases.go:30.16,32.3 1 1
github.com/zerodha/kite-mcp-server/kc/usecases/mf_usecases.go:34.2,35.16 2 1
github.com/zerodha/kite-mcp-server/kc/usecases/mf_usecases.go:35.16,38.3 2 1
github.com/zerodha/kite-mcp-server/kc/usecases/mf_usecases.go:40.2,40.20 1 1
github.com/zerodha/kite-mcp-server/kc/usecases/mf_usecases.go:49.90,51.2 1 1
github.com/zerodha/kite-mcp-server/kc/usecases/mf_usecases.go:53.109,54.23 1 1
github.com/zerodha/kite-mcp-server/kc/usecases/mf_usecases.go:54.23,56.3 1 1
github.com/zerodha/kite-mcp-server/kc/usecases/mf_usecases.go:58.2,59.16 2 1
github.com/zerodha/kite-mcp-server/kc/usecases/mf_usecases.go:59.16,61.3 1 1
github.com/zerodha/kite-mcp-server/kc/usecases/mf_usecases.go:63.2,64.16 2 1
github.com/zerodha/kite-mcp-server/kc/usecases/mf_usecases.go:64.16,67.3 2 1
github.com/zerodha/kite-mcp-server/kc/usecases/mf_usecases.go:69.2,69.18 1 1
github.com/zerodha/kite-mcp-server/kc/usecases/mf_usecases.go:78.98,80.2 1 1
github.com/zerodha/kite-mcp-server/kc/usecases/mf_usecases.go:82.121,83.23 1 1
github.com/zerodha/kite-mcp-server/kc/usecases/mf_usecases.go:83.23,85.3 1 1
github.com/zerodha/kite-mcp-server/kc/usecases/mf_usecases.go:87.2,88.16 2 1
github.com/zerodha/kite-mcp-server/kc/usecases/mf_usecases.go:88.16,90.3 1 1
github.com/zerodha/kite-mcp-server/kc/usecases/mf_usecases.go:92.2,93.16 2 1
github.com/zerodha/kite-mcp-server/kc/usecases/mf_usecases.go:93.16,96.3 2 1
github.com/zerodha/kite-mcp-server/kc/usecases/mf_usecases.go:98.2,98.22 1 1
github.com/zerodha/kite-mcp-server/kc/usecases/mf_usecases.go:109.96,111.2 1 1
github.com/zerodha/kite-mcp-server/kc/usecases/mf_usecases.go:113.123,114.21 1 1
github.com/zerodha/kite-mcp-server/kc/usecases/mf_usecases.go:114.21,116.3 1 1
github.com/zerodha/kite-mcp-server/kc/usecases/mf_usecases.go:117.2,117.29 1 1
github.com/zerodha/kite-mcp-server/kc/usecases/mf_usecases.go:117.29,119.3 1 1
github.com/zerodha/kite-mcp-server/kc/usecases/mf_usecases.go:121.2,122.16 2 1
github.com/zerodha/kite-mcp-server/kc/usecases/mf_usecases.go:122.16,124.3 1 1
github.com/zerodha/kite-mcp-server/kc/usecases/mf_usecases.go:126.2,133.16 2 1
github.com/zerodha/kite-mcp-server/kc/usecases/mf_usecases.go:133.16,136.3 2 1
github.com/zerodha/kite-mcp-server/kc/usecases/mf_usecases.go:138.2,145.18 2 1
github.com/zerodha/kite-mcp-server/kc/usecases/mf_usecases.go:154.98,156.2 1 1
github.com/zerodha/kite-mcp-server/kc/usecases/mf_usecases.go:158.125,159.21 1 1
github.com/zerodha/kite-mcp-server/kc/usecases/mf_usecases.go:159.21,161.3 1 1
github.com/zerodha/kite-mcp-server/kc/usecases/mf_usecases.go:162.2,162.23 1 1
github.com/zerodha/kite-mcp-server/kc/usecases/mf_usecases.go:162.23,164.3 1 1
github.com/zerodha/kite-mcp-server/kc/usecases/mf_usecases.go:166.2,167.16 2 1
github.com/zerodha/kite-mcp-server/kc/usecases/mf_usecases.go:167.16,169.3 1 1
github.com/zerodha/kite-mcp-server/kc/usecases/mf_usecases.go:171.2,172.16 2 1
github.com/zerodha/kite-mcp-server/kc/usecases/mf_usecases.go:172.16,175.3 2 1
github.com/zerodha/kite-mcp-server/kc/usecases/mf_usecases.go:177.2,178.18 2 1
github.com/zerodha/kite-mcp-server/kc/usecases/mf_usecases.go:187.92,189.2 1 1
github.com/zerodha/kite-mcp-server/kc/usecases/mf_usecases.go:191.117,192.21 1 1
github.com/zerodha/kite-mcp-server/kc/usecases/mf_usecases.go:192.21,194.3 1 1
github.com/zerodha/kite-mcp-server/kc/usecases/mf_usecases.go:195.2,195.29 1 1
github.com/zerodha/kite-mcp-server/kc/usecases/mf_usecases.go:195.29,197.3 1 1
github.com/zerodha/kite-mcp-server/kc/usecases/mf_usecases.go:198.2,198.21 1 1
github.com/zerodha/kite-mcp-server/kc/usecases/mf_usecases.go:198.21,200.3 1 1
github.com/zerodha/kite-mcp-server/kc/usecases/mf_usecases.go:202.2,203.16 2 1
github.com/zerodha/kite-mcp-server/kc/usecases/mf_usecases.go:203.16,205.3 1 1
github.com/zerodha/kite-mcp-server/kc/usecases/mf_usecases.go:207.2,216.16 2 1
github.com/zerodha/kite-mcp-server/kc/usecases/mf_usecases.go:216.16,219.3 2 1
github.com/zerodha/kite-mcp-server/kc/usecases/mf_usecases.go:221.2,227.18 2 1
github.com/zerodha/kite-mcp-server/kc/usecases/mf_usecases.go:236.94,238.2 1 1
github.com/zerodha/kite-mcp-server/kc/usecases/mf_usecases.go:240.119,241.21 1 1
github.com/zerodha/kite-mcp-server/kc/usecases/mf_usecases.go:241.21,243.3 1 1
github.com/zerodha/kite-mcp-server/kc/usecases/mf_usecases.go:244.2,244.21 1 1
github.com/zerodha/kite-mcp-server/kc/usecases/mf_usecases.go:244.21,246.3 1 1
github.com/zerodha/kite-mcp-server/kc/usecases/mf_usecases.go:248.2,249.16 2 1
github.com/zerodha/kite-mcp-server/kc/usecases/mf_usecases.go:249.16,251.3 1 1
github.com/zerodha/kite-mcp-server/kc/usecases/mf_usecases.go:253.2,254.16 2 1
github.com/zerodha/kite-mcp-server/kc/usecases/mf_usecases.go:254.16,257.3 2 1
github.com/zerodha/kite-mcp-server/kc/usecases/mf_usecases.go:259.2,260.18 2 1
github.com/zerodha/kite-mcp-server/kc/usecases/modify_order.go:30.23,37.2 1 1
github.com/zerodha/kite-mcp-server/kc/usecases/modify_order.go:40.119,42.21 1 1
github.com/zerodha/kite-mcp-server/kc/usecases/modify_order.go:42.21,44.3 1 1
github.com/zerodha/kite-mcp-server/kc/usecases/modify_order.go:45.2,45.23 1 1
github.com/zerodha/kite-mcp-server/kc/usecases/modify_order.go:45.23,47.3 1 1
github.com/zerodha/kite-mcp-server/kc/usecases/modify_order.go:51.2,51.25 1 1
github.com/zerodha/kite-mcp-server/kc/usecases/modify_order.go:51.25,59.22 2 1
github.com/zerodha/kite-mcp-server/kc/usecases/modify_order.go:59.22,66.24 2 1
github.com/zerodha/kite-mcp-server/kc/usecases/modify_order.go:66.24,74.5 1 1
github.com/zerodha/kite-mcp-server/kc/usecases/modify_order.go:75.4,75.112 1 1
github.com/zerodha/kite-mcp-server/kc/usecases/modify_order.go:80.2,81.16 2 1
github.com/zerodha/kite-mcp-server/kc/usecases/modify_order.go:81.16,83.3 1 1
github.com/zerodha/kite-mcp-server/kc/usecases/modify_order.go:86.2,98.16 3 1
github.com/zerodha/kite-mcp-server/kc/usecases/modify_order.go:98.16,105.3 2 1
github.com/zerodha/kite-mcp-server/kc/usecases/modify_order.go:108.2,108.22 1 1
github.com/zerodha/kite-mcp-server/kc/usecases/modify_order.go:108.22,114.3 1 1
github.com/zerodha/kite-mcp-server/kc/usecases/modify_order.go:116.2,121.18 2 1
github.com/zerodha/kite-mcp-server/kc/usecases/native_alert_usecases.go:28.79,30.2 1 1
github.com/zerodha/kite-mcp-server/kc/usecases/native_alert_usecases.go:33.138,34.21 1 1
github.com/zerodha/kite-mcp-server/kc/usecases/native_alert_usecases.go:34.21,36.3 1 1
github.com/zerodha/kite-mcp-server/kc/usecases/native_alert_usecases.go:38.2,39.16 2 1
github.com/zerodha/kite-mcp-server/kc/usecases/native_alert_usecases.go:39.16,42.3 2 1
github.com/zerodha/kite-mcp-server/kc/usecases/native_alert_usecases.go:44.2,44.20 1 1
github.com/zerodha/kite-mcp-server/kc/usecases/native_alert_usecases.go:55.79,57.2 1 1
github.com/zerodha/kite-mcp-server/kc/usecases/native_alert_usecases.go:60.138,61.23 1 1
github.com/zerodha/kite-mcp-server/kc/usecases/native_alert_usecases.go:61.23,63.3 1 1
github.com/zerodha/kite-mcp-server/kc/usecases/native_alert_usecases.go:65.2,66.16 2 1
github.com/zerodha/kite-mcp-server/kc/usecases/native_alert_usecases.go:66.16,69.3 2 1
github.com/zerodha/kite-mcp-server/kc/usecases/native_alert_usecases.go:71.2,71.20 1 1
github.com/zerodha/kite-mcp-server/kc/usecases/native_alert_usecases.go:82.81,84.2 1 1
github.com/zerodha/kite-mcp-server/kc/usecases/native_alert_usecases.go:87.140,88.21 1 1
github.com/zerodha/kite-mcp-server/kc/usecases/native_alert_usecases.go:88.21,90.3 1 1
github.com/zerodha/kite-mcp-server/kc/usecases/native_alert_usecases.go:91.2,91.20 1 1
github.com/zerodha/kite-mcp-server/kc/usecases/native_alert_usecases.go:91.20,93.3 1 1
github.com/zerodha/kite-mcp-server/kc/usecases/native_alert_usecases.go:95.2,96.16 2 1
github.com/zerodha/kite-mcp-server/kc/usecases/native_alert_usecases.go:96.16,99.3 2 1
github.com/zerodha/kite-mcp-server/kc/usecases/native_alert_usecases.go:101.2,101.20 1 1
github.com/zerodha/kite-mcp-server/kc/usecases/native_alert_usecases.go:112.81,114.2 1 1
github.com/zerodha/kite-mcp-server/kc/usecases/native_alert_usecases.go:117.133,118.21 1 1
github.com/zerodha/kite-mcp-server/kc/usecases/native_alert_usecases.go:118.21,120.3 1 1
github.com/zerodha/kite-mcp-server/kc/usecases/native_alert_usecases.go:121.2,121.25 1 1
github.com/zerodha/kite-mcp-server/kc/usecases/native_alert_usecases.go:121.25,123.3 1 1
github.com/zerodha/kite-mcp-server/kc/usecases/native_alert_usecases.go:125.2,125.58 1 1
github.com/zerodha/kite-mcp-server/kc/usecases/native_alert_usecases.go:125.58,128.3 2 1
github.com/zerodha/kite-mcp-server/kc/usecases/native_alert_usecases.go:130.2,130.12 1 1
github.com/zerodha/kite-mcp-server/kc/usecases/native_alert_usecases.go:141.89,143.2 1 1
github.com/zerodha/kite-mcp-server/kc/usecases/native_alert_usecases.go:146.148,147.23 1 1
github.com/zerodha/kite-mcp-server/kc/usecases/native_alert_usecases.go:147.23,149.3 1 1
github.com/zerodha/kite-mcp-server/kc/usecases/native_alert_usecases.go:150.2,150.22 1 1
github.com/zerodha/kite-mcp-server/kc/usecases/native_alert_usecases.go:150.22,152.3 1 1
github.com/zerodha/kite-mcp-server/kc/usecases/native_alert_usecases.go:154.2,155.16 2 1
github.com/zerodha/kite-mcp-server/kc/usecases/native_alert_usecases.go:155.16,158.3 2 1
github.com/zerodha/kite-mcp-server/kc/usecases/native_alert_usecases.go:160.2,160.21 1 1
github.com/zerodha/kite-mcp-server/kc/usecases/observability_usecases.go:37.91,39.2 1 1
github.com/zerodha/kite-mcp-server/kc/usecases/observability_usecases.go:42.123,43.28 1 1
github.com/zerodha/kite-mcp-server/kc/usecases/observability_usecases.go:43.28,45.3 1 1
github.com/zerodha/kite-mcp-server/kc/usecases/observability_usecases.go:47.2,48.18 2 1
github.com/zerodha/kite-mcp-server/kc/usecases/observability_usecases.go:48.18,50.3 1 1
github.com/zerodha/kite-mcp-server/kc/usecases/observability_usecases.go:52.2,54.16 3 1
github.com/zerodha/kite-mcp-server/kc/usecases/observability_usecases.go:55.12,56.34 1 1
github.com/zerodha/kite-mcp-server/kc/usecases/observability_usecases.go:57.13,58.35 1 1
github.com/zerodha/kite-mcp-server/kc/usecases/observability_usecases.go:59.12,60.32 1 1
github.com/zerodha/kite-mcp-server/kc/usecases/observability_usecases.go:61.13,62.33 1 1
github.com/zerodha/kite-mcp-server/kc/usecases/observability_usecases.go:63.10,65.17 2 1
github.com/zerodha/kite-mcp-server/kc/usecases/observability_usecases.go:68.2,69.16 2 1
github.com/zerodha/kite-mcp-server/kc/usecases/observability_usecases.go:69.16,72.3 2 1
github.com/zerodha/kite-mcp-server/kc/usecases/observability_usecases.go:74.2,75.16 2 1
github.com/zerodha/kite-mcp-server/kc/usecases/observability_usecases.go:75.16,78.3 2 1
github.com/zerodha/kite-mcp-server/kc/usecases/observability_usecases.go:80.2,87.8 2 1
github.com/zerodha/kite-mcp-server/kc/usecases/paper_trading_usecases.go:28.103,30.2 1 1
github.com/zerodha/kite-mcp-server/kc/usecases/paper_trading_usecases.go:33.119,34.21 1 1
github.com/zerodha/kite-mcp-server/kc/usecases/paper_trading_usecases.go:34.21,36.3 1 1
github.com/zerodha/kite-mcp-server/kc/usecases/paper_trading_usecases.go:38.2,38.16 1 1
github.com/zerodha/kite-mcp-server/kc/usecases/paper_trading_usecases.go:38.16,39.27 1 1
github.com/zerodha/kite-mcp-server/kc/usecases/paper_trading_usecases.go:39.27,41.4 1 1
github.com/zerodha/kite-mcp-server/kc/usecases/paper_trading_usecases.go:42.3,42.70 1 1
github.com/zerodha/kite-mcp-server/kc/usecases/paper_trading_usecases.go:42.70,45.4 2 1
github.com/zerodha/kite-mcp-server/kc/usecases/paper_trading_usecases.go:46.3,46.147 1 1
github.com/zerodha/kite-mcp-server/kc/usecases/paper_trading_usecases.go:49.2,49.53 1 1
github.com/zerodha/kite-mcp-server/kc/usecases/paper_trading_usecases.go:49.53,52.3 2 1
github.com/zerodha/kite-mcp-server/kc/usecases/paper_trading_usecases.go:53.2,53.85 1 1
github.com/zerodha/kite-mcp-server/kc/usecases/paper_trading_usecases.go:65.103,67.2 1 1
github.com/zerodha/kite-mcp-server/kc/usecases/paper_trading_usecases.go:70.127,71.23 1 1
github.com/zerodha/kite-mcp-server/kc/usecases/paper_trading_usecases.go:71.23,73.3 1 1
github.com/zerodha/kite-mcp-server/kc/usecases/paper_trading_usecases.go:75.2,76.16 2 1
github.com/zerodha/kite-mcp-server/kc/usecases/paper_trading_usecases.go:76.16,79.3 2 1
github.com/zerodha/kite-mcp-server/kc/usecases/paper_trading_usecases.go:81.2,81.20 1 1
github.com/zerodha/kite-mcp-server/kc/usecases/paper_trading_usecases.go:93.101,95.2 1 1
github.com/zerodha/kite-mcp-server/kc/usecases/paper_trading_usecases.go:98.107,99.21 1 1
github.com/zerodha/kite-mcp-server/kc/usecases/paper_trading_usecases.go:99.21,101.3 1 1
github.com/zerodha/kite-mcp-server/kc/usecases/paper_trading_usecases.go:103.2,103.51 1 1
github.com/zerodha/kite-mcp-server/kc/usecases/paper_trading_usecases.go:103.51,106.3 2 1
github.com/zerodha/kite-mcp-server/kc/usecases/paper_trading_usecases.go:108.2,108.12 1 1
github.com/zerodha/kite-mcp-server/kc/usecases/place_order.go:43.22,50.2 1 1
github.com/zerodha/kite-mcp-server/kc/usecases/place_order.go:53.103,55.21 1 1
github.com/zerodha/kite-mcp-server/kc/usecases/place_order.go:55.21,57.3 1 1
github.com/zerodha/kite-mcp-server/kc/usecases/place_order.go:58.2,58.29 1 1
github.com/zerodha/kite-mcp-server/kc/usecases/place_order.go:58.29,60.3 1 1
github.com/zerodha/kite-mcp-server/kc/usecases/place_order.go:61.2,61.23 1 1
github.com/zerodha/kite-mcp-server/kc/usecases/place_order.go:61.23,63.3 1 1
github.com/zerodha/kite-mcp-server/kc/usecases/place_order.go:66.2,66.25 1 1
github.com/zerodha/kite-mcp-server/kc/usecases/place_order.go:66.25,77.22 2 1
github.com/zerodha/kite-mcp-server/kc/usecases/place_order.go:77.22,83.24 2 1
github.com/zerodha/kite-mcp-server/kc/usecases/place_order.go:83.24,91.5 1 1
github.com/zerodha/kite-mcp-server/kc/usecases/place_order.go:92.4,92.85 1 1
github.com/zerodha/kite-mcp-server/kc/usecases/place_order.go:97.2,98.16 2 1
github.com/zerodha/kite-mcp-server/kc/usecases/place_order.go:98.16,100.3 1 1
github.com/zerodha/kite-mcp-server/kc/usecases/place_order.go:103.2,118.16 3 1
github.com/zerodha/kite-mcp-server/kc/usecases/place_order.go:118.16,125.3 2 1
github.com/zerodha/kite-mcp-server/kc/usecases/place_order.go:128.2,128.22 1 1
github.com/zerodha/kite-mcp-server/kc/usecases/place_order.go:128.22,139.3 2 1
github.com/zerodha/kite-mcp-server/kc/usecases/place_order.go:141.2,148.26 2 1
github.com/zerodha/kite-mcp-server/kc/usecases/pnl_usecases.go:26.93,28.2 1 1
github.com/zerodha/kite-mcp-server/kc/usecases/pnl_usecases.go:31.127,32.23 1 1
github.com/zerodha/kite-mcp-server/kc/usecases/pnl_usecases.go:32.23,34.3 1 1
github.com/zerodha/kite-mcp-server/kc/usecases/pnl_usecases.go:35.2,35.26 1 1
github.com/zerodha/kite-mcp-server/kc/usecases/pnl_usecases.go:35.26,37.3 1 1
github.com/zerodha/kite-mcp-server/kc/usecases/pnl_usecases.go:38.2,38.24 1 1
github.com/zerodha/kite-mcp-server/kc/usecases/pnl_usecases.go:38.24,40.3 1 1
github.com/zerodha/kite-mcp-server/kc/usecases/pnl_usecases.go:42.2,43.16 2 1
github.com/zerodha/kite-mcp-server/kc/usecases/pnl_usecases.go:43.16,46.3 2 1
github.com/zerodha/kite-mcp-server/kc/usecases/pnl_usecases.go:48.2,48.20 1 1
github.com/zerodha/kite-mcp-server/kc/usecases/pretrade_usecases.go:31.98,33.2 1 1
github.com/zerodha/kite-mcp-server/kc/usecases/pretrade_usecases.go:36.116,37.23 1 1
github.com/zerodha/kite-mcp-server/kc/usecases/pretrade_usecases.go:37.23,39.3 1 1
github.com/zerodha/kite-mcp-server/kc/usecases/pretrade_usecases.go:41.2,42.16 2 1
github.com/zerodha/kite-mcp-server/kc/usecases/pretrade_usecases.go:42.16,44.3 1 1
github.com/zerodha/kite-mcp-server/kc/usecases/pretrade_usecases.go:46.2,59.12 5 1
github.com/zerodha/kite-mcp-server/kc/usecases/pretrade_usecases.go:59.12,62.3 2 1
github.com/zerodha/kite-mcp-server/kc/usecases/pretrade_usecases.go:63.2,63.12 1 1
github.com/zerodha/kite-mcp-server/kc/usecases/pretrade_usecases.go:63.12,66.3 2 1
github.com/zerodha/kite-mcp-server/kc/usecases/pretrade_usecases.go:67.2,67.12 1 1
github.com/zerodha/kite-mcp-server/kc/usecases/pretrade_usecases.go:67.12,70.3 2 1
github.com/zerodha/kite-mcp-server/kc/usecases/pretrade_usecases.go:71.2,71.12 1 1
github.com/zerodha/kite-mcp-server/kc/usecases/pretrade_usecases.go:71.12,74.3 2 1
github.com/zerodha/kite-mcp-server/kc/usecases/pretrade_usecases.go:75.2,75.12 1 1
github.com/zerodha/kite-mcp-server/kc/usecases/pretrade_usecases.go:75.12,87.3 2 1
github.com/zerodha/kite-mcp-server/kc/usecases/pretrade_usecases.go:89.2,89.25 1 1
github.com/zerodha/kite-mcp-server/kc/usecases/pretrade_usecases.go:89.25,91.19 2 1
github.com/zerodha/kite-mcp-server/kc/usecases/pretrade_usecases.go:91.19,94.12 3 1
github.com/zerodha/kite-mcp-server/kc/usecases/pretrade_usecases.go:96.3,96.16 1 1
github.com/zerodha/kite-mcp-server/kc/usecases/pretrade_usecases.go:97.14,98.46 1 1
github.com/zerodha/kite-mcp-server/kc/usecases/pretrade_usecases.go:99.18,101.23 2 1
github.com/zerodha/kite-mcp-server/kc/usecases/pretrade_usecases.go:102.20,104.25 2 1
github.com/zerodha/kite-mcp-server/kc/usecases/pretrade_usecases.go:105.19,106.46 1 1
github.com/zerodha/kite-mcp-server/kc/usecases/pretrade_usecases.go:107.24,108.31 1 1
github.com/zerodha/kite-mcp-server/kc/usecases/pretrade_usecases.go:112.2,112.29 1 1
github.com/zerodha/kite-mcp-server/kc/usecases/pretrade_usecases.go:112.29,114.3 1 1
github.com/zerodha/kite-mcp-server/kc/usecases/pretrade_usecases.go:116.2,116.20 1 1
github.com/zerodha/kite-mcp-server/kc/usecases/queries.go:21.92,26.2 1 1
github.com/zerodha/kite-mcp-server/kc/usecases/queries.go:29.111,30.23 1 1
github.com/zerodha/kite-mcp-server/kc/usecases/queries.go:30.23,32.3 1 1
github.com/zerodha/kite-mcp-server/kc/usecases/queries.go:34.2,35.16 2 1
github.com/zerodha/kite-mcp-server/kc/usecases/queries.go:35.16,37.3 1 1
github.com/zerodha/kite-mcp-server/kc/usecases/queries.go:39.2,40.16 2 1
github.com/zerodha/kite-mcp-server/kc/usecases/queries.go:40.16,43.3 2 1
github.com/zerodha/kite-mcp-server/kc/usecases/queries.go:45.2,45.21 1 1
github.com/zerodha/kite-mcp-server/kc/usecases/queries.go:55.92,60.2 1 1
github.com/zerodha/kite-mcp-server/kc/usecases/queries.go:63.111,64.23 1 1
github.com/zerodha/kite-mcp-server/kc/usecases/queries.go:64.23,66.3 1 1
github.com/zerodha/kite-mcp-server/kc/usecases/queries.go:68.2,69.16 2 1
github.com/zerodha/kite-mcp-server/kc/usecases/queries.go:69.16,71.3 1 1
github.com/zerodha/kite-mcp-server/kc/usecases/queries.go:73.2,74.16 2 1
github.com/zerodha/kite-mcp-server/kc/usecases/queries.go:74.16,77.3 2 1
github.com/zerodha/kite-mcp-server/kc/usecases/queries.go:79.2,79.21 1 1
github.com/zerodha/kite-mcp-server/kc/usecases/queries.go:91.90,96.2 1 1
github.com/zerodha/kite-mcp-server/kc/usecases/queries.go:99.109,100.23 1 1
github.com/zerodha/kite-mcp-server/kc/usecases/queries.go:100.23,102.3 1 1
github.com/zerodha/kite-mcp-server/kc/usecases/queries.go:104.2,105.16 2 1
github.com/zerodha/kite-mcp-server/kc/usecases/queries.go:105.16,107.3 1 1
github.com/zerodha/kite-mcp-server/kc/usecases/queries.go:109.2,110.16 2 1
github.com/zerodha/kite-mcp-server/kc/usecases/queries.go:110.16,113.3 2 1
github.com/zerodha/kite-mcp-server/kc/usecases/queries.go:115.2,115.20 1 1
github.com/zerodha/kite-mcp-server/kc/usecases/queries.go:127.102,132.2 1 1
github.com/zerodha/kite-mcp-server/kc/usecases/queries.go:135.121,136.23 1 1
github.com/zerodha/kite-mcp-server/kc/usecases/queries.go:136.23,138.3 1 1
github.com/zerodha/kite-mcp-server/kc/usecases/queries.go:139.2,139.25 1 1
github.com/zerodha/kite-mcp-server/kc/usecases/queries.go:139.25,141.3 1 1
github.com/zerodha/kite-mcp-server/kc/usecases/queries.go:143.2,144.16 2 1
github.com/zerodha/kite-mcp-server/kc/usecases/queries.go:144.16,146.3 1 1
github.com/zerodha/kite-mcp-server/kc/usecases/queries.go:148.2,149.16 2 1
github.com/zerodha/kite-mcp-server/kc/usecases/queries.go:149.16,152.3 2 1
github.com/zerodha/kite-mcp-server/kc/usecases/queries.go:154.2,154.21 1 1
github.com/zerodha/kite-mcp-server/kc/usecases/queries.go:166.84,171.2 1 1
github.com/zerodha/kite-mcp-server/kc/usecases/queries.go:174.124,175.33 1 1
github.com/zerodha/kite-mcp-server/kc/usecases/queries.go:175.33,177.3 1 1
github.com/zerodha/kite-mcp-server/kc/usecases/queries.go:179.2,180.16 2 1
github.com/zerodha/kite-mcp-server/kc/usecases/queries.go:180.16,182.3 1 1
github.com/zerodha/kite-mcp-server/kc/usecases/queries.go:184.2,185.16 2 1
github.com/zerodha/kite-mcp-server/kc/usecases/queries.go:185.16,188.3 2 1
github.com/zerodha/kite-mcp-server/kc/usecases/queries.go:190.2,190.17 1 1
github.com/zerodha/kite-mcp-server/kc/usecases/queries.go:200.86,205.2 1 1
github.com/zerodha/kite-mcp-server/kc/usecases/queries.go:208.127,209.33 1 1
github.com/zerodha/kite-mcp-server/kc/usecases/queries.go:209.33,211.3 1 1
github.com/zerodha/kite-mcp-server/kc/usecases/queries.go:213.2,214.16 2 1
github.com/zerodha/kite-mcp-server/kc/usecases/queries.go:214.16,216.3 1 1
github.com/zerodha/kite-mcp-server/kc/usecases/queries.go:218.2,219.16 2 1
github.com/zerodha/kite-mcp-server/kc/usecases/queries.go:219.16,222.3 2 1
github.com/zerodha/kite-mcp-server/kc/usecases/queries.go:224.2,224.18 1 1
github.com/zerodha/kite-mcp-server/kc/usecases/queries.go:236.90,241.2 1 1
github.com/zerodha/kite-mcp-server/kc/usecases/queries.go:244.132,245.33 1 1
github.com/zerodha/kite-mcp-server/kc/usecases/queries.go:245.33,247.3 1 1
github.com/zerodha/kite-mcp-server/kc/usecases/queries.go:249.2,250.16 2 1
github.com/zerodha/kite-mcp-server/kc/usecases/queries.go:250.16,252.3 1 1
github.com/zerodha/kite-mcp-server/kc/usecases/queries.go:254.2,255.16 2 1
github.com/zerodha/kite-mcp-server/kc/usecases/queries.go:255.16,258.3 2 1
github.com/zerodha/kite-mcp-server/kc/usecases/queries.go:260.2,260.20 1 1
github.com/zerodha/kite-mcp-server/kc/usecases/queries.go:272.100,277.2 1 1
github.com/zerodha/kite-mcp-server/kc/usecases/queries.go:280.119,281.23 1 1
github.com/zerodha/kite-mcp-server/kc/usecases/queries.go:281.23,283.3 1 1
github.com/zerodha/kite-mcp-server/kc/usecases/queries.go:284.2,284.25 1 1
github.com/zerodha/kite-mcp-server/kc/usecases/queries.go:284.25,286.3 1 1
github.com/zerodha/kite-mcp-server/kc/usecases/queries.go:288.2,289.16 2 1
github.com/zerodha/kite-mcp-server/kc/usecases/queries.go:289.16,291.3 1 1
github.com/zerodha/kite-mcp-server/kc/usecases/queries.go:293.2,294.16 2 1
github.com/zerodha/kite-mcp-server/kc/usecases/queries.go:294.16,297.3 2 1
github.com/zerodha/kite-mcp-server/kc/usecases/queries.go:299.2,299.20 1 1
github.com/zerodha/kite-mcp-server/kc/usecases/queries.go:309.106,314.2 1 1
github.com/zerodha/kite-mcp-server/kc/usecases/queries.go:317.150,318.32 1 1
github.com/zerodha/kite-mcp-server/kc/usecases/queries.go:318.32,320.3 1 1
github.com/zerodha/kite-mcp-server/kc/usecases/queries.go:321.2,321.26 1 1
github.com/zerodha/kite-mcp-server/kc/usecases/queries.go:321.26,323.3 1 1
github.com/zerodha/kite-mcp-server/kc/usecases/queries.go:324.2,324.46 1 1
github.com/zerodha/kite-mcp-server/kc/usecases/queries.go:324.46,326.3 1 1
github.com/zerodha/kite-mcp-server/kc/usecases/queries.go:327.2,327.32 1 1
github.com/zerodha/kite-mcp-server/kc/usecases/queries.go:327.32,329.3 1 1
github.com/zerodha/kite-mcp-server/kc/usecases/queries.go:331.2,332.16 2 1
github.com/zerodha/kite-mcp-server/kc/usecases/queries.go:332.16,334.3 1 1
github.com/zerodha/kite-mcp-server/kc/usecases/queries.go:336.2,337.16 2 1
github.com/zerodha/kite-mcp-server/kc/usecases/queries.go:337.16,340.3 2 1
github.com/zerodha/kite-mcp-server/kc/usecases/queries.go:342.2,342.21 1 1
github.com/zerodha/kite-mcp-server/kc/usecases/setup_usecases.go:21.57,23.2 1 1
github.com/zerodha/kite-mcp-server/kc/usecases/setup_usecases.go:26.82,27.45 1 1
github.com/zerodha/kite-mcp-server/kc/usecases/setup_usecases.go:27.45,29.3 1 1
github.com/zerodha/kite-mcp-server/kc/usecases/setup_usecases.go:30.2,30.45 1 1
github.com/zerodha/kite-mcp-server/kc/usecases/setup_usecases.go:30.45,32.3 1 1
github.com/zerodha/kite-mcp-server/kc/usecases/setup_usecases.go:34.2,34.53 1 1
github.com/zerodha/kite-mcp-server/kc/usecases/setup_usecases.go:34.53,36.3 1 1
github.com/zerodha/kite-mcp-server/kc/usecases/setup_usecases.go:37.2,37.59 1 1
github.com/zerodha/kite-mcp-server/kc/usecases/setup_usecases.go:37.59,39.3 1 1
github.com/zerodha/kite-mcp-server/kc/usecases/setup_usecases.go:41.2,41.12 1 1
github.com/zerodha/kite-mcp-server/kc/usecases/setup_usecases.go:45.36,46.22 1 1
github.com/zerodha/kite-mcp-server/kc/usecases/setup_usecases.go:46.22,47.84 1 1
github.com/zerodha/kite-mcp-server/kc/usecases/setup_usecases.go:47.84,49.4 1 1
github.com/zerodha/kite-mcp-server/kc/usecases/setup_usecases.go:51.2,51.19 1 1
github.com/zerodha/kite-mcp-server/kc/usecases/setup_usecases.go:62.73,64.2 1 1
github.com/zerodha/kite-mcp-server/kc/usecases/setup_usecases.go:67.98,68.22 1 1
github.com/zerodha/kite-mcp-server/kc/usecases/setup_usecases.go:68.22,70.3 1 1
github.com/zerodha/kite-mcp-server/kc/usecases/setup_usecases.go:71.2,71.12 1 1
github.com/zerodha/kite-mcp-server/kc/usecases/telegram_usecases.go:26.94,28.2 1 1
github.com/zerodha/kite-mcp-server/kc/usecases/telegram_usecases.go:31.99,32.21 1 1
github.com/zerodha/kite-mcp-server/kc/usecases/telegram_usecases.go:32.21,34.3 1 1
github.com/zerodha/kite-mcp-server/kc/usecases/telegram_usecases.go:35.2,35.21 1 1
github.com/zerodha/kite-mcp-server/kc/usecases/telegram_usecases.go:35.21,37.3 1 1
github.com/zerodha/kite-mcp-server/kc/usecases/telegram_usecases.go:38.2,40.12 3 1
github.com/zerodha/kite-mcp-server/kc/usecases/ticker_usecases.go:31.91,33.2 1 1
github.com/zerodha/kite-mcp-server/kc/usecases/ticker_usecases.go:36.95,37.21 1 1
github.com/zerodha/kite-mcp-server/kc/usecases/ticker_usecases.go:37.21,39.3 1 1
github.com/zerodha/kite-mcp-server/kc/usecases/ticker_usecases.go:40.2,40.27 1 1
github.com/zerodha/kite-mcp-server/kc/usecases/ticker_usecases.go:40.27,42.3 1 1
github.com/zerodha/kite-mcp-server/kc/usecases/ticker_usecases.go:44.2,44.80 1 1
github.com/zerodha/kite-mcp-server/kc/usecases/ticker_usecases.go:44.80,47.3 2 1
github.com/zerodha/kite-mcp-server/kc/usecases/ticker_usecases.go:49.2,49.12 1 1
github.com/zerodha/kite-mcp-server/kc/usecases/ticker_usecases.go:61.89,63.2 1 1
github.com/zerodha/kite-mcp-server/kc/usecases/ticker_usecases.go:66.93,67.21 1 1
github.com/zerodha/kite-mcp-server/kc/usecases/ticker_usecases.go:67.21,69.3 1 1
github.com/zerodha/kite-mcp-server/kc/usecases/ticker_usecases.go:71.2,71.50 1 1
github.com/zerodha/kite-mcp-server/kc/usecases/ticker_usecases.go:71.50,74.3 2 1
github.com/zerodha/kite-mcp-server/kc/usecases/ticker_usecases.go:76.2,76.12 1 1
github.com/zerodha/kite-mcp-server/kc/usecases/ticker_usecases.go:88.93,90.2 1 1
github.com/zerodha/kite-mcp-server/kc/usecases/ticker_usecases.go:93.115,94.23 1 1
github.com/zerodha/kite-mcp-server/kc/usecases/ticker_usecases.go:94.23,96.3 1 1
github.com/zerodha/kite-mcp-server/kc/usecases/ticker_usecases.go:98.2,99.16 2 1
github.com/zerodha/kite-mcp-server/kc/usecases/ticker_usecases.go:99.16,102.3 2 1
github.com/zerodha/kite-mcp-server/kc/usecases/ticker_usecases.go:104.2,104.20 1 1
github.com/zerodha/kite-mcp-server/kc/usecases/ticker_usecases.go:116.109,118.2 1 1
github.com/zerodha/kite-mcp-server/kc/usecases/ticker_usecases.go:121.113,122.21 1 1
github.com/zerodha/kite-mcp-server/kc/usecases/ticker_usecases.go:122.21,124.3 1 1
github.com/zerodha/kite-mcp-server/kc/usecases/ticker_usecases.go:125.2,125.26 1 1
github.com/zerodha/kite-mcp-server/kc/usecases/ticker_usecases.go:125.26,127.3 1 1
github.com/zerodha/kite-mcp-server/kc/usecases/ticker_usecases.go:129.2,130.73 2 1
github.com/zerodha/kite-mcp-server/kc/usecases/ticker_usecases.go:130.73,133.3 2 1
github.com/zerodha/kite-mcp-server/kc/usecases/ticker_usecases.go:135.2,135.12 1 1
github.com/zerodha/kite-mcp-server/kc/usecases/ticker_usecases.go:147.113,149.2 1 1
github.com/zerodha/kite-mcp-server/kc/usecases/ticker_usecases.go:152.117,153.21 1 1
github.com/zerodha/kite-mcp-server/kc/usecases/ticker_usecases.go:153.21,155.3 1 1
github.com/zerodha/kite-mcp-server/kc/usecases/ticker_usecases.go:156.2,156.26 1 1
github.com/zerodha/kite-mcp-server/kc/usecases/ticker_usecases.go:156.26,158.3 1 1
github.com/zerodha/kite-mcp-server/kc/usecases/ticker_usecases.go:160.2,160.69 1 1
github.com/zerodha/kite-mcp-server/kc/usecases/ticker_usecases.go:160.69,163.3 2 1
github.com/zerodha/kite-mcp-server/kc/usecases/ticker_usecases.go:165.2,165.12 1 1
github.com/zerodha/kite-mcp-server/kc/usecases/ticker_usecases.go:169.43,170.14 1 1
github.com/zerodha/kite-mcp-server/kc/usecases/ticker_usecases.go:171.13,172.24 1 1
github.com/zerodha/kite-mcp-server/kc/usecases/ticker_usecases.go:173.15,174.26 1 1
github.com/zerodha/kite-mcp-server/kc/usecases/ticker_usecases.go:175.10,176.25 1 1
github.com/zerodha/kite-mcp-server/kc/usecases/trailing_stop_usecases.go:29.106,31.2 1 1
github.com/zerodha/kite-mcp-server/kc/usecases/trailing_stop_usecases.go:34.113,35.21 1 1
github.com/zerodha/kite-mcp-server/kc/usecases/trailing_stop_usecases.go:35.21,37.3 1 1
github.com/zerodha/kite-mcp-server/kc/usecases/trailing_stop_usecases.go:38.2,38.23 1 1
github.com/zerodha/kite-mcp-server/kc/usecases/trailing_stop_usecases.go:38.23,40.3 1 1
github.com/zerodha/kite-mcp-server/kc/usecases/trailing_stop_usecases.go:41.2,41.26 1 1
github.com/zerodha/kite-mcp-server/kc/usecases/trailing_stop_usecases.go:41.26,43.3 1 1
github.com/zerodha/kite-mcp-server/kc/usecases/trailing_stop_usecases.go:44.2,44.29 1 1
github.com/zerodha/kite-mcp-server/kc/usecases/trailing_stop_usecases.go:44.29,46.3 1 1
github.com/zerodha/kite-mcp-server/kc/usecases/trailing_stop_usecases.go:48.2,63.16 3 1
github.com/zerodha/kite-mcp-server/kc/usecases/trailing_stop_usecases.go:63.16,66.3 2 1
github.com/zerodha/kite-mcp-server/kc/usecases/trailing_stop_usecases.go:68.2,68.16 1 1
github.com/zerodha/kite-mcp-server/kc/usecases/trailing_stop_usecases.go:80.110,82.2 1 1
github.com/zerodha/kite-mcp-server/kc/usecases/trailing_stop_usecases.go:85.133,86.23 1 1
github.com/zerodha/kite-mcp-server/kc/usecases/trailing_stop_usecases.go:86.23,88.3 1 1
github.com/zerodha/kite-mcp-server/kc/usecases/trailing_stop_usecases.go:90.2,90.42 1 1
github.com/zerodha/kite-mcp-server/kc/usecases/trailing_stop_usecases.go:102.112,104.2 1 1
github.com/zerodha/kite-mcp-server/kc/usecases/trailing_stop_usecases.go:107.109,108.21 1 1
github.com/zerodha/kite-mcp-server/kc/usecases/trailing_stop_usecases.go:108.21,110.3 1 1
github.com/zerodha/kite-mcp-server/kc/usecases/trailing_stop_usecases.go:111.2,111.30 1 1
github.com/zerodha/kite-mcp-server/kc/usecases/trailing_stop_usecases.go:111.30,113.3 1 1
github.com/zerodha/kite-mcp-server/kc/usecases/trailing_stop_usecases.go:115.2,115.73 1 1
github.com/zerodha/kite-mcp-server/kc/usecases/trailing_stop_usecases.go:115.73,118.3 2 1
github.com/zerodha/kite-mcp-server/kc/usecases/trailing_stop_usecases.go:120.2,120.12 1 1
github.com/zerodha/kite-mcp-server/kc/usecases/watchlist_usecases.go:35.99,37.2 1 1
github.com/zerodha/kite-mcp-server/kc/usecases/watchlist_usecases.go:46.129,47.21 1 1
github.com/zerodha/kite-mcp-server/kc/usecases/watchlist_usecases.go:47.21,49.3 1 1
github.com/zerodha/kite-mcp-server/kc/usecases/watchlist_usecases.go:50.2,50.20 1 1
github.com/zerodha/kite-mcp-server/kc/usecases/watchlist_usecases.go:50.20,52.3 1 1
github.com/zerodha/kite-mcp-server/kc/usecases/watchlist_usecases.go:54.2,54.84 1 1
github.com/zerodha/kite-mcp-server/kc/usecases/watchlist_usecases.go:54.84,56.3 1 1
github.com/zerodha/kite-mcp-server/kc/usecases/watchlist_usecases.go:58.2,59.16 2 1
github.com/zerodha/kite-mcp-server/kc/usecases/watchlist_usecases.go:59.16,62.3 2 1
github.com/zerodha/kite-mcp-server/kc/usecases/watchlist_usecases.go:64.2,64.60 1 1
github.com/zerodha/kite-mcp-server/kc/usecases/watchlist_usecases.go:76.99,78.2 1 1
github.com/zerodha/kite-mcp-server/kc/usecases/watchlist_usecases.go:87.129,88.21 1 1
github.com/zerodha/kite-mcp-server/kc/usecases/watchlist_usecases.go:88.21,90.3 1 1
github.com/zerodha/kite-mcp-server/kc/usecases/watchlist_usecases.go:91.2,91.27 1 1
github.com/zerodha/kite-mcp-server/kc/usecases/watchlist_usecases.go:91.27,93.3 1 1
github.com/zerodha/kite-mcp-server/kc/usecases/watchlist_usecases.go:96.2,98.32 3 1
github.com/zerodha/kite-mcp-server/kc/usecases/watchlist_usecases.go:98.32,99.31 1 1
github.com/zerodha/kite-mcp-server/kc/usecases/watchlist_usecases.go:99.31,101.9 2 1
github.com/zerodha/kite-mcp-server/kc/usecases/watchlist_usecases.go:105.2,107.77 2 1
github.com/zerodha/kite-mcp-server/kc/usecases/watchlist_usecases.go:107.77,110.3 2 1
github.com/zerodha/kite-mcp-server/kc/usecases/watchlist_usecases.go:112.2,112.72 1 1
github.com/zerodha/kite-mcp-server/kc/usecases/watchlist_usecases.go:124.97,126.2 1 1
github.com/zerodha/kite-mcp-server/kc/usecases/watchlist_usecases.go:137.120,138.23 1 1
github.com/zerodha/kite-mcp-server/kc/usecases/watchlist_usecases.go:138.23,140.3 1 1
github.com/zerodha/kite-mcp-server/kc/usecases/watchlist_usecases.go:142.2,144.32 3 1
github.com/zerodha/kite-mcp-server/kc/usecases/watchlist_usecases.go:144.32,151.3 1 1
github.com/zerodha/kite-mcp-server/kc/usecases/watchlist_usecases.go:153.2,153.20 1 1
github.com/zerodha/kite-mcp-server/kc/usecases/watchlist_usecases.go:165.97,167.2 1 1
github.com/zerodha/kite-mcp-server/kc/usecases/watchlist_usecases.go:170.101,171.21 1 1
github.com/zerodha/kite-mcp-server/kc/usecases/watchlist_usecases.go:171.21,173.3 1 1
github.com/zerodha/kite-mcp-server/kc/usecases/watchlist_usecases.go:174.2,174.27 1 1
github.com/zerodha/kite-mcp-server/kc/usecases/watchlist_usecases.go:174.27,176.3 1 1
github.com/zerodha/kite-mcp-server/kc/usecases/watchlist_usecases.go:178.2,187.75 2 1
github.com/zerodha/kite-mcp-server/kc/usecases/watchlist_usecases.go:187.75,190.3 2 1
github.com/zerodha/kite-mcp-server/kc/usecases/watchlist_usecases.go:192.2,192.12 1 1
github.com/zerodha/kite-mcp-server/kc/usecases/watchlist_usecases.go:204.93,206.2 1 1
github.com/zerodha/kite-mcp-server/kc/usecases/watchlist_usecases.go:209.127,210.23 1 1
github.com/zerodha/kite-mcp-server/kc/usecases/watchlist_usecases.go:210.23,212.3 1 1
github.com/zerodha/kite-mcp-server/kc/usecases/watchlist_usecases.go:213.2,213.29 1 1
github.com/zerodha/kite-mcp-server/kc/usecases/watchlist_usecases.go:213.29,215.3 1 1
github.com/zerodha/kite-mcp-server/kc/usecases/watchlist_usecases.go:217.2,217.50 1 1
github.com/zerodha/kite-mcp-server/kc/usecases/watchlist_usecases.go:229.107,231.2 1 1
github.com/zerodha/kite-mcp-server/kc/usecases/watchlist_usecases.go:234.111,235.21 1 1
github.com/zerodha/kite-mcp-server/kc/usecases/watchlist_usecases.go:235.21,237.3 1 1
github.com/zerodha/kite-mcp-server/kc/usecases/watchlist_usecases.go:238.2,238.27 1 1
github.com/zerodha/kite-mcp-server/kc/usecases/watchlist_usecases.go:238.27,240.3 1 1
github.com/zerodha/kite-mcp-server/kc/usecases/watchlist_usecases.go:241.2,241.22 1 1
github.com/zerodha/kite-mcp-server/kc/usecases/watchlist_usecases.go:241.22,243.3 1 1
github.com/zerodha/kite-mcp-server/kc/usecases/watchlist_usecases.go:245.2,245.84 1 1
github.com/zerodha/kite-mcp-server/kc/usecases/watchlist_usecases.go:245.84,248.3 2 1
github.com/zerodha/kite-mcp-server/kc/usecases/watchlist_usecases.go:250.2,250.12 1 1
