mode: set
github.com/zerodha/kite-mcp-server/kc/users/invitations.go:28.57,33.2 1 1
github.com/zerodha/kite-mcp-server/kc/users/invitations.go:35.45,36.17 1 1
github.com/zerodha/kite-mcp-server/kc/users/invitations.go:36.17,38.3 1 1
github.com/zerodha/kite-mcp-server/kc/users/invitations.go:39.2,47.5 1 1
github.com/zerodha/kite-mcp-server/kc/users/invitations.go:50.46,51.17 1 1
github.com/zerodha/kite-mcp-server/kc/users/invitations.go:51.17,53.3 1 1
github.com/zerodha/kite-mcp-server/kc/users/invitations.go:54.2,55.16 2 1
github.com/zerodha/kite-mcp-server/kc/users/invitations.go:55.16,57.3 1 1
github.com/zerodha/kite-mcp-server/kc/users/invitations.go:58.2,61.18 4 1
github.com/zerodha/kite-mcp-server/kc/users/invitations.go:61.18,64.127 3 1
github.com/zerodha/kite-mcp-server/kc/users/invitations.go:64.127,66.4 1 0
github.com/zerodha/kite-mcp-server/kc/users/invitations.go:67.3,69.22 3 1
github.com/zerodha/kite-mcp-server/kc/users/invitations.go:69.22,71.4 1 1
github.com/zerodha/kite-mcp-server/kc/users/invitations.go:72.3,72.31 1 1
github.com/zerodha/kite-mcp-server/kc/users/invitations.go:74.2,74.19 1 1
github.com/zerodha/kite-mcp-server/kc/users/invitations.go:77.63,84.17 7 1
github.com/zerodha/kite-mcp-server/kc/users/invitations.go:84.17,90.3 1 1
github.com/zerodha/kite-mcp-server/kc/users/invitations.go:91.2,91.12 1 1
github.com/zerodha/kite-mcp-server/kc/users/invitations.go:94.60,97.38 3 1
github.com/zerodha/kite-mcp-server/kc/users/invitations.go:97.38,100.3 2 1
github.com/zerodha/kite-mcp-server/kc/users/invitations.go:101.2,101.12 1 1
github.com/zerodha/kite-mcp-server/kc/users/invitations.go:104.77,108.36 4 1
github.com/zerodha/kite-mcp-server/kc/users/invitations.go:108.36,109.95 1 1
github.com/zerodha/kite-mcp-server/kc/users/invitations.go:109.95,112.4 2 1
github.com/zerodha/kite-mcp-server/kc/users/invitations.go:114.2,114.12 1 1
github.com/zerodha/kite-mcp-server/kc/users/invitations.go:117.78,122.36 5 1
github.com/zerodha/kite-mcp-server/kc/users/invitations.go:122.36,123.35 1 1
github.com/zerodha/kite-mcp-server/kc/users/invitations.go:123.35,126.4 2 1
github.com/zerodha/kite-mcp-server/kc/users/invitations.go:128.2,128.15 1 1
github.com/zerodha/kite-mcp-server/kc/users/invitations.go:131.51,134.9 3 1
github.com/zerodha/kite-mcp-server/kc/users/invitations.go:134.9,137.3 2 1
github.com/zerodha/kite-mcp-server/kc/users/invitations.go:138.2,141.17 4 1
github.com/zerodha/kite-mcp-server/kc/users/invitations.go:141.17,144.3 1 1
github.com/zerodha/kite-mcp-server/kc/users/invitations.go:145.2,145.12 1 1
github.com/zerodha/kite-mcp-server/kc/users/invitations.go:148.51,151.9 3 1
github.com/zerodha/kite-mcp-server/kc/users/invitations.go:151.9,154.3 2 1
github.com/zerodha/kite-mcp-server/kc/users/invitations.go:155.2,157.17 3 1
github.com/zerodha/kite-mcp-server/kc/users/invitations.go:157.17,159.3 1 1
github.com/zerodha/kite-mcp-server/kc/users/invitations.go:160.2,160.12 1 1
github.com/zerodha/kite-mcp-server/kc/users/invitations.go:165.48,170.36 5 1
github.com/zerodha/kite-mcp-server/kc/users/invitations.go:170.36,171.58 1 1
github.com/zerodha/kite-mcp-server/kc/users/invitations.go:171.58,174.19 3 1
github.com/zerodha/kite-mcp-server/kc/users/invitations.go:174.19,176.5 1 1
github.com/zerodha/kite-mcp-server/kc/users/invitations.go:179.2,179.14 1 1
github.com/zerodha/kite-mcp-server/kc/users/store.go:45.31,47.2 1 1
github.com/zerodha/kite-mcp-server/kc/users/store.go:50.32,52.2 1 1
github.com/zerodha/kite-mcp-server/kc/users/store.go:55.32,57.2 1 1
github.com/zerodha/kite-mcp-server/kc/users/store.go:60.35,62.2 1 1
github.com/zerodha/kite-mcp-server/kc/users/store.go:73.24,77.2 1 1
github.com/zerodha/kite-mcp-server/kc/users/store.go:80.38,82.2 1 1
github.com/zerodha/kite-mcp-server/kc/users/store.go:85.48,87.2 1 1
github.com/zerodha/kite-mcp-server/kc/users/store.go:90.35,91.17 1 1
github.com/zerodha/kite-mcp-server/kc/users/store.go:91.17,93.3 1 1
github.com/zerodha/kite-mcp-server/kc/users/store.go:94.2,110.42 2 1
github.com/zerodha/kite-mcp-server/kc/users/store.go:110.42,112.3 1 1
github.com/zerodha/kite-mcp-server/kc/users/store.go:115.2,118.12 3 1
github.com/zerodha/kite-mcp-server/kc/users/store.go:122.36,123.17 1 1
github.com/zerodha/kite-mcp-server/kc/users/store.go:123.17,125.3 1 1
github.com/zerodha/kite-mcp-server/kc/users/store.go:126.2,128.16 2 1
github.com/zerodha/kite-mcp-server/kc/users/store.go:128.16,130.3 1 1
github.com/zerodha/kite-mcp-server/kc/users/store.go:131.2,136.18 4 1
github.com/zerodha/kite-mcp-server/kc/users/store.go:136.18,140.102 3 1
github.com/zerodha/kite-mcp-server/kc/users/store.go:140.102,142.4 1 0
github.com/zerodha/kite-mcp-server/kc/users/store.go:143.3,145.23 3 1
github.com/zerodha/kite-mcp-server/kc/users/store.go:145.23,147.4 1 1
github.com/zerodha/kite-mcp-server/kc/users/store.go:148.3,150.41 3 1
github.com/zerodha/kite-mcp-server/kc/users/store.go:152.2,152.19 1 1
github.com/zerodha/kite-mcp-server/kc/users/store.go:156.39,158.15 2 1
github.com/zerodha/kite-mcp-server/kc/users/store.go:158.15,160.3 1 1
github.com/zerodha/kite-mcp-server/kc/users/store.go:162.2,163.39 2 1
github.com/zerodha/kite-mcp-server/kc/users/store.go:163.39,166.3 2 1
github.com/zerodha/kite-mcp-server/kc/users/store.go:167.2,170.31 4 1
github.com/zerodha/kite-mcp-server/kc/users/store.go:170.31,172.3 1 1
github.com/zerodha/kite-mcp-server/kc/users/store.go:173.2,173.31 1 1
github.com/zerodha/kite-mcp-server/kc/users/store.go:173.31,175.3 1 1
github.com/zerodha/kite-mcp-server/kc/users/store.go:176.2,176.23 1 1
github.com/zerodha/kite-mcp-server/kc/users/store.go:176.23,178.3 1 1
github.com/zerodha/kite-mcp-server/kc/users/store.go:179.2,179.25 1 1
github.com/zerodha/kite-mcp-server/kc/users/store.go:179.25,181.3 1 1
github.com/zerodha/kite-mcp-server/kc/users/store.go:182.2,182.30 1 1
github.com/zerodha/kite-mcp-server/kc/users/store.go:182.30,184.3 1 1
github.com/zerodha/kite-mcp-server/kc/users/store.go:185.2,188.17 3 1
github.com/zerodha/kite-mcp-server/kc/users/store.go:188.17,190.33 2 1
github.com/zerodha/kite-mcp-server/kc/users/store.go:190.33,192.4 1 1
github.com/zerodha/kite-mcp-server/kc/users/store.go:193.3,199.36 2 1
github.com/zerodha/kite-mcp-server/kc/users/store.go:199.36,201.4 1 1
github.com/zerodha/kite-mcp-server/kc/users/store.go:203.2,203.12 1 1
github.com/zerodha/kite-mcp-server/kc/users/store.go:207.49,211.9 4 1
github.com/zerodha/kite-mcp-server/kc/users/store.go:211.9,213.3 1 1
github.com/zerodha/kite-mcp-server/kc/users/store.go:214.2,215.18 2 1
github.com/zerodha/kite-mcp-server/kc/users/store.go:219.56,221.2 1 1
github.com/zerodha/kite-mcp-server/kc/users/store.go:224.43,229.2 4 1
github.com/zerodha/kite-mcp-server/kc/users/store.go:233.44,238.2 4 1
github.com/zerodha/kite-mcp-server/kc/users/store.go:241.48,245.9 4 1
github.com/zerodha/kite-mcp-server/kc/users/store.go:245.9,247.3 1 1
github.com/zerodha/kite-mcp-server/kc/users/store.go:248.2,248.17 1 1
github.com/zerodha/kite-mcp-server/kc/users/store.go:252.47,258.8 5 1
github.com/zerodha/kite-mcp-server/kc/users/store.go:258.8,261.3 2 1
github.com/zerodha/kite-mcp-server/kc/users/store.go:262.2,264.9 2 1
github.com/zerodha/kite-mcp-server/kc/users/store.go:264.9,266.3 1 1
github.com/zerodha/kite-mcp-server/kc/users/store.go:268.2,268.17 1 1
github.com/zerodha/kite-mcp-server/kc/users/store.go:268.17,270.148 2 1
github.com/zerodha/kite-mcp-server/kc/users/store.go:270.148,272.4 1 1
github.com/zerodha/kite-mcp-server/kc/users/store.go:277.54,278.67 1 1
github.com/zerodha/kite-mcp-server/kc/users/store.go:278.67,280.3 1 1
github.com/zerodha/kite-mcp-server/kc/users/store.go:281.2,286.9 5 1
github.com/zerodha/kite-mcp-server/kc/users/store.go:286.9,289.3 2 1
github.com/zerodha/kite-mcp-server/kc/users/store.go:290.2,294.17 4 1
github.com/zerodha/kite-mcp-server/kc/users/store.go:294.17,296.121 2 1
github.com/zerodha/kite-mcp-server/kc/users/store.go:296.121,298.4 1 1
github.com/zerodha/kite-mcp-server/kc/users/store.go:300.2,300.12 1 1
github.com/zerodha/kite-mcp-server/kc/users/store.go:304.58,305.87 1 1
github.com/zerodha/kite-mcp-server/kc/users/store.go:305.87,307.3 1 1
github.com/zerodha/kite-mcp-server/kc/users/store.go:308.2,313.9 5 1
github.com/zerodha/kite-mcp-server/kc/users/store.go:313.9,316.3 2 1
github.com/zerodha/kite-mcp-server/kc/users/store.go:317.2,321.17 4 1
github.com/zerodha/kite-mcp-server/kc/users/store.go:321.17,323.125 2 1
github.com/zerodha/kite-mcp-server/kc/users/store.go:323.125,325.4 1 1
github.com/zerodha/kite-mcp-server/kc/users/store.go:327.2,327.12 1 1
github.com/zerodha/kite-mcp-server/kc/users/store.go:331.54,337.8 5 1
github.com/zerodha/kite-mcp-server/kc/users/store.go:337.8,340.3 2 1
github.com/zerodha/kite-mcp-server/kc/users/store.go:341.2,343.23 2 1
github.com/zerodha/kite-mcp-server/kc/users/store.go:343.23,345.147 2 1
github.com/zerodha/kite-mcp-server/kc/users/store.go:345.147,347.4 1 1
github.com/zerodha/kite-mcp-server/kc/users/store.go:352.63,359.9 6 1
github.com/zerodha/kite-mcp-server/kc/users/store.go:359.9,362.3 2 1
github.com/zerodha/kite-mcp-server/kc/users/store.go:363.2,367.17 4 1
github.com/zerodha/kite-mcp-server/kc/users/store.go:367.17,371.17 1 1
github.com/zerodha/kite-mcp-server/kc/users/store.go:371.17,373.4 1 1
github.com/zerodha/kite-mcp-server/kc/users/store.go:375.2,375.12 1 1
github.com/zerodha/kite-mcp-server/kc/users/store.go:379.61,384.28 5 1
github.com/zerodha/kite-mcp-server/kc/users/store.go:384.28,385.33 1 1
github.com/zerodha/kite-mcp-server/kc/users/store.go:385.33,388.4 2 1
github.com/zerodha/kite-mcp-server/kc/users/store.go:390.2,390.15 1 1
github.com/zerodha/kite-mcp-server/kc/users/store.go:394.32,398.28 4 1
github.com/zerodha/kite-mcp-server/kc/users/store.go:398.28,401.3 2 1
github.com/zerodha/kite-mcp-server/kc/users/store.go:402.2,402.12 1 1
github.com/zerodha/kite-mcp-server/kc/users/store.go:406.29,410.2 3 1
github.com/zerodha/kite-mcp-server/kc/users/store.go:413.38,420.17 5 1
github.com/zerodha/kite-mcp-server/kc/users/store.go:420.17,421.102 1 1
github.com/zerodha/kite-mcp-server/kc/users/store.go:421.102,423.4 1 1
github.com/zerodha/kite-mcp-server/kc/users/store.go:429.43,431.15 2 1
github.com/zerodha/kite-mcp-server/kc/users/store.go:431.15,433.3 1 1
github.com/zerodha/kite-mcp-server/kc/users/store.go:435.2,439.12 4 1
github.com/zerodha/kite-mcp-server/kc/users/store.go:439.12,441.73 1 1
github.com/zerodha/kite-mcp-server/kc/users/store.go:441.73,443.4 1 1
github.com/zerodha/kite-mcp-server/kc/users/store.go:444.3,444.9 1 1
github.com/zerodha/kite-mcp-server/kc/users/store.go:448.2,458.55 3 1
github.com/zerodha/kite-mcp-server/kc/users/store.go:458.55,460.56 1 1
github.com/zerodha/kite-mcp-server/kc/users/store.go:460.56,462.4 1 1
github.com/zerodha/kite-mcp-server/kc/users/store.go:468.83,470.15 2 1
github.com/zerodha/kite-mcp-server/kc/users/store.go:470.15,472.3 1 1
github.com/zerodha/kite-mcp-server/kc/users/store.go:474.2,478.12 4 1
github.com/zerodha/kite-mcp-server/kc/users/store.go:478.12,481.3 2 1
github.com/zerodha/kite-mcp-server/kc/users/store.go:483.2,495.36 3 1
github.com/zerodha/kite-mcp-server/kc/users/store.go:495.36,500.13 4 1
github.com/zerodha/kite-mcp-server/kc/users/store.go:500.13,503.4 2 1
github.com/zerodha/kite-mcp-server/kc/users/store.go:504.3,504.13 1 0
github.com/zerodha/kite-mcp-server/kc/users/store.go:506.2,507.12 2 1
github.com/zerodha/kite-mcp-server/kc/users/store.go:512.48,514.2 1 1
github.com/zerodha/kite-mcp-server/kc/users/store.go:517.46,521.9 4 1
github.com/zerodha/kite-mcp-server/kc/users/store.go:521.9,523.3 1 1
github.com/zerodha/kite-mcp-server/kc/users/store.go:524.2,524.15 1 1
github.com/zerodha/kite-mcp-server/kc/users/store.go:528.59,534.9 5 1
github.com/zerodha/kite-mcp-server/kc/users/store.go:534.9,537.3 2 1
github.com/zerodha/kite-mcp-server/kc/users/store.go:538.2,542.17 4 1
github.com/zerodha/kite-mcp-server/kc/users/store.go:542.17,544.130 2 1
github.com/zerodha/kite-mcp-server/kc/users/store.go:544.130,546.4 1 1
github.com/zerodha/kite-mcp-server/kc/users/store.go:548.2,548.12 1 1
github.com/zerodha/kite-mcp-server/kc/users/store.go:553.48,558.2 4 1
github.com/zerodha/kite-mcp-server/kc/users/store.go:563.70,567.8 4 1
github.com/zerodha/kite-mcp-server/kc/users/store.go:567.8,569.3 1 1
github.com/zerodha/kite-mcp-server/kc/users/store.go:570.2,572.22 2 1
github.com/zerodha/kite-mcp-server/kc/users/store.go:572.22,578.3 3 1
github.com/zerodha/kite-mcp-server/kc/users/store.go:580.2,581.48 2 1
github.com/zerodha/kite-mcp-server/kc/users/store.go:581.48,583.3 1 1
github.com/zerodha/kite-mcp-server/kc/users/store.go:584.2,584.16 1 1
github.com/zerodha/kite-mcp-server/kc/users/store.go:584.16,586.3 1 1
github.com/zerodha/kite-mcp-server/kc/users/store.go:587.2,587.18 1 1
github.com/zerodha/kite-mcp-server/kc/users/store.go:591.26,593.2 1 1
